SF:lib\app\bootstrap\app_bootstrap.dart
DA:24,1
DA:31,1
DA:33,1
DA:45,1
DA:46,1
DA:49,0
DA:53,0
DA:56,1
DA:57,1
DA:58,1
DA:59,1
DA:61,2
DA:62,1
DA:64,2
DA:65,1
DA:66,1
DA:71,1
DA:72,1
DA:73,2
DA:74,1
DA:75,2
DA:78,2
DA:81,3
DA:82,2
DA:87,1
DA:88,1
DA:89,0
DA:90,0
DA:91,0
DA:93,4
DA:96,1
DA:101,1
DA:103,2
DA:104,3
DA:106,1
DA:107,2
DA:108,4
DA:109,1
DA:110,2
DA:111,3
DA:114,2
DA:118,1
DA:119,2
DA:120,2
DA:122,2
DA:123,2
DA:125,2
DA:126,2
DA:128,3
DA:133,2
DA:134,3
DA:138,2
DA:140,1
LF:53
LH:48
end_of_record
SF:lib\app\di\app_di.dart
DA:16,0
DA:18,12
DA:20,4
DA:21,8
DA:22,2
DA:24,8
DA:27,2
DA:30,2
DA:31,2
DA:32,2
DA:33,4
DA:34,2
DA:38,2
DA:39,6
DA:44,6
DA:46,2
DA:47,2
DA:50,2
DA:52,1
DA:56,1
DA:57,1
DA:61,1
DA:64,1
DA:65,1
DA:69,3
DA:76,3
DA:77,3
LF:27
LH:26
end_of_record
SF:lib\app\router\route_args.dart
DA:4,3
DA:10,2
DA:14,2
DA:22,2
DA:23,2
DA:24,2
DA:26,4
DA:30,2
DA:35,4
DA:45,2
DA:46,2
LF:11
LH:11
end_of_record
SF:lib\features\primary_sources\application\services\primary_source_reference_service.dart
DA:13,2
DA:27,2
DA:38,6
DA:39,5
DA:41,3
DA:42,3
DA:43,3
DA:47,6
DA:48,6
DA:55,3
DA:56,3
DA:57,3
DA:61,6
DA:62,6
DA:69,2
DA:76,2
DA:80,2
DA:88,2
DA:95,6
DA:99,2
DA:102,4
DA:107,2
DA:116,4
DA:120,2
DA:128,2
DA:138,2
DA:142,2
DA:143,4
DA:144,8
DA:145,4
DA:146,4
DA:147,4
DA:148,2
DA:149,2
DA:163,2
DA:167,2
DA:169,2
DA:173,2
DA:177,2
DA:180,2
DA:187,2
DA:189,2
DA:190,2
DA:196,3
DA:197,2
DA:198,3
DA:204,0
DA:205,0
DA:213,2
DA:222,2
DA:224,2
DA:225,2
DA:226,2
DA:232,3
DA:233,2
DA:234,1
DA:237,1
DA:240,1
DA:241,2
DA:242,1
DA:243,1
DA:247,1
DA:256,0
DA:259,0
DA:262,1
DA:263,2
DA:264,2
DA:265,2
DA:272,3
DA:273,6
LF:70
LH:66
end_of_record
SF:lib\features\primary_sources\data\repositories\primary_sources_db_repository.dart
DA:20,4
DA:30,11
DA:31,8
DA:33,2
DA:34,4
DA:43,2
DA:44,2
DA:45,7
DA:48,2
DA:49,2
DA:51,6
DA:52,2
DA:54,6
DA:55,2
DA:57,6
DA:58,2
DA:62,1
DA:63,1
DA:72,0
DA:73,0
DA:74,0
DA:75,0
DA:76,0
DA:80,2
DA:83,2
DA:88,2
DA:89,3
DA:90,2
DA:91,1
DA:96,2
DA:97,4
DA:101,2
DA:102,6
DA:104,2
DA:105,4
DA:106,4
DA:109,2
DA:110,4
DA:111,2
DA:113,2
DA:114,4
DA:115,2
DA:117,2
DA:118,4
DA:119,2
DA:121,2
DA:122,4
DA:123,4
DA:125,2
DA:126,4
DA:127,4
DA:130,6
DA:131,2
DA:132,2
DA:133,1
DA:134,1
DA:135,1
DA:136,1
DA:137,1
DA:138,1
DA:143,3
DA:144,2
DA:149,3
DA:150,1
DA:151,3
DA:152,1
DA:153,3
DA:154,1
DA:157,2
DA:158,3
DA:159,2
DA:160,1
DA:161,2
DA:162,1
DA:164,1
DA:165,1
DA:166,1
DA:167,1
DA:168,3
DA:169,3
DA:172,1
DA:174,1
DA:175,1
DA:176,1
DA:177,1
DA:178,1
DA:179,1
DA:180,1
DA:181,1
DA:182,1
DA:183,1
DA:184,1
DA:185,1
DA:186,1
DA:187,1
DA:190,1
DA:191,2
DA:192,1
DA:193,1
DA:195,4
DA:199,1
DA:201,1
DA:202,2
DA:203,1
DA:204,1
DA:207,1
DA:208,1
DA:211,2
DA:212,2
DA:215,0
DA:216,0
DA:217,0
DA:220,0
DA:221,0
DA:228,1
DA:229,2
DA:232,2
DA:235,1
DA:239,1
DA:240,1
DA:241,1
DA:242,1
DA:243,1
DA:244,1
DA:245,1
DA:246,1
DA:247,1
DA:248,1
DA:249,1
DA:250,1
DA:252,1
DA:253,1
DA:254,1
DA:255,1
DA:256,1
DA:257,1
DA:261,1
DA:262,1
DA:263,1
DA:264,2
DA:265,2
DA:266,1
DA:267,1
DA:268,1
DA:272,1
DA:273,1
DA:274,1
DA:275,1
DA:276,3
DA:277,2
DA:278,2
DA:282,1
DA:283,1
DA:284,4
DA:287,1
DA:288,1
DA:290,1
DA:292,0
DA:293,0
DA:294,0
DA:296,1
DA:299,1
DA:300,1
DA:302,1
DA:304,0
DA:306,0
DA:307,0
DA:308,0
DA:310,0
DA:312,1
DA:315,2
DA:319,2
DA:320,3
DA:321,1
DA:322,4
DA:327,1
DA:335,1
DA:336,2
DA:337,1
DA:339,1
DA:342,0
DA:343,0
DA:346,0
LF:183
LH:162
end_of_record
SF:lib\infra\db\runtime\database_runtime.dart
DA:12,2
DA:16,1
DA:17,1
DA:19,1
DA:25,1
DA:27,2
DA:28,2
DA:29,2
DA:32,1
DA:34,2
DA:35,2
DA:36,2
LF:12
LH:12
end_of_record
SF:lib\shared\models\page.dart
DA:11,11
DA:19,3
DA:22,2
DA:23,6
DA:24,6
DA:25,0
DA:26,0
DA:28,0
DA:29,0
LF:9
LH:5
end_of_record
SF:lib\shared\models\primary_source.dart
DA:26,17
LF:1
LH:1
end_of_record
SF:lib\shared\navigation\app_link_handler.dart
DA:25,1
DA:29,1
DA:35,2
DA:39,3
DA:47,3
DA:48,3
DA:52,3
DA:53,0
DA:60,3
DA:61,1
DA:68,2
DA:69,1
DA:72,2
DA:73,1
DA:80,2
DA:81,2
DA:89,0
DA:90,0
DA:93,0
DA:96,3
DA:97,9
DA:100,0
DA:105,0
DA:106,0
DA:107,0
DA:111,0
DA:112,0
DA:113,0
DA:117,0
DA:118,0
DA:121,0
DA:122,0
DA:126,1
DA:131,1
DA:132,5
DA:133,0
DA:137,3
DA:138,1
DA:139,0
DA:143,0
DA:144,0
DA:147,1
DA:149,1
DA:150,1
DA:151,1
DA:155,1
DA:160,1
DA:161,2
DA:162,0
DA:166,2
DA:167,1
DA:168,0
DA:172,2
DA:173,0
DA:174,0
DA:177,0
DA:179,0
DA:181,0
DA:184,1
DA:185,2
DA:187,0
DA:192,0
DA:195,1
DA:199,0
DA:203,1
DA:208,1
DA:209,2
DA:210,0
DA:214,2
DA:215,1
DA:216,0
DA:220,1
DA:221,0
DA:225,2
DA:227,0
DA:234,1
DA:240,0
DA:244,0
DA:248,2
DA:254,2
DA:255,8
DA:256,0
DA:260,4
DA:261,2
DA:262,0
DA:269,4
DA:270,4
DA:271,2
DA:272,0
DA:277,4
DA:278,6
DA:279,2
DA:280,0
DA:286,1
DA:292,3
DA:296,0
DA:297,0
DA:300,2
DA:304,0
DA:305,0
DA:306,0
DA:307,0
DA:311,0
DA:312,0
DA:313,0
DA:317,0
DA:319,0
DA:320,0
DA:322,0
DA:323,0
DA:324,0
DA:327,0
DA:328,0
DA:329,0
DA:331,0
LF:115
LH:57
end_of_record
SF:lib\features\settings\data\repositories\settings_repository.dart
DA:10,2
DA:11,2
DA:12,2
DA:14,2
DA:15,2
DA:21,2
DA:22,2
DA:25,2
DA:26,2
DA:27,4
DA:28,2
LF:11
LH:11
end_of_record
SF:lib\shared\models\app_settings.dart
DA:7,13
DA:14,5
DA:15,5
DA:16,5
DA:17,5
DA:18,5
DA:19,5
DA:23,3
DA:24,3
DA:25,3
DA:26,3
DA:27,3
DA:28,3
DA:32,13
DA:35,13
DA:36,39
DA:37,39
DA:38,39
DA:39,39
DA:40,39
DA:43,0
DA:44,0
DA:45,0
DA:46,0
DA:47,0
DA:48,0
LF:26
LH:20
end_of_record
SF:lib\features\primary_sources\presentation\widgets\strong_dictionary_dialog.dart
DA:7,1
DA:11,1
DA:14,1
DA:15,1
DA:22,1
DA:24,1
DA:25,1
DA:34,1
DA:36,1
DA:37,3
DA:40,1
DA:42,1
DA:43,1
DA:44,1
DA:45,1
DA:47,4
DA:48,4
DA:50,3
DA:52,1
DA:54,1
DA:55,1
DA:56,2
DA:57,1
DA:62,1
DA:63,1
DA:64,1
DA:66,3
DA:71,1
DA:74,1
DA:75,0
DA:77,0
DA:78,0
DA:79,0
DA:82,0
DA:83,0
DA:87,1
DA:88,1
DA:89,0
DA:90,2
DA:96,0
DA:100,0
DA:103,0
DA:104,0
DA:109,0
DA:113,0
DA:114,0
LF:46
LH:32
end_of_record
SF:lib\infra\remote\supabase\server_manager.dart
DA:7,30
DA:8,10
DA:10,10
DA:11,10
DA:14,2
DA:17,2
DA:18,4
DA:21,0
DA:22,0
DA:27,6
DA:29,6
DA:32,0
DA:37,1
DA:39,1
DA:40,1
DA:41,2
DA:46,1
DA:47,2
DA:49,3
DA:51,1
DA:56,1
DA:62,3
DA:67,6
DA:72,9
DA:73,3
DA:74,9
DA:75,6
DA:77,18
DA:82,6
DA:84,9
DA:85,3
DA:86,3
DA:87,3
DA:88,3
DA:89,9
DA:92,18
DA:97,3
DA:99,9
DA:102,9
LF:39
LH:36
end_of_record
SF:lib\core\logging\common_logger.dart
DA:4,64
LF:1
LH:1
end_of_record
SF:lib\core\platform\platform_utils.dart
DA:13,7
DA:14,7
DA:18,14
DA:22,1
DA:23,1
DA:26,2
DA:30,15
DA:34,1
DA:38,2
DA:39,2
DA:42,1
DA:43,1
DA:46,1
DA:51,1
DA:52,2
DA:55,1
DA:56,1
DA:59,1
DA:60,1
DA:63,1
DA:64,1
DA:67,2
DA:68,2
DA:71,13
DA:72,13
DA:75,13
DA:82,13
DA:84,1
DA:86,13
DA:87,13
DA:88,26
DA:89,3
DA:90,26
DA:91,52
DA:97,2
DA:102,1
DA:103,1
DA:106,1
DA:110,1
DA:112,1
DA:117,2
DA:122,1
DA:123,1
DA:127,1
DA:130,2
LF:45
LH:45
end_of_record
SF:lib\features\primary_sources\application\orchestrators\page_settings_orchestrator.dart
DA:9,6
DA:51,5
DA:56,1
DA:60,3
DA:65,3
DA:66,3
DA:67,1
DA:71,1
DA:72,1
DA:74,2
DA:75,2
DA:76,1
DA:77,1
DA:78,1
DA:79,1
DA:80,1
DA:81,1
DA:82,1
DA:83,1
DA:87,1
DA:102,1
DA:108,3
DA:109,1
DA:121,3
DA:122,4
DA:126,1
DA:130,1
DA:134,3
DA:135,3
DA:136,4
LF:30
LH:30
end_of_record
SF:lib\features\primary_sources\data\repositories\pages_repository.dart
DA:9,1
DA:10,1
DA:11,1
DA:13,2
DA:15,1
DA:16,1
DA:19,1
DA:20,1
DA:21,2
DA:22,1
LF:10
LH:10
end_of_record
SF:lib\features\primary_sources\presentation\bloc\primary_sources_cubit.dart
DA:11,12
DA:16,3
DA:17,6
DA:18,3
DA:22,3
DA:23,6
DA:33,6
DA:34,3
DA:38,3
DA:39,4
DA:40,6
DA:41,4
DA:43,8
DA:47,3
DA:48,3
DA:49,3
DA:50,6
DA:52,3
DA:53,3
DA:54,3
DA:60,1
DA:63,3
DA:64,1
DA:65,2
DA:67,1
DA:77,3
DA:78,9
DA:81,4
DA:83,8
DA:84,4
LF:30
LH:30
end_of_record
SF:lib\features\primary_sources\presentation\bloc\primary_source_page_settings_cubit.dart
DA:9,4
DA:10,4
DA:14,2
DA:18,4
DA:22,2
DA:25,2
DA:29,2
DA:30,2
DA:33,2
DA:34,4
DA:35,2
DA:36,2
DA:37,2
DA:38,2
DA:39,2
DA:40,2
DA:41,2
DA:42,2
DA:47,2
DA:48,10
DA:51,1
DA:52,5
DA:55,1
DA:56,3
DA:59,1
DA:60,3
DA:63,1
DA:64,5
DA:67,1
DA:68,5
DA:71,1
DA:72,5
DA:75,2
DA:83,4
DA:90,4
DA:91,4
DA:92,4
DA:93,4
DA:94,4
DA:95,4
DA:96,4
DA:98,6
DA:101,1
DA:105,2
DA:109,1
DA:112,1
DA:113,1
LF:47
LH:47
end_of_record
SF:lib\features\topics\presentation\bloc\topic_content_cubit.dart
DA:13,4
DA:24,4
DA:25,8
DA:31,12
DA:32,4
DA:33,4
DA:34,8
DA:35,24
DA:50,4
DA:51,8
DA:52,8
DA:53,2
DA:54,4
DA:63,4
DA:64,8
DA:65,4
DA:67,4
DA:68,4
DA:75,8
DA:76,8
DA:78,8
DA:79,3
DA:80,6
DA:81,3
DA:83,3
DA:84,3
DA:93,4
DA:94,2
DA:97,1
DA:100,1
DA:101,1
DA:102,1
DA:104,1
DA:105,2
DA:106,1
DA:108,1
DA:109,1
DA:118,1
DA:119,1
DA:121,2
DA:122,2
DA:123,1
DA:126,1
DA:129,1
DA:130,3
DA:131,1
DA:133,2
DA:138,1
DA:139,2
DA:140,1
DA:144,1
DA:151,1
DA:152,1
DA:153,1
DA:159,2
DA:164,2
DA:169,1
DA:170,1
DA:171,2
DA:172,2
DA:175,2
DA:176,2
DA:179,2
DA:183,1
DA:184,2
DA:187,2
DA:193,1
DA:194,3
DA:196,4
DA:198,8
DA:199,4
LF:71
LH:71
end_of_record
SF:lib\app\router\app_router.dart
DA:17,6
DA:19,2
DA:20,2
DA:23,2
DA:28,4
DA:29,2
DA:30,2
DA:31,2
DA:34,1
DA:35,2
DA:36,1
DA:39,1
DA:43,2
DA:46,1
DA:47,1
DA:48,1
DA:49,2
DA:52,2
DA:53,3
DA:54,1
DA:56,1
DA:63,2
DA:64,1
DA:67,1
DA:68,1
DA:69,1
DA:70,1
DA:75,2
DA:78,1
DA:79,2
DA:80,1
DA:83,1
DA:87,2
DA:90,1
DA:91,1
DA:92,1
DA:95,2
DA:96,3
DA:97,1
DA:99,1
DA:105,2
DA:106,1
DA:109,1
DA:110,1
DA:111,1
DA:112,1
DA:117,2
DA:120,1
DA:121,2
DA:122,1
DA:125,1
DA:129,2
DA:132,1
DA:133,2
DA:134,1
DA:137,1
DA:141,2
DA:144,1
DA:145,2
DA:146,1
DA:149,1
DA:154,8
DA:158,1
DA:163,1
DA:164,1
DA:165,1
DA:166,1
DA:168,1
DA:169,1
DA:170,1
DA:173,1
DA:181,1
DA:182,2
DA:183,2
DA:185,2
DA:186,3
LF:76
LH:76
end_of_record
SF:lib\core\audio\audio_controller.dart
DA:7,22
DA:8,8
DA:9,8
DA:10,16
DA:12,1
DA:14,1
DA:16,1
DA:21,1
DA:23,1
DA:30,0
DA:32,2
DA:33,6
DA:34,2
DA:36,4
DA:37,2
DA:38,2
DA:45,2
DA:47,2
DA:52,3
DA:56,3
DA:60,3
DA:66,6
DA:68,14
DA:69,4
DA:72,0
DA:76,1
DA:78,2
LF:27
LH:25
end_of_record
SF:lib\features\primary_sources\presentation\screens\primary_source_screen.dart
DA:33,5
DA:40,5
DA:49,1
DA:56,0
DA:57,0
DA:69,0
DA:71,0
DA:72,0
DA:75,0
DA:77,0
DA:78,0
DA:79,0
DA:80,0
DA:83,0
DA:85,0
DA:86,0
DA:87,0
DA:88,0
DA:89,0
DA:93,0
DA:95,0
DA:96,0
DA:97,0
DA:98,0
DA:99,0
DA:103,0
DA:105,0
DA:106,0
DA:107,0
DA:108,0
DA:110,0
DA:111,0
DA:112,0
DA:113,0
DA:114,0
DA:115,0
DA:117,0
DA:118,0
DA:119,0
DA:121,0
DA:124,0
DA:125,0
DA:127,0
DA:128,0
DA:130,0
DA:131,0
DA:134,0
DA:135,0
DA:136,0
DA:137,0
DA:138,0
DA:140,0
DA:141,0
DA:143,0
DA:144,0
DA:145,0
DA:153,0
DA:165,0
DA:169,0
DA:170,0
DA:171,0
DA:172,0
DA:174,0
DA:175,0
DA:176,0
DA:177,0
DA:178,0
DA:180,0
DA:181,0
DA:184,0
DA:186,0
DA:187,0
DA:188,0
DA:189,0
DA:190,0
DA:191,0
DA:192,0
DA:193,0
DA:199,0
DA:200,0
DA:201,0
DA:203,0
DA:209,0
DA:211,0
DA:212,0
DA:213,0
DA:214,0
DA:215,0
DA:217,0
DA:218,0
DA:222,0
DA:224,0
DA:225,0
DA:226,0
DA:227,0
DA:228,0
DA:232,0
DA:234,0
DA:235,0
DA:236,0
DA:237,0
DA:243,0
DA:244,0
DA:252,0
DA:256,0
DA:260,0
DA:269,0
DA:271,0
DA:272,0
DA:273,0
DA:274,0
DA:281,0
DA:282,0
DA:283,0
DA:284,0
DA:288,0
DA:289,0
DA:290,0
DA:293,0
DA:295,0
DA:296,0
DA:300,0
DA:301,0
DA:302,0
DA:307,0
DA:312,0
DA:313,0
DA:314,0
DA:316,0
DA:317,0
DA:318,0
DA:327,0
DA:328,0
DA:330,0
DA:331,0
DA:332,0
DA:333,0
DA:348,0
DA:349,0
DA:350,0
DA:351,0
DA:352,0
DA:358,0
DA:359,0
DA:361,0
DA:362,0
DA:364,0
DA:367,0
DA:369,0
DA:370,0
DA:371,0
DA:372,0
DA:373,0
DA:374,0
DA:375,0
DA:378,0
DA:381,0
DA:383,0
DA:384,0
DA:385,0
DA:386,0
DA:387,0
DA:388,0
DA:391,0
DA:394,0
DA:396,0
DA:397,0
DA:401,0
DA:404,0
DA:420,0
DA:421,0
DA:422,0
DA:423,0
DA:425,0
DA:428,0
DA:429,0
DA:431,0
DA:434,0
DA:435,0
DA:437,0
DA:440,0
DA:441,0
DA:442,0
DA:444,0
DA:452,0
DA:456,0
DA:457,0
DA:458,0
DA:459,0
DA:461,0
DA:464,0
DA:466,0
DA:467,0
DA:468,0
DA:471,0
DA:474,0
DA:476,0
DA:477,0
DA:482,0
DA:483,0
DA:485,0
DA:493,0
DA:495,0
DA:496,0
DA:498,0
DA:501,0
DA:502,0
DA:504,0
DA:505,0
DA:515,0
DA:516,0
DA:517,0
DA:518,0
DA:519,0
DA:523,0
DA:524,0
DA:525,0
DA:529,0
DA:530,0
DA:537,0
DA:542,0
DA:545,0
DA:546,0
DA:551,0
DA:555,0
DA:557,0
DA:561,0
DA:562,0
DA:566,0
DA:568,0
DA:569,0
DA:573,0
DA:575,0
DA:576,0
DA:579,0
DA:581,0
DA:583,0
DA:589,0
DA:596,0
DA:597,0
DA:599,0
DA:601,0
DA:602,0
DA:606,0
DA:607,0
DA:617,0
DA:619,0
DA:623,0
DA:626,0
DA:628,0
DA:636,0
DA:643,0
DA:645,0
DA:646,0
DA:652,0
DA:653,0
DA:657,0
DA:658,0
DA:661,0
DA:662,0
DA:663,0
DA:664,0
DA:672,0
DA:673,0
DA:677,0
DA:680,0
DA:683,0
DA:684,0
DA:687,0
DA:691,0
DA:692,0
DA:693,0
DA:694,0
DA:695,0
DA:699,0
DA:705,0
DA:706,0
DA:707,0
DA:708,0
DA:710,0
DA:713,0
DA:715,0
DA:716,0
DA:719,0
DA:722,0
DA:724,0
DA:725,0
DA:726,0
DA:727,0
DA:728,0
DA:729,0
DA:730,0
DA:733,0
DA:736,0
DA:737,0
DA:740,0
DA:741,0
DA:754,0
DA:755,0
DA:758,0
DA:759,0
DA:760,0
DA:762,0
DA:766,0
DA:768,0
DA:769,0
DA:770,0
DA:771,0
DA:772,0
DA:773,0
DA:774,0
DA:775,0
DA:777,0
DA:778,0
DA:780,0
DA:786,0
DA:790,0
DA:792,0
DA:794,0
DA:795,0
DA:796,0
DA:797,0
DA:800,0
DA:802,0
DA:803,0
DA:804,0
DA:806,0
DA:807,0
DA:809,0
DA:810,0
DA:820,0
DA:824,0
DA:826,0
DA:829,0
DA:830,0
DA:831,0
DA:832,0
DA:835,0
DA:837,0
DA:839,0
DA:840,0
DA:847,0
DA:848,0
DA:849,0
DA:850,0
DA:851,0
DA:852,0
DA:853,0
DA:854,0
DA:855,0
DA:856,0
DA:857,0
DA:867,0
DA:869,0
DA:871,0
DA:872,0
DA:873,0
DA:876,0
DA:880,0
DA:881,0
DA:882,0
DA:883,0
DA:884,0
DA:886,0
DA:887,0
DA:890,0
DA:893,0
DA:897,0
DA:898,0
DA:901,0
DA:904,0
DA:907,0
DA:911,0
DA:914,0
DA:918,0
DA:919,0
DA:923,0
DA:924,0
DA:925,0
DA:930,0
DA:933,0
DA:934,0
DA:935,0
DA:936,0
DA:940,0
DA:949,0
DA:950,0
DA:953,0
DA:957,0
DA:958,0
DA:964,0
DA:968,0
DA:971,0
DA:974,0
DA:977,0
DA:978,0
DA:983,0
DA:984,0
DA:989,0
DA:990,0
DA:991,0
DA:992,0
DA:993,0
DA:994,0
DA:995,0
DA:996,0
DA:998,0
DA:1002,0
DA:1006,0
DA:1009,0
DA:1013,0
DA:1017,0
DA:1018,0
DA:1019,0
DA:1022,0
DA:1025,0
DA:1026,0
DA:1027,0
DA:1029,0
DA:1030,0
DA:1032,0
DA:1033,0
DA:1036,0
DA:1037,0
DA:1038,0
LF:425
LH:3
end_of_record
SF:lib\features\primary_sources\presentation\screens\primary_sources_screen.dart
DA:16,1
DA:18,2
DA:19,2
DA:27,2
DA:29,2
DA:30,8
DA:33,2
DA:35,4
DA:36,2
DA:39,2
DA:41,2
DA:42,4
DA:43,2
DA:44,2
DA:45,6
DA:46,0
DA:47,0
DA:48,2
DA:49,2
DA:50,6
DA:51,6
DA:52,6
DA:54,2
DA:55,2
DA:57,2
DA:58,2
DA:59,2
DA:60,2
DA:61,2
DA:62,2
DA:63,4
DA:65,2
DA:66,2
DA:67,2
DA:68,2
DA:69,2
DA:72,2
DA:73,2
DA:74,2
DA:75,2
DA:76,2
DA:77,2
DA:78,4
DA:80,2
DA:82,2
DA:83,4
DA:89,1
DA:90,1
DA:91,1
DA:92,1
DA:93,1
DA:94,1
DA:95,2
DA:97,1
DA:99,1
DA:100,1
DA:101,1
DA:103,1
DA:109,2
DA:110,2
DA:112,2
DA:113,2
DA:115,2
DA:117,2
DA:118,2
DA:119,2
DA:121,2
DA:122,4
DA:127,2
DA:128,2
DA:130,2
DA:131,4
DA:137,2
DA:139,2
DA:140,2
DA:141,2
DA:142,2
DA:144,8
DA:145,2
DA:146,6
DA:147,2
DA:148,1
DA:149,6
DA:151,8
DA:152,2
DA:153,4
DA:154,6
DA:156,4
DA:157,1
DA:158,2
DA:159,8
DA:161,8
DA:162,2
DA:165,2
DA:166,1
DA:167,2
DA:168,1
DA:169,1
DA:173,2
DA:174,4
DA:175,4
DA:176,2
DA:182,4
DA:183,0
DA:184,0
DA:185,0
DA:186,0
DA:187,0
DA:188,0
DA:192,0
DA:193,0
DA:194,0
DA:195,0
DA:196,0
DA:198,0
DA:199,0
DA:201,0
DA:204,0
DA:205,0
DA:209,0
DA:210,0
DA:211,0
DA:212,0
DA:220,4
DA:227,2
DA:228,2
DA:229,2
DA:230,2
DA:232,2
DA:234,2
DA:237,4
DA:238,2
DA:245,1
DA:246,1
DA:247,1
DA:248,1
DA:249,3
DA:251,1
DA:254,1
DA:255,3
LF:140
LH:118
end_of_record
SF:lib\core\async\latest_request_guard.dart
DA:2,9
DA:10,9
DA:11,18
DA:12,18
DA:15,9
DA:16,27
DA:19,10
DA:20,20
LF:8
LH:8
end_of_record
SF:lib\core\diagnostics\diagnostics_utils.dart
DA:18,1
DA:22,1
DA:25,1
DA:28,1
DA:31,1
DA:34,0
DA:40,1
DA:46,1
DA:47,1
DA:48,1
DA:49,2
DA:54,1
DA:55,1
DA:56,2
DA:57,1
DA:59,1
DA:61,2
DA:62,2
DA:63,2
DA:64,2
DA:65,2
DA:66,2
DA:68,0
DA:73,1
DA:74,1
DA:75,2
DA:76,2
DA:77,2
DA:78,2
DA:79,2
DA:81,1
DA:85,2
DA:86,1
DA:87,2
DA:88,1
DA:93,1
DA:95,1
DA:96,1
DA:102,1
DA:107,1
DA:110,1
DA:111,3
DA:112,3
DA:113,2
DA:114,3
DA:116,1
DA:117,1
DA:119,3
DA:120,3
DA:121,2
DA:123,0
DA:127,1
DA:132,1
DA:136,2
DA:138,3
DA:140,1
DA:141,3
DA:142,4
DA:144,1
DA:149,1
DA:151,2
DA:154,1
DA:155,1
DA:157,0
DA:160,1
DA:163,1
DA:169,1
DA:170,1
DA:171,3
DA:172,2
DA:173,2
DA:175,1
DA:176,1
DA:177,2
DA:178,2
DA:179,2
DA:180,3
DA:181,3
DA:182,2
DA:184,1
DA:185,1
DA:186,2
DA:187,2
DA:188,2
DA:189,2
DA:190,2
DA:191,3
DA:193,1
DA:194,1
DA:195,2
DA:196,2
DA:197,2
DA:198,2
DA:199,2
DA:200,2
DA:202,1
DA:203,1
DA:204,2
DA:205,2
DA:206,2
DA:207,2
DA:208,2
DA:209,2
DA:210,2
DA:211,2
DA:213,1
DA:214,1
DA:215,2
DA:216,2
DA:217,2
DA:219,1
DA:220,1
LF:112
LH:108
end_of_record
SF:lib\core\errors\app_failure.dart
DA:4,10
DA:16,5
DA:20,5
DA:27,5
DA:31,5
DA:38,9
DA:42,9
DA:49,6
DA:53,6
DA:60,1
DA:62,4
DA:65,9
DA:68,6
DA:69,18
DA:70,18
DA:71,18
DA:74,2
DA:75,6
LF:18
LH:18
end_of_record
SF:lib\core\errors\app_result.dart
DA:4,13
DA:6,2
DA:8,2
DA:10,1
DA:15,1
DA:16,2
DA:18,2
DA:23,8
DA:29,7
LF:9
LH:9
end_of_record
SF:lib\core\platform\stub.dart
DA:1,1
DA:5,2
DA:9,2
DA:13,2
LF:4
LH:4
end_of_record
SF:lib\core\platform\file_downloader_native.dart
DA:6,1
DA:11,1
DA:15,1
DA:21,1
DA:22,3
DA:25,1
DA:26,3
DA:27,1
DA:28,1
DA:31,1
DA:32,1
DA:33,1
DA:34,2
LF:13
LH:13
end_of_record
SF:lib\features\about\presentation\bloc\about_cubit.dart
DA:14,3
DA:24,3
DA:25,6
DA:27,4
DA:36,3
DA:37,9
DA:39,3
DA:40,6
DA:41,2
DA:44,4
DA:45,2
DA:48,2
DA:49,2
DA:52,2
DA:53,4
DA:54,2
DA:55,2
DA:57,2
DA:58,2
DA:64,1
DA:67,1
DA:68,2
DA:70,1
DA:80,2
DA:81,6
DA:84,2
DA:85,6
DA:88,2
DA:89,6
DA:92,3
DA:93,4
DA:96,2
DA:97,2
DA:101,4
DA:102,2
DA:103,2
DA:105,2
DA:106,2
DA:107,2
DA:111,2
DA:113,4
DA:115,2
DA:121,3
DA:122,3
DA:123,3
DA:129,0
DA:131,0
DA:139,2
LF:48
LH:46
end_of_record
SF:lib\features\about\presentation\bloc\about_state.dart
DA:7,9
DA:20,4
DA:45,4
DA:58,4
DA:59,4
DA:60,4
DA:61,4
DA:62,3
DA:63,4
DA:65,4
DA:67,4
DA:69,4
DA:72,4
DA:74,3
DA:78,4
DA:81,4
DA:82,12
DA:83,12
DA:84,12
DA:85,12
DA:86,12
DA:87,12
DA:88,12
DA:89,12
DA:90,12
DA:91,12
DA:92,12
DA:95,1
DA:96,1
DA:97,1
DA:98,1
DA:99,1
DA:100,1
DA:101,1
DA:102,1
DA:103,1
DA:104,1
DA:105,1
DA:106,1
LF:39
LH:39
end_of_record
SF:lib\features\about\presentation\screens\about_screen.dart
DA:46,0
DA:47,0
DA:50,0
DA:51,0
DA:54,0
DA:58,0
DA:64,1
DA:65,1
DA:70,6
DA:90,2
DA:102,2
DA:103,2
DA:113,2
DA:115,2
DA:116,8
DA:117,10
DA:121,2
DA:123,4
DA:124,4
DA:125,2
DA:128,2
DA:130,2
DA:131,2
DA:132,2
DA:133,8
DA:135,2
DA:136,8
DA:139,2
DA:140,2
DA:141,2
DA:142,2
DA:143,2
DA:144,2
DA:145,2
DA:146,4
DA:151,1
DA:152,1
DA:153,1
DA:155,1
DA:157,1
DA:159,1
DA:161,1
DA:162,2
DA:163,3
DA:164,1
DA:168,2
DA:170,1
DA:171,1
DA:172,0
DA:174,1
DA:175,2
DA:177,1
DA:178,1
DA:179,2
DA:181,1
DA:182,1
DA:183,1
DA:184,2
DA:186,1
DA:187,1
DA:188,1
DA:189,2
DA:191,1
DA:192,1
DA:193,2
DA:195,1
DA:196,2
DA:198,2
DA:199,1
DA:200,2
DA:202,1
DA:203,1
DA:204,5
DA:205,3
DA:206,1
DA:211,1
DA:218,2
DA:219,1
DA:220,1
DA:221,2
DA:222,2
DA:223,1
DA:224,2
DA:228,1
DA:229,1
DA:230,5
DA:231,5
DA:232,2
DA:233,2
DA:237,1
DA:238,2
DA:239,2
DA:240,1
DA:248,1
DA:249,1
DA:250,1
DA:252,1
DA:253,1
DA:254,2
DA:255,3
DA:260,1
DA:261,2
DA:262,3
DA:268,1
DA:277,1
DA:282,1
DA:283,1
DA:284,1
DA:285,3
DA:287,1
DA:290,1
DA:291,1
DA:292,1
DA:298,1
DA:300,1
DA:301,1
DA:302,1
DA:303,3
DA:305,1
DA:308,1
DA:309,4
DA:312,1
DA:313,1
DA:315,1
DA:318,1
DA:319,4
DA:323,1
DA:324,1
DA:326,1
DA:329,1
DA:330,5
DA:340,1
DA:344,0
DA:347,1
DA:354,0
DA:355,0
DA:357,0
DA:358,0
DA:359,0
DA:362,1
DA:363,1
DA:364,1
DA:365,1
DA:366,1
DA:367,1
DA:368,1
DA:369,1
DA:370,1
DA:371,1
DA:373,1
DA:377,1
DA:378,1
DA:379,1
DA:380,1
DA:383,5
DA:387,1
DA:389,2
DA:390,5
DA:392,1
DA:394,2
DA:395,5
DA:401,1
DA:402,1
DA:403,1
DA:404,1
DA:406,2
DA:407,1
DA:408,4
DA:410,1
DA:412,2
DA:413,1
DA:414,4
DA:417,1
DA:419,2
DA:420,1
DA:421,4
DA:424,1
DA:426,2
DA:427,5
DA:428,1
DA:429,1
DA:436,1
DA:437,1
DA:439,1
DA:440,1
DA:443,1
DA:444,1
DA:449,1
DA:454,1
DA:465,1
DA:466,1
DA:467,1
DA:469,1
DA:470,1
DA:471,1
DA:472,2
DA:473,2
DA:477,1
DA:478,1
DA:479,1
DA:483,2
DA:486,1
DA:487,2
DA:488,3
DA:490,1
DA:495,1
DA:497,3
DA:498,1
DA:499,2
DA:500,3
DA:501,1
DA:504,1
DA:505,3
DA:506,1
DA:507,2
DA:508,3
DA:509,1
DA:512,1
DA:517,1
DA:518,1
DA:519,1
DA:521,1
DA:522,1
DA:523,1
DA:524,2
DA:525,2
DA:529,1
DA:530,1
DA:531,1
DA:535,2
DA:538,1
DA:539,2
DA:540,3
DA:542,1
DA:547,1
DA:549,3
DA:550,1
DA:551,2
DA:552,3
DA:553,1
DA:556,1
DA:561,1
DA:562,1
DA:563,1
DA:565,1
DA:568,1
DA:569,1
DA:570,2
DA:571,2
DA:573,1
DA:574,1
DA:575,1
DA:579,2
DA:582,1
DA:583,2
DA:584,3
DA:586,1
DA:591,1
DA:592,2
DA:593,1
DA:595,1
DA:596,1
DA:597,1
DA:598,1
DA:599,4
DA:603,0
DA:604,0
DA:610,1
DA:611,1
DA:612,1
DA:613,1
DA:615,2
DA:616,1
DA:618,1
DA:619,1
DA:620,3
DA:621,1
DA:622,1
DA:623,4
DA:624,1
DA:625,5
DA:626,1
DA:628,1
DA:629,1
DA:632,1
DA:633,4
DA:634,1
DA:638,1
DA:639,2
DA:640,2
DA:642,2
DA:643,4
DA:644,1
DA:646,4
DA:647,1
DA:649,1
DA:653,1
DA:656,0
DA:657,0
DA:660,0
DA:668,1
DA:670,4
DA:671,3
DA:672,3
DA:676,1
DA:677,1
DA:678,1
DA:680,1
DA:682,2
DA:683,2
DA:687,2
DA:693,2
DA:694,2
DA:695,3
DA:697,0
DA:698,0
DA:701,2
DA:702,2
DA:703,3
DA:705,0
DA:706,0
DA:711,0
DA:715,2
DA:716,2
DA:717,3
DA:720,2
DA:721,1
DA:723,0
DA:726,0
DA:728,1
DA:729,1
DA:730,1
DA:734,1
DA:735,1
DA:736,1
DA:739,2
DA:740,2
DA:742,1
DA:744,0
DA:745,0
DA:749,1
DA:752,1
DA:753,1
DA:756,4
DA:758,0
DA:759,0
DA:762,1
DA:766,2
DA:767,1
DA:768,0
DA:769,0
DA:773,1
DA:774,1
DA:775,3
DA:781,0
DA:782,0
DA:785,1
DA:787,1
DA:789,4
DA:790,1
DA:791,1
DA:793,1
DA:794,3
LF:363
LH:330
end_of_record
SF:lib\features\about\presentation\widgets\icon_url.dart
DA:10,1
DA:17,2
DA:19,2
DA:20,2
DA:21,2
DA:23,3
LF:6
LH:6
end_of_record
SF:lib\features\about\presentation\widgets\institution_card.dart
DA:10,2
DA:12,2
DA:17,2
DA:18,2
DA:20,2
DA:22,2
DA:23,2
DA:26,0
DA:27,2
DA:28,4
DA:31,2
DA:33,2
DA:34,4
DA:35,6
DA:37,2
DA:40,2
DA:45,2
DA:46,2
DA:47,2
DA:48,2
DA:49,8
DA:51,6
DA:52,4
DA:53,6
DA:54,2
DA:55,1
DA:56,1
DA:58,1
DA:59,1
DA:61,1
DA:63,2
DA:67,2
DA:68,2
DA:70,6
DA:71,2
DA:77,6
DA:78,1
DA:79,1
DA:81,3
DA:82,1
DA:89,2
DA:90,2
DA:92,6
DA:93,2
DA:99,2
DA:105,6
DA:107,4
DA:108,0
DA:111,0
DA:115,0
DA:119,2
DA:120,1
DA:123,1
DA:131,2
DA:134,2
DA:138,2
DA:140,2
LF:57
LH:53
end_of_record
SF:lib\features\about\presentation\widgets\institution_list.dart
DA:10,5
DA:12,2
DA:14,2
DA:20,2
DA:22,2
DA:23,4
DA:24,2
DA:29,2
DA:31,2
DA:32,2
DA:34,2
DA:35,2
DA:36,2
DA:37,2
DA:38,2
DA:39,2
DA:41,6
DA:42,2
DA:44,2
DA:45,1
DA:46,1
DA:48,1
DA:51,2
DA:52,4
LF:24
LH:24
end_of_record
SF:lib\features\about\presentation\widgets\library_card.dart
DA:10,2
DA:12,2
DA:16,2
DA:17,2
DA:19,2
DA:21,2
DA:22,2
DA:25,0
DA:26,2
DA:29,2
DA:31,2
DA:32,6
DA:33,6
DA:35,2
DA:38,2
DA:39,0
DA:40,6
DA:41,1
DA:42,5
DA:43,1
DA:44,1
DA:46,1
DA:49,2
DA:50,4
DA:51,2
DA:52,2
DA:53,2
DA:61,2
DA:62,2
DA:64,4
DA:65,4
DA:66,4
DA:67,4
DA:68,4
DA:69,4
DA:70,4
DA:71,4
DA:74,2
DA:75,6
DA:76,2
DA:80,2
DA:82,4
DA:86,3
DA:87,1
DA:89,3
DA:90,1
DA:98,1
DA:103,2
LF:48
LH:46
end_of_record
SF:lib\features\about\presentation\widgets\library_list.dart
DA:10,5
DA:12,2
DA:14,2
DA:20,2
DA:22,2
DA:23,4
DA:24,2
DA:29,2
DA:31,2
DA:32,2
DA:34,2
DA:35,2
DA:36,2
DA:37,2
DA:38,2
DA:39,2
DA:41,6
DA:42,2
DA:44,2
DA:45,0
DA:46,0
DA:49,2
DA:50,4
LF:23
LH:21
end_of_record
SF:lib\features\about\presentation\widgets\recommended_card.dart
DA:9,2
DA:11,2
DA:16,2
DA:17,2
DA:19,2
DA:21,2
DA:22,2
DA:25,0
DA:26,2
DA:27,4
DA:30,2
DA:32,2
DA:33,4
DA:34,6
DA:36,2
DA:43,2
DA:49,6
DA:51,4
DA:52,1
DA:55,1
DA:59,1
DA:63,2
DA:64,1
DA:67,1
DA:75,2
DA:78,2
DA:82,1
DA:84,2
LF:28
LH:27
end_of_record
SF:lib\features\about\presentation\widgets\recommended_list.dart
DA:10,5
DA:12,2
DA:14,2
DA:20,2
DA:22,2
DA:23,4
DA:24,2
DA:29,2
DA:31,2
DA:32,2
DA:34,2
DA:35,2
DA:36,2
DA:37,2
DA:38,2
DA:39,2
DA:41,2
DA:42,2
DA:43,2
DA:45,2
DA:47,2
DA:48,1
DA:49,1
DA:51,1
DA:54,2
DA:55,4
LF:26
LH:26
end_of_record
SF:lib\infra\db\connectors\database_version_info.dart
DA:2,6
DA:12,3
DA:15,1
DA:16,3
DA:17,3
DA:18,3
DA:19,3
DA:22,2
DA:23,8
LF:9
LH:9
end_of_record
SF:lib\shared\ui\widgets\icon_link_item.dart
DA:10,4
DA:18,4
DA:20,4
DA:21,4
DA:24,12
DA:25,4
DA:26,4
DA:29,8
DA:32,0
DA:33,0
DA:36,0
DA:40,4
DA:41,8
DA:45,16
DA:46,4
LF:15
LH:12
end_of_record
SF:lib\features\settings\presentation\bloc\settings_cubit.dart
DA:8,33
DA:12,11
DA:13,33
DA:15,22
DA:16,11
DA:19,11
DA:20,22
DA:27,1
DA:30,1
DA:31,2
DA:33,1
DA:43,4
DA:44,4
DA:45,4
DA:49,1
DA:50,2
DA:53,0
DA:54,0
DA:55,0
DA:59,1
DA:60,2
DA:63,4
DA:69,8
DA:70,4
DA:71,2
DA:72,4
DA:73,4
DA:74,4
DA:78,4
DA:79,4
DA:82,12
DA:84,8
DA:86,1
DA:89,1
DA:90,2
DA:91,1
LF:36
LH:33
end_of_record
SF:lib\infra\db\connectors\primary_source_file_info.dart
DA:2,1
LF:1
LH:1
end_of_record
SF:lib\shared\utils\links_utils.dart
DA:11,1
DA:14,2
DA:15,2
DA:16,0
DA:17,0
DA:19,0
DA:24,0
DA:25,0
DA:30,1
DA:31,1
DA:33,0
DA:34,0
DA:36,3
DA:40,0
DA:43,0
DA:49,1
DA:50,1
DA:51,1
DA:52,1
DA:54,2
DA:55,1
DA:56,1
DA:58,1
DA:62,1
DA:63,2
DA:66,1
DA:67,3
DA:68,3
DA:69,3
DA:70,3
DA:71,2
DA:72,1
DA:74,2
DA:75,1
DA:77,1
LF:35
LH:26
end_of_record
SF:lib\shared\ui\markdown\markdown_utils.dart
DA:4,5
DA:8,10
DA:9,20
DA:10,15
DA:12,5
DA:14,15
DA:16,5
DA:18,15
DA:20,5
DA:22,15
DA:24,5
DA:26,15
DA:28,5
DA:30,15
DA:32,5
DA:34,5
DA:36,5
DA:37,10
DA:38,15
DA:40,5
DA:42,15
DA:44,5
DA:46,15
DA:47,5
DA:49,15
DA:51,5
DA:53,5
DA:54,5
DA:55,15
DA:58,15
DA:60,5
DA:61,5
DA:63,5
DA:64,5
DA:65,5
LF:35
LH:35
end_of_record
SF:lib\shared\ui\widgets\new_icon_button.dart
DA:10,4
DA:18,4
DA:20,4
DA:21,4
DA:24,12
DA:25,4
DA:26,4
DA:27,4
DA:28,4
DA:29,8
DA:32,0
DA:33,0
DA:34,0
DA:35,0
DA:36,0
DA:40,4
DA:43,4
DA:44,4
DA:45,12
DA:47,8
DA:48,8
DA:50,4
DA:51,4
DA:52,4
LF:24
LH:19
end_of_record
SF:lib\shared\models\institution_info.dart
DA:7,3
LF:1
LH:1
end_of_record
SF:lib\shared\ui\widgets\error_message.dart
DA:6,4
DA:8,5
DA:10,5
DA:11,5
DA:12,5
DA:14,5
DA:15,5
DA:17,5
DA:19,5
DA:20,10
DA:22,5
DA:23,5
DA:25,10
DA:27,5
LF:14
LH:14
end_of_record
SF:lib\shared\xml\xml_parsers.dart
DA:7,3
DA:12,3
DA:13,3
DA:14,3
DA:16,6
DA:17,6
DA:18,6
DA:19,6
DA:20,6
DA:21,6
DA:28,1
DA:31,3
DA:32,3
DA:43,1
DA:45,1
DA:48,2
DA:52,3
DA:57,3
DA:58,3
DA:59,3
DA:61,6
DA:62,6
DA:63,6
DA:64,6
DA:67,2
DA:69,3
DA:70,3
DA:73,6
DA:74,6
DA:75,6
DA:76,3
DA:80,3
DA:81,3
DA:91,2
DA:93,2
DA:96,4
DA:100,3
DA:105,3
DA:106,3
DA:107,3
DA:109,6
DA:110,6
DA:111,6
DA:112,6
DA:115,1
DA:118,3
DA:119,3
DA:124,2
DA:126,2
DA:129,4
LF:50
LH:50
end_of_record
SF:lib\shared\models\library_info.dart
DA:8,3
LF:1
LH:1
end_of_record
SF:lib\shared\models\recommended_info.dart
DA:6,3
LF:1
LH:1
end_of_record
SF:lib\features\download\presentation\screens\download_screen.dart
DA:9,1
DA:11,2
DA:13,2
DA:14,2
DA:15,2
DA:16,2
DA:17,2
DA:19,2
DA:21,2
DA:24,2
DA:26,2
DA:28,2
DA:31,2
DA:33,2
DA:35,2
DA:40,2
DA:41,2
DA:42,2
DA:44,2
DA:45,2
DA:46,2
DA:47,6
DA:52,2
DA:53,2
DA:56,6
DA:62,2
DA:64,2
DA:65,2
DA:67,2
DA:68,2
DA:69,2
DA:70,4
DA:72,4
DA:73,2
DA:74,4
DA:84,2
DA:85,2
DA:86,2
DA:88,2
DA:90,2
DA:91,2
DA:92,2
DA:93,2
DA:94,2
DA:97,2
DA:98,2
DA:103,2
DA:104,2
DA:105,6
DA:107,2
DA:112,2
DA:113,2
DA:114,2
DA:115,0
DA:124,2
LF:55
LH:54
end_of_record
SF:lib\features\primary_sources\application\orchestrators\image_loading_orchestrator.dart
DA:11,8
DA:27,4
DA:30,3
DA:34,1
DA:38,1
DA:40,2
DA:41,2
DA:46,0
DA:47,0
DA:48,0
DA:49,0
DA:54,1
DA:63,1
DA:72,0
DA:73,0
DA:74,0
DA:75,0
DA:76,0
DA:79,0
DA:85,0
DA:95,1
DA:103,2
DA:109,0
DA:111,1
DA:114,1
DA:121,1
DA:139,0
DA:140,0
DA:141,0
DA:144,0
DA:146,0
DA:147,0
DA:151,1
DA:152,1
LF:34
LH:16
end_of_record
SF:lib\infra\remote\image\image_download_client.dart
DA:13,4
DA:14,3
DA:18,1
DA:23,2
LF:4
LH:4
end_of_record
SF:lib\infra\storage\file_sync_utils.dart
DA:11,7
DA:12,7
DA:13,10
DA:16,7
DA:18,7
DA:19,10
DA:24,4
DA:26,6
DA:31,5
DA:32,5
DA:33,10
DA:36,10
DA:41,2
DA:42,1
DA:44,2
DA:45,2
DA:48,0
DA:51,5
DA:54,7
DA:56,7
DA:57,10
DA:58,5
DA:59,2
DA:64,6
LF:24
LH:23
end_of_record
SF:lib\shared\models\pages_settings.dart
DA:7,2
DA:9,1
DA:10,2
DA:13,1
DA:14,1
DA:15,2
DA:17,0
DA:21,2
DA:36,2
DA:39,2
DA:40,2
DA:41,2
DA:42,2
DA:43,2
DA:44,2
DA:45,2
DA:46,2
DA:47,2
DA:48,2
DA:51,2
DA:52,2
DA:53,2
DA:54,2
DA:56,2
DA:57,4
DA:59,4
DA:60,2
DA:61,2
DA:65,2
DA:66,4
DA:67,2
DA:68,4
DA:71,2
DA:72,4
DA:75,2
DA:76,2
DA:77,2
DA:78,2
DA:79,2
DA:80,2
DA:81,2
DA:82,2
DA:83,2
DA:84,2
DA:86,2
DA:87,8
DA:88,4
DA:89,4
DA:90,4
DA:91,4
DA:92,4
DA:94,2
DA:95,2
LF:53
LH:52
end_of_record
SF:lib\features\primary_sources\application\services\description_content_service.dart
DA:20,5
DA:24,4
DA:25,5
DA:27,5
DA:29,2
DA:35,4
DA:40,2
DA:44,2
DA:50,2
DA:59,2
DA:63,2
DA:65,2
DA:69,3
DA:70,6
DA:74,2
DA:75,2
DA:76,4
DA:77,1
DA:78,1
DA:79,4
DA:81,4
DA:82,1
DA:83,1
DA:86,1
DA:89,1
DA:93,1
DA:96,1
DA:102,2
DA:103,1
DA:106,1
DA:109,1
DA:114,1
DA:117,3
DA:120,1
DA:124,1
DA:125,3
DA:126,3
DA:128,2
DA:132,5
DA:133,1
DA:137,1
DA:139,1
DA:140,1
DA:141,1
DA:143,2
DA:144,1
DA:145,4
DA:148,2
DA:149,2
DA:150,4
DA:151,4
DA:153,1
DA:154,4
DA:157,2
DA:159,2
DA:160,1
DA:161,1
DA:162,1
DA:163,4
DA:164,1
DA:166,1
DA:168,3
DA:169,3
DA:171,2
DA:172,5
DA:173,1
DA:174,2
DA:175,1
DA:179,5
DA:180,1
DA:181,0
DA:182,0
DA:183,0
DA:184,0
DA:187,5
DA:188,1
DA:189,0
DA:190,0
DA:191,0
DA:192,0
DA:193,0
DA:196,5
DA:197,1
DA:198,0
DA:199,0
DA:200,0
DA:201,0
DA:202,0
DA:205,5
DA:206,1
DA:207,0
DA:208,0
DA:209,0
DA:210,0
DA:213,1
DA:214,1
DA:219,1
DA:225,2
DA:226,1
DA:227,1
DA:228,1
DA:236,1
DA:237,1
DA:239,1
DA:240,4
DA:241,1
DA:243,1
DA:244,2
DA:245,1
DA:246,4
DA:247,1
DA:250,2
DA:251,2
DA:252,1
DA:253,1
DA:254,0
DA:255,0
DA:256,0
DA:257,0
DA:258,0
DA:259,0
DA:260,0
DA:262,0
DA:266,1
DA:267,1
DA:268,6
DA:269,1
DA:272,1
DA:275,1
DA:276,3
DA:277,4
DA:279,2
DA:280,5
DA:281,1
DA:282,1
DA:283,2
DA:288,1
DA:289,1
DA:294,1
DA:300,2
DA:301,1
DA:302,1
DA:303,1
DA:304,1
DA:305,1
DA:310,1
DA:314,2
DA:315,3
DA:316,1
DA:318,1
DA:319,2
DA:320,1
DA:321,1
DA:322,1
DA:324,1
DA:325,2
DA:326,2
DA:327,3
DA:328,3
DA:331,1
DA:332,3
DA:333,5
DA:337,1
DA:338,2
DA:340,0
DA:343,1
DA:344,1
DA:349,1
DA:350,3
DA:353,0
DA:354,0
DA:355,0
DA:356,0
DA:357,0
DA:361,1
DA:362,1
DA:366,2
DA:367,1
DA:370,1
DA:371,0
DA:372,0
DA:376,1
DA:380,0
DA:381,0
DA:382,0
DA:383,0
DA:384,0
DA:385,0
DA:386,0
DA:388,0
DA:392,0
DA:395,1
DA:396,1
DA:397,1
DA:400,0
DA:401,0
DA:405,0
DA:406,0
DA:408,0
DA:409,0
DA:410,0
DA:411,0
DA:412,0
DA:413,0
DA:415,0
DA:416,0
DA:420,0
DA:421,0
DA:422,0
DA:428,0
DA:429,0
DA:433,0
DA:434,0
DA:436,0
DA:437,0
DA:438,0
DA:439,0
DA:443,0
DA:444,0
DA:445,0
DA:451,1
DA:452,1
DA:456,4
DA:459,0
DA:460,0
DA:461,0
DA:463,0
DA:465,0
DA:468,0
DA:469,0
DA:470,0
DA:472,0
DA:476,0
DA:477,0
DA:480,1
DA:481,1
DA:482,1
DA:483,0
DA:484,0
DA:487,0
DA:488,0
DA:489,0
DA:491,0
DA:495,0
DA:496,0
DA:501,0
DA:502,0
DA:503,0
DA:506,0
DA:508,0
DA:513,0
DA:515,0
DA:516,0
LF:253
LH:157
end_of_record
SF:lib\infra\db\data_sources\description_data_source.dart
DA:17,5
DA:18,4
DA:22,4
DA:23,8
DA:25,1
DA:26,2
DA:28,1
DA:29,2
DA:31,1
DA:32,2
LF:10
LH:10
end_of_record
SF:lib\shared\models\description_content.dart
DA:7,2
LF:1
LH:1
end_of_record
SF:lib\shared\models\description_request.dart
DA:4,3
DA:12,2
DA:14,0
DA:23,1
DA:29,0
DA:40,0
DA:48,0
LF:7
LH:3
end_of_record
SF:lib\shared\models\greek_strong_picker_entry.dart
DA:5,1
DA:7,0
DA:10,0
DA:11,0
DA:12,0
DA:13,0
DA:16,0
DA:17,0
LF:8
LH:1
end_of_record
SF:lib\shared\localization\localization_utils.dart
DA:4,0
DA:5,0
DA:6,0
DA:9,0
DA:10,0
DA:11,0
DA:14,0
DA:15,0
DA:16,0
DA:17,0
DA:18,0
DA:19,0
DA:20,0
DA:21,0
DA:22,0
DA:23,0
DA:24,0
DA:25,0
DA:26,0
DA:27,0
DA:28,0
DA:29,0
DA:30,0
DA:31,0
DA:32,0
DA:33,0
DA:34,0
DA:35,0
DA:36,0
DA:37,0
DA:38,0
DA:39,0
DA:40,0
DA:41,0
DA:42,0
DA:43,0
DA:44,0
DA:45,0
DA:46,0
DA:47,0
DA:48,0
DA:49,0
DA:50,0
DA:51,0
DA:52,0
DA:53,0
DA:54,0
DA:55,0
DA:56,0
DA:57,0
DA:58,0
DA:59,0
DA:60,0
DA:61,0
DA:62,0
DA:63,0
DA:64,0
DA:65,0
DA:70,2
DA:71,2
DA:72,2
DA:73,2
DA:74,2
DA:75,2
DA:76,2
DA:78,2
DA:81,2
DA:82,2
DA:83,2
DA:84,2
DA:85,2
DA:86,2
DA:88,2
LF:73
LH:15
end_of_record
SF:lib\features\primary_sources\application\services\pronunciation_service.dart
DA:4,12
DA:5,6
DA:6,6
DA:8,6
DA:9,6
DA:72,2
DA:74,2
DA:75,1
DA:76,2
DA:78,2
DA:79,2
DA:80,2
DA:82,1
DA:83,1
DA:85,1
DA:86,1
DA:87,1
DA:89,1
DA:90,1
DA:92,1
DA:93,1
DA:94,1
DA:97,0
DA:99,0
DA:100,0
DA:101,0
DA:106,2
DA:112,2
DA:113,2
DA:116,4
DA:117,2
DA:118,2
DA:119,0
DA:120,0
DA:124,6
DA:125,6
DA:126,4
DA:127,2
DA:128,1
DA:134,4
DA:135,6
DA:136,2
DA:137,6
DA:138,2
DA:139,4
DA:141,4
DA:144,2
DA:145,2
DA:146,2
DA:149,4
DA:150,2
DA:151,1
DA:155,1
DA:159,2
DA:161,1
DA:162,2
DA:166,2
DA:167,4
DA:168,6
DA:169,1
DA:170,2
DA:172,2
DA:176,2
DA:179,2
DA:180,2
DA:182,10
DA:183,2
DA:184,1
DA:189,1
DA:191,5
DA:192,1
DA:197,2
DA:198,3
DA:201,2
DA:202,4
DA:203,6
DA:207,2
LF:77
LH:71
end_of_record
SF:lib\shared\models\page_word.dart
DA:11,4
LF:1
LH:1
end_of_record
SF:lib\shared\models\verse.dart
DA:10,1
LF:1
LH:1
end_of_record
SF:lib\infra\db\data_sources\primary_sources_data_source.dart
DA:31,9
DA:34,8
DA:38,2
DA:39,4
DA:41,2
DA:43,4
DA:45,1
DA:47,2
DA:49,1
DA:51,2
DA:53,1
DA:55,2
DA:57,1
DA:59,2
DA:61,1
DA:63,2
DA:65,2
DA:67,4
DA:69,1
DA:71,2
DA:73,1
DA:75,2
LF:22
LH:22
end_of_record
SF:lib\shared\models\page_rect.dart
DA:7,0
LF:1
LH:0
end_of_record
SF:lib\shared\models\primary_source_link_info.dart
DA:6,1
LF:1
LH:1
end_of_record
SF:lib\features\primary_sources\presentation\bloc\image_preview_controller.dart
DA:12,3
DA:14,3
DA:15,3
DA:17,1
DA:23,1
DA:26,3
DA:27,1
DA:28,3
DA:29,4
DA:30,3
DA:32,3
DA:33,4
DA:37,1
DA:38,1
DA:41,3
DA:42,3
DA:43,1
DA:44,1
DA:47,0
DA:48,0
DA:51,0
DA:52,0
DA:53,0
DA:55,0
DA:56,0
DA:57,0
DA:59,0
DA:60,0
DA:61,0
DA:64,0
DA:65,0
DA:68,0
DA:69,0
DA:70,0
DA:72,0
DA:73,0
DA:75,0
DA:76,0
DA:77,0
DA:78,0
DA:80,0
DA:82,0
DA:83,0
DA:84,0
DA:88,0
DA:89,0
DA:91,0
DA:92,0
DA:93,0
DA:94,0
DA:95,0
DA:96,0
DA:99,0
DA:100,0
DA:101,0
DA:103,0
DA:104,0
DA:105,0
DA:106,0
DA:113,0
DA:114,0
DA:115,0
DA:117,0
DA:118,0
DA:119,0
DA:120,0
DA:128,0
DA:130,0
DA:131,0
DA:132,0
DA:136,0
DA:137,0
DA:140,0
DA:141,0
DA:142,0
DA:146,1
DA:147,1
DA:150,1
DA:151,3
DA:154,3
DA:155,3
DA:156,6
LF:82
LH:25
end_of_record
SF:lib\features\primary_sources\presentation\bloc\primary_source_description_cubit.dart
DA:13,3
DA:14,5
DA:16,3
DA:18,3
DA:19,3
DA:20,3
DA:26,1
DA:31,1
DA:32,2
DA:42,1
DA:43,1
DA:44,1
DA:50,1
DA:56,3
DA:57,1
DA:58,2
DA:60,1
DA:62,1
DA:63,2
DA:68,3
DA:69,0
DA:70,1
DA:78,3
DA:79,2
DA:84,2
DA:88,1
DA:94,0
DA:95,0
DA:96,0
DA:98,0
DA:100,0
DA:101,0
DA:106,0
DA:107,0
DA:108,0
DA:119,0
DA:120,0
DA:121,0
DA:122,0
DA:125,0
DA:126,0
DA:127,0
DA:130,0
DA:133,1
DA:137,2
DA:145,1
DA:146,1
DA:147,1
DA:153,1
DA:163,2
DA:165,1
DA:166,1
DA:167,1
DA:177,1
DA:178,1
DA:179,1
DA:185,0
DA:192,0
DA:193,0
DA:194,0
DA:198,0
DA:199,0
DA:201,0
DA:202,0
DA:203,0
DA:204,0
DA:205,0
DA:215,0
DA:216,0
DA:217,0
DA:223,0
DA:230,0
DA:233,0
DA:234,0
LF:74
LH:38
end_of_record
SF:lib\features\primary_sources\presentation\bloc\primary_source_description_state.dart
DA:6,3
DA:13,3
DA:16,3
DA:20,3
DA:29,1
DA:37,1
DA:38,0
DA:39,0
DA:40,0
DA:41,1
DA:45,1
DA:48,1
DA:49,3
DA:50,3
DA:51,0
DA:52,0
DA:53,0
DA:56,0
DA:57,0
DA:58,0
DA:59,0
DA:60,0
DA:61,0
LF:23
LH:11
end_of_record
SF:lib\features\primary_sources\presentation\bloc\primary_source_detail_coordinator.dart
DA:37,1
DA:38,2
DA:39,1
DA:40,2
DA:47,0
DA:48,0
DA:49,0
DA:50,4
DA:51,4
DA:52,4
DA:53,4
DA:54,4
DA:55,4
DA:56,4
DA:57,4
DA:58,4
DA:59,0
DA:60,0
DA:61,0
DA:62,4
DA:63,0
DA:64,0
DA:65,4
DA:66,0
DA:67,0
DA:68,0
DA:69,0
DA:70,0
DA:71,0
DA:72,0
DA:73,0
DA:74,0
DA:75,4
DA:76,0
DA:77,0
DA:78,0
DA:79,0
DA:80,0
DA:81,0
DA:82,0
DA:84,1
DA:96,0
DA:98,2
DA:99,2
DA:101,1
DA:102,1
DA:104,0
DA:106,0
DA:107,0
DA:109,1
DA:110,1
DA:112,0
DA:114,0
DA:116,1
DA:117,1
DA:119,0
DA:120,1
DA:121,1
DA:122,1
DA:123,1
DA:125,1
DA:127,1
DA:128,1
DA:129,1
DA:130,1
DA:131,1
DA:135,0
DA:136,0
DA:139,0
DA:140,0
DA:143,0
DA:144,0
DA:147,0
DA:148,0
DA:151,0
DA:152,0
DA:155,0
DA:156,0
DA:159,0
DA:160,0
DA:161,0
DA:164,0
DA:165,0
DA:166,0
DA:168,0
DA:169,0
DA:172,0
DA:173,0
DA:174,0
DA:177,0
DA:178,0
DA:179,0
DA:181,0
DA:182,0
DA:185,0
DA:191,0
DA:199,0
DA:200,0
DA:203,0
DA:204,0
DA:207,0
DA:208,0
DA:211,0
DA:212,0
DA:215,0
DA:216,0
DA:219,0
DA:220,0
DA:223,0
DA:224,0
DA:227,0
DA:228,0
DA:231,0
DA:236,0
DA:243,0
DA:244,0
DA:247,0
DA:251,0
DA:258,0
DA:259,0
DA:262,0
DA:266,0
DA:275,0
DA:276,0
DA:285,0
DA:286,0
DA:295,1
DA:296,1
DA:297,1
DA:298,1
DA:299,3
DA:301,1
DA:302,0
DA:304,1
DA:305,0
DA:307,1
DA:308,0
DA:310,1
DA:311,0
DA:313,1
DA:314,0
LF:141
LH:45
end_of_record
SF:lib\features\primary_sources\presentation\bloc\primary_source_detail_orchestration_cubit.dart
DA:25,2
DA:38,2
DA:39,8
DA:40,6
DA:41,2
DA:43,9
DA:44,3
DA:47,2
DA:49,0
DA:71,4
DA:72,8
DA:73,1
DA:74,3
DA:75,4
DA:76,4
DA:77,4
DA:78,4
DA:79,4
DA:80,4
DA:82,1
DA:83,2
DA:85,2
DA:87,2
DA:88,1
DA:89,1
DA:91,1
DA:94,2
DA:96,2
DA:98,2
DA:101,1
DA:105,0
DA:106,0
DA:109,1
DA:112,1
DA:113,5
DA:115,0
DA:117,1
DA:120,1
DA:121,2
DA:122,2
DA:123,2
DA:126,0
DA:128,2
DA:129,2
DA:133,0
DA:134,0
DA:135,0
DA:138,0
DA:139,0
DA:140,0
DA:143,0
DA:144,0
DA:145,0
DA:148,0
DA:149,0
DA:150,0
DA:153,0
DA:154,0
DA:155,0
DA:158,0
DA:159,0
DA:160,0
DA:163,0
DA:164,0
DA:165,0
DA:168,0
DA:169,0
DA:170,0
DA:171,0
DA:173,0
DA:174,0
DA:177,0
DA:178,0
DA:181,0
DA:182,0
DA:185,0
DA:186,0
DA:189,0
DA:190,0
DA:193,0
DA:199,0
DA:207,0
DA:208,0
DA:211,0
DA:212,0
DA:215,0
DA:220,0
DA:227,0
DA:228,0
DA:231,0
DA:235,0
DA:238,0
DA:239,0
DA:243,0
DA:244,0
DA:247,0
DA:251,0
DA:257,0
DA:261,0
DA:264,0
DA:265,0
DA:269,0
DA:273,0
DA:276,0
DA:277,0
DA:281,1
DA:282,2
DA:283,1
DA:284,1
DA:285,1
DA:286,1
DA:287,1
DA:288,1
DA:292,1
DA:293,1
DA:297,1
DA:298,3
DA:299,5
DA:300,2
DA:304,1
DA:305,3
DA:308,1
DA:309,1
DA:313,1
DA:314,2
DA:320,3
DA:321,2
DA:322,2
DA:323,1
DA:324,2
DA:328,1
DA:329,3
DA:330,3
DA:331,3
DA:334,1
DA:335,2
DA:336,3
DA:340,2
DA:342,2
DA:343,4
DA:344,4
DA:345,3
DA:346,3
DA:347,6
DA:348,2
DA:350,4
DA:351,4
DA:352,2
LF:148
LH:82
end_of_record
SF:lib\features\primary_sources\presentation\bloc\primary_source_image_cubit.dart
DA:12,3
DA:23,1
DA:25,3
DA:26,3
DA:29,0
DA:41,2
DA:46,4
DA:47,6
DA:50,4
DA:53,2
DA:54,2
DA:55,2
DA:56,6
DA:58,2
DA:62,2
DA:63,4
DA:64,4
DA:66,2
DA:67,2
DA:68,2
DA:69,4
DA:71,2
DA:73,2
DA:78,1
DA:79,0
DA:80,0
DA:84,0
DA:89,1
DA:90,1
DA:91,2
DA:93,1
DA:100,0
DA:101,0
DA:102,0
DA:107,1
DA:108,2
DA:109,1
DA:110,4
DA:111,1
DA:114,3
DA:117,0
DA:118,0
DA:119,0
DA:121,0
DA:124,0
DA:126,0
DA:127,0
DA:131,0
DA:132,0
DA:134,0
DA:135,0
DA:136,0
DA:139,0
DA:140,0
DA:144,0
DA:147,0
DA:151,2
DA:152,6
DA:155,1
DA:156,3
DA:159,3
DA:161,6
DA:162,6
DA:163,3
LF:64
LH:41
end_of_record
SF:lib\features\primary_sources\presentation\bloc\primary_source_session_cubit.dart
DA:7,3
DA:8,6
DA:10,2
DA:11,6
DA:14,2
DA:15,6
DA:18,1
DA:19,3
LF:8
LH:8
end_of_record
SF:lib\features\primary_sources\presentation\bloc\primary_source_viewport_cubit.dart
DA:8,6
DA:11,1
DA:12,3
DA:15,2
DA:16,2
DA:17,4
DA:18,2
DA:19,2
DA:20,2
DA:21,2
DA:22,2
DA:23,2
DA:28,1
DA:29,1
DA:30,2
DA:42,0
DA:43,0
DA:44,0
DA:60,2
DA:61,6
DA:64,2
DA:70,6
DA:71,6
DA:72,6
DA:73,6
DA:76,2
DA:77,4
DA:81,2
DA:82,6
DA:85,1
DA:86,3
DA:89,1
DA:90,1
DA:91,2
DA:99,1
DA:100,1
DA:101,2
DA:105,1
DA:107,0
DA:111,1
DA:112,2
DA:114,4
DA:115,4
DA:120,2
DA:126,2
DA:127,4
DA:137,2
DA:138,2
DA:139,4
DA:149,2
DA:150,6
DA:153,2
DA:154,4
DA:157,2
LF:54
LH:50
end_of_record
SF:lib\shared\models\zoom_status.dart
DA:8,6
DA:14,2
DA:17,1
DA:18,3
DA:19,3
DA:20,3
DA:21,3
DA:24,0
DA:25,0
LF:9
LH:7
end_of_record
SF:lib\features\primary_sources\presentation\bloc\primary_source_detail_orchestration_state.dart
DA:5,5
DA:9,0
DA:12,0
DA:15,0
LF:4
LH:1
end_of_record
SF:lib\features\primary_sources\presentation\bloc\primary_source_viewport_state.dart
DA:5,7
DA:61,2
DA:79,2
DA:80,2
DA:81,2
DA:82,2
DA:83,2
DA:84,2
DA:85,2
DA:87,2
DA:88,2
DA:89,2
DA:90,2
DA:91,2
DA:92,2
DA:93,2
DA:94,2
DA:95,2
DA:99,2
DA:102,2
DA:103,6
DA:104,6
DA:105,6
DA:106,6
DA:107,6
DA:108,6
DA:109,6
DA:110,6
DA:111,6
DA:112,6
DA:113,6
DA:114,6
DA:115,6
DA:116,6
DA:117,6
DA:118,6
DA:121,0
DA:122,0
DA:123,0
DA:124,0
DA:125,0
DA:126,0
DA:127,0
DA:128,0
DA:129,0
DA:130,0
DA:131,0
DA:132,0
DA:133,0
DA:134,0
DA:135,0
DA:136,0
DA:137,0
LF:53
LH:36
end_of_record
SF:lib\features\primary_sources\presentation\bloc\primary_source_image_state.dart
DA:4,4
DA:10,4
DA:12,4
DA:13,4
DA:28,3
DA:36,3
DA:37,3
DA:38,2
DA:39,3
DA:40,2
DA:41,3
DA:45,2
DA:48,2
DA:49,6
DA:50,4
DA:51,6
DA:52,3
DA:53,3
DA:54,0
DA:57,0
DA:58,0
DA:59,0
DA:60,0
DA:61,0
DA:62,0
DA:63,0
LF:26
LH:18
end_of_record
SF:lib\features\primary_sources\presentation\bloc\primary_source_page_settings_state.dart
DA:2,7
DA:34,2
DA:44,2
DA:45,2
DA:46,2
DA:47,2
DA:48,2
DA:49,2
DA:50,2
DA:51,2
DA:52,2
DA:56,2
DA:59,2
DA:60,6
DA:61,6
DA:62,6
DA:63,6
DA:64,6
DA:65,6
DA:66,6
DA:67,6
DA:68,6
DA:71,0
DA:72,0
DA:73,0
DA:74,0
DA:75,0
DA:76,0
DA:77,0
DA:78,0
DA:79,0
DA:80,0
LF:32
LH:22
end_of_record
SF:lib\features\primary_sources\presentation\bloc\primary_source_session_state.dart
DA:5,3
DA:12,3
DA:14,5
DA:15,2
DA:17,3
DA:30,2
DA:37,2
DA:38,2
DA:39,2
DA:40,2
DA:41,2
DA:45,2
DA:48,2
DA:49,6
DA:50,4
DA:51,6
DA:52,6
DA:53,3
DA:56,0
DA:58,0
LF:20
LH:18
end_of_record
SF:lib\features\primary_sources\presentation\bloc\primary_sources_state.dart
DA:6,5
DA:12,5
DA:13,5
DA:14,5
DA:16,5
DA:17,5
DA:18,5
DA:19,5
DA:20,5
DA:31,6
DA:33,4
DA:41,4
DA:42,2
DA:43,3
DA:44,3
DA:45,1
DA:46,1
DA:50,3
DA:53,3
DA:54,9
DA:55,9
DA:56,9
DA:57,9
DA:58,9
DA:59,3
DA:62,0
DA:63,0
DA:64,0
DA:65,0
DA:66,0
DA:67,0
DA:68,0
LF:32
LH:25
end_of_record
SF:lib\features\primary_sources\presentation\bloc\primary_sources_expansion_cubit.dart
DA:5,3
DA:6,6
DA:8,2
DA:9,6
DA:12,2
DA:13,2
DA:14,2
DA:17,6
DA:20,2
DA:21,2
DA:22,2
DA:26,6
DA:28,2
DA:29,1
DA:33,6
DA:36,3
DA:38,7
DA:39,7
DA:40,3
DA:41,15
DA:42,15
DA:45,3
LF:22
LH:22
end_of_record
SF:lib\features\primary_sources\presentation\bloc\primary_sources_expansion_state.dart
DA:4,3
DA:5,3
DA:7,3
DA:8,3
DA:13,2
DA:14,4
DA:17,2
DA:18,2
DA:19,0
DA:23,2
DA:26,2
DA:27,6
DA:28,6
DA:31,0
DA:32,0
LF:15
LH:12
end_of_record
SF:lib\features\primary_sources\presentation\widgets\primary_source_attributes_footer.dart
DA:14,0
DA:23,0
DA:25,0
DA:26,0
DA:30,0
DA:31,0
DA:32,0
DA:33,0
DA:34,0
DA:36,0
DA:39,0
DA:41,0
DA:43,0
DA:44,0
DA:45,0
DA:46,0
DA:47,0
DA:48,0
DA:50,0
DA:51,0
DA:52,0
DA:53,0
DA:54,0
DA:55,0
DA:57,0
DA:58,0
DA:59,0
DA:61,0
DA:65,0
DA:76,0
DA:80,0
DA:81,0
DA:82,0
DA:84,0
DA:86,0
DA:87,0
DA:88,0
DA:89,0
DA:90,0
DA:91,0
DA:92,0
DA:93,0
DA:94,0
DA:95,0
DA:96,0
DA:97,0
DA:102,0
DA:104,0
DA:105,0
LF:49
LH:0
end_of_record
SF:lib\features\primary_sources\presentation\widgets\primary_source_description_panel.dart
DA:19,1
DA:34,1
DA:36,1
DA:37,1
DA:38,1
DA:39,2
DA:40,1
DA:42,1
DA:43,1
DA:44,1
DA:45,1
DA:46,1
DA:47,1
DA:48,1
DA:50,1
DA:51,1
DA:52,1
DA:55,1
DA:58,1
DA:60,1
DA:62,1
DA:65,1
DA:68,1
DA:70,1
DA:72,1
DA:75,1
DA:76,1
DA:79,1
DA:80,1
DA:81,1
DA:82,1
DA:85,1
DA:87,0
DA:88,0
DA:90,1
DA:93,1
DA:94,1
DA:97,1
DA:108,1
DA:112,1
DA:115,1
DA:127,1
DA:134,1
DA:136,1
DA:137,1
DA:138,2
DA:139,1
DA:141,2
DA:142,1
DA:145,1
DA:146,1
DA:147,1
DA:149,1
DA:152,1
DA:153,1
DA:154,1
DA:157,1
DA:159,1
DA:160,1
LF:59
LH:57
end_of_record
SF:lib\features\primary_sources\presentation\widgets\image_preview.dart
DA:56,1
DA:87,1
DA:88,1
DA:101,1
DA:103,1
DA:104,1
DA:105,1
DA:106,4
DA:107,4
DA:108,1
DA:109,1
DA:112,1
DA:114,1
DA:115,4
DA:116,4
DA:118,4
DA:119,3
DA:121,1
DA:122,1
DA:123,1
DA:124,1
DA:125,3
DA:126,1
DA:127,1
DA:131,1
DA:133,1
DA:134,1
DA:136,1
DA:137,1
DA:138,3
DA:140,1
DA:141,4
DA:142,6
DA:143,1
DA:147,3
DA:148,1
DA:149,1
DA:154,3
DA:155,3
DA:156,1
DA:157,1
DA:164,2
DA:165,0
DA:166,0
DA:167,0
DA:168,0
DA:169,0
DA:170,0
DA:173,0
DA:174,0
DA:175,0
DA:176,0
DA:179,0
DA:180,0
DA:181,0
DA:182,0
DA:183,0
DA:184,0
DA:185,0
DA:189,0
DA:190,0
DA:191,0
DA:192,0
DA:193,0
DA:194,0
DA:195,0
DA:196,0
DA:197,0
DA:198,0
DA:199,0
DA:200,0
DA:201,0
DA:204,0
DA:212,2
DA:213,0
DA:217,1
DA:218,1
DA:219,3
DA:220,3
DA:221,0
DA:222,0
DA:223,0
DA:224,0
DA:225,0
DA:226,0
DA:227,0
DA:229,0
DA:230,0
DA:231,0
DA:234,0
DA:235,0
DA:236,0
DA:237,0
DA:245,3
DA:246,3
DA:247,3
DA:248,1
DA:254,1
DA:255,1
DA:260,2
DA:261,0
DA:268,2
DA:269,0
DA:275,3
DA:276,1
DA:277,1
DA:278,1
DA:279,1
DA:280,1
DA:281,1
DA:283,1
DA:285,3
DA:286,0
DA:287,0
DA:288,0
DA:289,0
DA:290,0
DA:296,2
DA:297,0
DA:298,0
DA:299,0
DA:304,2
DA:305,0
DA:306,0
DA:307,0
DA:308,0
DA:310,0
DA:312,0
DA:313,0
DA:320,1
DA:330,1
DA:332,0
DA:333,0
DA:336,0
DA:339,0
DA:342,0
DA:345,0
DA:349,1
DA:350,2
DA:355,7
DA:356,3
DA:357,0
DA:359,1
DA:360,2
DA:362,2
DA:365,1
DA:367,3
DA:368,3
DA:378,0
DA:379,0
DA:380,0
DA:381,0
DA:382,0
DA:383,0
DA:384,0
DA:385,0
DA:387,0
DA:388,0
DA:389,0
DA:390,0
DA:391,0
DA:392,0
DA:393,0
DA:396,1
DA:397,2
DA:398,2
DA:399,2
DA:400,1
DA:402,2
DA:403,2
DA:408,1
DA:413,1
DA:417,0
DA:419,0
DA:420,0
DA:429,0
DA:430,0
DA:431,0
DA:432,0
DA:433,0
DA:438,1
DA:439,3
DA:440,1
DA:443,3
DA:447,0
DA:454,0
DA:455,0
DA:456,0
DA:457,0
DA:458,0
DA:459,0
DA:462,0
DA:463,0
DA:464,0
DA:466,0
DA:468,0
DA:470,0
DA:473,0
DA:475,0
DA:476,0
DA:483,0
DA:484,0
DA:485,0
DA:486,0
DA:487,0
DA:488,0
DA:489,0
DA:491,0
DA:492,0
DA:493,0
DA:494,0
DA:495,0
DA:496,0
DA:497,0
DA:503,0
DA:509,0
DA:513,1
DA:514,3
DA:515,0
DA:516,0
DA:520,0
DA:521,0
DA:525,0
DA:526,0
DA:528,0
DA:529,0
DA:530,0
DA:531,0
DA:532,0
DA:533,0
DA:534,0
DA:535,0
DA:536,0
DA:537,0
DA:539,0
DA:547,0
DA:548,0
DA:549,0
DA:550,0
DA:551,0
DA:552,0
DA:553,0
DA:560,0
DA:563,0
DA:566,0
DA:567,0
DA:568,0
DA:569,0
DA:570,0
DA:576,0
DA:577,0
DA:580,0
DA:581,0
DA:582,0
DA:583,0
DA:584,0
DA:585,0
DA:591,0
DA:592,0
DA:598,0
DA:599,0
DA:600,0
DA:601,0
DA:605,0
DA:606,0
DA:607,0
DA:609,0
DA:610,0
DA:611,0
DA:612,0
DA:613,0
DA:621,0
DA:622,0
DA:625,0
DA:629,0
DA:630,0
DA:631,0
DA:632,0
DA:635,0
DA:636,0
DA:637,0
DA:639,0
DA:640,0
DA:641,0
DA:642,0
DA:644,0
DA:645,0
DA:646,0
DA:647,0
DA:649,0
DA:650,0
DA:651,0
DA:652,0
DA:653,0
DA:661,0
DA:662,0
DA:665,0
DA:668,0
DA:672,0
DA:673,0
DA:674,0
DA:675,0
DA:677,0
DA:678,0
DA:679,0
DA:680,0
DA:681,0
DA:682,0
DA:683,0
DA:684,0
DA:688,0
DA:691,0
DA:692,0
DA:694,0
DA:695,0
DA:696,0
DA:697,0
DA:699,0
DA:700,0
DA:701,0
DA:702,0
DA:703,0
DA:705,0
DA:713,1
DA:714,1
DA:715,1
DA:716,0
DA:717,0
DA:718,0
DA:719,0
DA:720,0
DA:721,0
DA:723,0
DA:724,0
DA:725,0
DA:726,0
DA:727,0
DA:729,0
DA:730,0
DA:736,1
DA:737,1
DA:738,1
DA:739,0
DA:740,0
DA:741,0
DA:742,0
DA:743,0
DA:745,0
LF:348
LH:99
end_of_record
SF:lib\features\primary_sources\presentation\widgets\primary_source_split_view.dart
DA:8,0
DA:15,1
DA:17,1
DA:18,1
DA:19,1
DA:20,1
DA:22,3
DA:25,2
DA:26,3
DA:27,1
DA:29,1
DA:30,2
DA:31,2
DA:32,2
DA:37,2
DA:38,3
DA:39,1
DA:41,1
DA:42,2
DA:43,2
DA:44,2
LF:21
LH:20
end_of_record
SF:lib\features\primary_sources\presentation\widgets\primary_source_toolbar.dart
DA:45,1
DA:78,1
DA:80,1
DA:81,1
DA:82,1
DA:83,1
DA:84,3
DA:87,1
DA:88,1
DA:91,0
DA:92,1
DA:98,0
DA:101,1
DA:104,3
DA:105,1
DA:108,1
DA:109,1
DA:111,1
DA:112,1
DA:113,0
DA:114,0
DA:116,1
DA:117,2
DA:119,1
DA:120,1
DA:121,1
DA:122,1
DA:123,3
DA:124,2
DA:126,2
DA:128,0
DA:129,0
DA:130,0
DA:131,0
DA:132,0
DA:135,2
DA:136,0
DA:137,0
DA:139,0
DA:141,0
DA:142,1
DA:143,0
DA:144,0
DA:147,1
DA:148,2
DA:149,2
DA:150,2
DA:151,1
DA:152,0
DA:153,0
DA:154,0
DA:158,1
DA:159,1
DA:160,0
DA:161,0
DA:163,0
DA:164,0
DA:165,0
DA:166,0
DA:167,0
DA:168,0
DA:169,0
DA:170,0
DA:172,0
DA:178,1
DA:179,1
DA:180,0
DA:181,0
DA:183,0
DA:184,0
DA:185,0
DA:186,0
DA:187,0
DA:188,0
DA:189,0
DA:190,0
DA:192,0
DA:193,0
DA:194,0
DA:196,0
DA:202,1
DA:203,1
DA:204,0
DA:205,0
DA:207,0
DA:208,0
DA:209,0
DA:210,0
DA:211,0
DA:212,0
DA:218,1
DA:220,1
DA:221,1
DA:222,1
DA:223,0
DA:227,2
DA:228,1
DA:229,0
DA:230,0
DA:231,0
DA:235,1
DA:237,1
DA:238,1
DA:239,1
DA:240,0
DA:244,2
DA:245,1
DA:246,0
DA:247,0
DA:248,0
DA:252,1
DA:254,1
DA:255,1
DA:256,4
DA:257,0
DA:261,2
DA:262,1
DA:263,0
DA:264,0
DA:265,0
DA:269,1
DA:271,1
DA:272,1
DA:273,1
DA:274,0
DA:278,2
DA:279,1
DA:280,0
DA:281,0
DA:282,0
DA:286,1
DA:288,1
DA:289,1
DA:290,1
DA:291,0
DA:295,2
DA:296,1
DA:297,0
DA:298,0
DA:299,0
DA:303,1
DA:305,1
DA:306,1
DA:307,1
DA:308,0
DA:312,2
DA:313,1
DA:314,0
DA:315,0
DA:316,0
DA:320,1
DA:322,1
DA:323,1
DA:324,1
DA:325,1
DA:329,2
DA:330,1
DA:331,0
DA:332,0
DA:333,0
DA:337,1
DA:339,1
DA:340,2
DA:341,1
DA:342,0
DA:343,0
DA:344,0
DA:351,1
DA:352,1
DA:353,1
DA:355,2
DA:357,1
DA:359,1
DA:362,1
DA:363,1
DA:364,1
DA:365,1
DA:366,1
DA:367,1
DA:368,1
DA:369,1
DA:370,1
DA:371,1
DA:372,1
DA:373,1
DA:374,1
DA:375,1
DA:376,1
DA:377,1
DA:378,1
DA:379,1
DA:380,1
DA:381,1
DA:382,1
DA:383,1
DA:384,1
DA:385,1
DA:386,1
DA:387,1
DA:388,1
DA:394,0
DA:395,0
DA:396,0
DA:397,0
DA:399,0
DA:400,0
DA:402,0
DA:406,0
DA:407,0
DA:408,0
DA:409,0
DA:410,0
DA:411,0
DA:412,0
DA:413,0
LF:215
LH:119
end_of_record
SF:lib\features\primary_sources\presentation\widgets\brightness_contrast_dialog.dart
DA:11,0
DA:19,0
DA:21,0
DA:29,0
DA:31,0
DA:32,0
DA:33,0
DA:36,0
DA:38,0
DA:39,0
DA:41,0
DA:42,0
DA:43,0
DA:44,0
DA:45,0
DA:47,0
DA:50,0
DA:51,0
DA:52,0
DA:53,0
DA:54,0
DA:58,0
DA:59,0
DA:62,0
DA:63,0
DA:64,0
DA:65,0
DA:66,0
DA:69,0
DA:70,0
DA:71,0
DA:72,0
DA:74,0
DA:78,0
DA:79,0
DA:80,0
DA:81,0
DA:85,0
DA:86,0
DA:89,0
DA:90,0
DA:91,0
DA:92,0
DA:93,0
DA:94,0
DA:97,0
DA:98,0
DA:99,0
DA:101,0
DA:106,0
DA:107,0
DA:108,0
DA:109,0
DA:110,0
DA:111,0
DA:112,0
DA:114,0
DA:115,0
DA:116,0
DA:119,0
DA:120,0
DA:121,0
DA:122,0
DA:123,0
DA:125,0
DA:126,0
DA:127,0
LF:67
LH:0
end_of_record
SF:lib\features\primary_sources\presentation\widgets\replace_color_dialog.dart
DA:23,0
DA:40,0
DA:41,0
DA:51,0
DA:53,0
DA:54,0
DA:55,0
DA:56,0
DA:57,0
DA:60,0
DA:62,0
DA:63,0
DA:64,0
DA:66,0
DA:67,0
DA:69,0
DA:70,0
DA:71,0
DA:72,0
DA:73,0
DA:75,0
DA:78,0
DA:79,0
DA:80,0
DA:81,0
DA:82,0
DA:83,0
DA:84,0
DA:85,0
DA:90,0
DA:91,0
DA:93,0
DA:96,0
DA:97,0
DA:98,0
DA:99,0
DA:100,0
DA:101,0
DA:102,0
DA:103,0
DA:104,0
DA:111,0
DA:112,0
DA:113,0
DA:114,0
DA:115,0
DA:116,0
DA:117,0
DA:122,0
DA:125,0
DA:126,0
DA:127,0
DA:130,0
DA:131,0
DA:132,0
DA:133,0
DA:134,0
DA:135,0
DA:136,0
DA:137,0
DA:139,0
DA:140,0
DA:141,0
DA:142,0
DA:143,0
DA:144,0
DA:145,0
DA:147,0
DA:148,0
DA:150,0
DA:156,0
DA:157,0
DA:158,0
DA:159,0
DA:161,0
DA:162,0
DA:163,0
DA:165,0
DA:166,0
DA:167,0
DA:170,0
DA:171,0
DA:172,0
DA:174,0
DA:175,0
DA:176,0
DA:178,0
DA:179,0
DA:180,0
DA:181,0
DA:182,0
DA:184,0
DA:185,0
DA:186,0
DA:187,0
DA:188,0
DA:198,0
DA:199,0
DA:200,0
DA:201,0
DA:202,0
DA:203,0
DA:204,0
DA:205,0
DA:206,0
DA:213,0
DA:214,0
DA:215,0
DA:216,0
DA:217,0
DA:218,0
DA:219,0
DA:224,0
DA:227,0
DA:228,0
DA:229,0
DA:232,0
DA:233,0
DA:234,0
DA:235,0
DA:236,0
DA:237,0
DA:238,0
DA:239,0
DA:241,0
DA:242,0
DA:243,0
DA:244,0
DA:245,0
DA:246,0
DA:247,0
DA:249,0
DA:250,0
DA:252,0
DA:258,0
DA:259,0
DA:260,0
DA:261,0
DA:263,0
DA:264,0
DA:265,0
DA:267,0
DA:268,0
DA:269,0
DA:272,0
DA:273,0
DA:274,0
DA:276,0
DA:277,0
DA:278,0
DA:280,0
DA:281,0
DA:282,0
DA:283,0
DA:284,0
DA:286,0
DA:287,0
DA:288,0
DA:289,0
DA:290,0
DA:300,0
DA:301,0
DA:302,0
DA:303,0
DA:304,0
DA:305,0
DA:306,0
DA:307,0
DA:308,0
DA:315,0
DA:316,0
DA:317,0
DA:318,0
DA:319,0
DA:320,0
DA:321,0
DA:326,0
DA:328,0
DA:329,0
DA:333,0
DA:334,0
DA:335,0
DA:336,0
DA:337,0
DA:338,0
DA:341,0
DA:342,0
DA:343,0
DA:344,0
DA:345,0
DA:346,0
DA:353,0
DA:354,0
DA:358,0
DA:359,0
DA:361,0
DA:363,0
DA:365,0
DA:366,0
DA:368,0
DA:380,0
DA:381,0
DA:382,0
DA:383,0
DA:384,0
DA:385,0
DA:386,0
DA:388,0
DA:389,0
DA:390,0
DA:393,0
DA:394,0
DA:395,0
DA:396,0
DA:397,0
DA:398,0
DA:400,0
DA:401,0
DA:402,0
DA:409,0
DA:410,0
DA:411,0
DA:412,0
DA:415,0
DA:416,0
DA:417,0
DA:418,0
DA:421,0
DA:423,0
DA:424,0
DA:425,0
DA:426,0
DA:427,0
DA:428,0
DA:429,0
DA:430,0
DA:431,0
DA:432,0
DA:433,0
DA:434,0
DA:435,0
DA:436,0
LF:242
LH:0
end_of_record
SF:lib\features\primary_sources\presentation\widgets\strong_number_picker_dialog.dart
DA:12,0
DA:18,0
DA:20,0
DA:37,0
DA:39,0
DA:41,0
DA:42,0
DA:45,0
DA:46,0
DA:48,0
DA:49,0
DA:51,0
DA:52,0
DA:53,0
DA:55,0
DA:56,0
DA:59,0
DA:60,0
DA:64,0
DA:66,0
DA:67,0
DA:68,0
DA:69,0
DA:70,0
DA:73,0
DA:74,0
DA:78,0
DA:81,0
DA:83,0
DA:84,0
DA:85,0
DA:86,0
DA:87,0
DA:88,0
DA:89,0
DA:90,0
DA:91,0
DA:92,0
DA:93,0
DA:95,0
DA:96,0
DA:97,0
DA:98,0
DA:99,0
DA:101,0
DA:103,0
DA:104,0
DA:105,0
DA:107,0
DA:108,0
DA:109,0
DA:110,0
DA:122,0
DA:123,0
DA:124,0
DA:125,0
DA:127,0
DA:128,0
DA:130,0
DA:135,0
DA:136,0
DA:137,0
DA:138,0
DA:140,0
DA:142,0
DA:143,0
DA:144,0
DA:145,0
DA:146,0
DA:152,0
DA:154,0
DA:161,0
DA:162,0
DA:163,0
DA:164,0
DA:166,0
DA:167,0
DA:168,0
DA:170,0
DA:172,0
DA:173,0
DA:174,0
DA:175,0
DA:176,0
DA:177,0
DA:178,0
DA:180,0
DA:186,0
DA:187,0
DA:188,0
DA:190,0
DA:191,0
DA:192,0
DA:201,0
DA:203,0
DA:204,0
DA:205,0
DA:206,0
DA:207,0
DA:211,0
DA:223,0
DA:224,0
DA:225,0
DA:226,0
DA:227,0
DA:229,0
DA:230,0
DA:233,0
DA:234,0
DA:240,0
DA:241,0
DA:242,0
DA:246,0
DA:247,0
DA:248,0
DA:250,0
DA:254,0
DA:255,0
DA:259,0
DA:260,0
DA:261,0
DA:262,0
DA:267,0
DA:272,0
DA:273,0
DA:274,0
DA:277,0
DA:278,0
DA:279,0
DA:284,0
DA:285,0
DA:287,0
DA:288,0
DA:289,0
DA:290,0
DA:291,0
DA:294,0
DA:295,0
DA:298,0
DA:299,0
DA:303,0
DA:304,0
DA:305,0
DA:308,0
DA:309,0
DA:314,0
DA:317,0
DA:318,0
DA:319,0
DA:321,0
DA:323,0
DA:326,0
DA:327,0
DA:331,0
LF:154
LH:0
end_of_record
SF:lib\shared\ui\styled_text\styled_text_utils.dart
DA:5,2
DA:7,2
DA:10,2
DA:11,2
DA:12,0
DA:14,0
DA:16,0
DA:20,2
DA:21,0
DA:23,0
LF:10
LH:5
end_of_record
SF:lib\features\primary_sources\presentation\widgets\source_item.dart
DA:16,3
DA:18,2
DA:25,2
DA:27,2
DA:28,2
DA:29,2
DA:30,2
DA:31,2
DA:33,2
DA:35,2
DA:36,2
DA:38,2
DA:40,2
DA:41,2
DA:42,2
DA:44,2
DA:45,2
DA:46,2
DA:47,2
DA:50,2
DA:51,4
DA:52,4
DA:54,2
DA:62,2
DA:65,2
DA:66,1
DA:67,1
DA:69,2
DA:72,2
DA:73,2
DA:75,2
DA:76,2
DA:80,2
DA:81,2
DA:82,2
DA:83,4
DA:85,2
DA:86,2
DA:87,2
DA:92,2
DA:93,8
DA:95,2
DA:96,2
DA:98,14
DA:102,2
DA:103,2
DA:104,2
DA:105,4
DA:106,5
DA:107,4
DA:108,2
DA:110,2
DA:111,3
DA:112,2
DA:113,2
DA:117,2
DA:118,1
DA:119,1
DA:120,3
DA:124,2
DA:125,1
DA:126,1
DA:127,3
DA:131,2
DA:132,1
DA:133,1
DA:134,3
DA:138,2
DA:139,1
DA:140,1
DA:141,3
DA:145,2
DA:146,1
DA:147,1
DA:148,3
DA:152,3
DA:153,0
DA:154,0
DA:167,2
DA:168,4
DA:169,3
DA:172,3
DA:173,0
DA:176,1
DA:179,3
DA:181,1
DA:183,3
DA:188,2
DA:189,8
DA:190,6
DA:193,2
DA:194,4
DA:195,0
DA:196,0
DA:199,0
DA:200,0
DA:201,0
DA:203,0
DA:204,0
DA:212,0
DA:217,0
DA:221,0
DA:223,0
DA:224,0
DA:225,0
LF:105
LH:89
end_of_record
SF:lib\features\primary_sources\presentation\widgets\image_preview_painters.dart
DA:9,0
DA:20,0
DA:39,0
DA:53,0
DA:55,0
DA:57,0
DA:58,0
DA:59,0
DA:60,0
DA:62,0
DA:64,0
DA:65,0
DA:66,0
DA:67,0
DA:68,0
DA:70,0
DA:74,0
DA:76,0
DA:89,0
DA:91,0
DA:92,0
DA:95,0
DA:99,0
DA:100,0
DA:101,0
DA:102,0
DA:111,0
DA:115,0
DA:116,0
DA:117,0
DA:118,0
DA:119,0
DA:121,0
DA:123,0
DA:125,0
DA:127,0
DA:128,0
DA:129,0
DA:130,0
DA:131,0
DA:135,0
DA:137,0
DA:138,0
DA:139,0
DA:140,0
DA:141,0
DA:142,0
DA:143,0
DA:144,0
DA:145,0
DA:146,0
DA:147,0
DA:148,0
DA:149,0
DA:150,0
DA:151,0
DA:153,0
DA:154,0
DA:156,0
DA:159,0
DA:160,0
DA:163,0
DA:164,0
DA:165,0
DA:166,0
DA:168,0
DA:169,0
DA:170,0
DA:171,0
DA:174,0
DA:175,0
DA:176,0
DA:177,0
DA:181,0
DA:185,0
DA:191,0
DA:195,0
DA:196,0
DA:198,0
DA:199,0
DA:200,0
DA:201,0
DA:202,0
DA:203,0
DA:204,0
DA:205,0
DA:207,0
DA:208,0
DA:209,0
DA:211,0
DA:215,0
DA:217,0
DA:218,0
DA:226,0
DA:228,0
DA:230,0
DA:231,0
DA:232,0
DA:233,0
DA:235,0
DA:237,0
DA:239,0
DA:241,0
DA:242,0
DA:243,0
DA:244,0
DA:245,0
DA:247,0
DA:248,0
DA:249,0
DA:250,0
DA:256,0
DA:257,0
DA:258,0
DA:261,0
DA:262,0
DA:263,0
DA:264,0
DA:266,0
DA:279,0
DA:280,0
DA:281,0
DA:285,0
DA:287,0
DA:299,0
DA:308,0
DA:310,0
DA:311,0
DA:312,0
DA:313,0
DA:315,0
DA:316,0
DA:317,0
DA:318,0
DA:319,0
DA:321,0
DA:322,0
DA:323,0
DA:324,0
DA:325,0
DA:328,0
DA:329,0
DA:330,0
DA:331,0
DA:332,0
DA:335,0
DA:339,0
DA:346,0
DA:348,0
DA:349,0
DA:354,0
DA:356,0
DA:357,0
DA:362,0
DA:364,0
DA:365,0
DA:370,0
DA:372,0
DA:373,0
DA:380,0
DA:388,0
DA:389,0
DA:390,0
DA:392,0
DA:393,0
DA:394,0
DA:395,0
DA:396,0
DA:397,0
DA:398,0
DA:402,0
DA:404,0
DA:405,0
DA:406,0
DA:407,0
DA:408,0
DA:418,0
DA:425,0
DA:427,0
DA:428,0
DA:429,0
DA:430,0
DA:431,0
DA:433,0
DA:434,0
DA:435,0
DA:436,0
DA:437,0
DA:440,0
DA:441,0
DA:442,0
DA:443,0
DA:444,0
DA:447,0
DA:448,0
DA:449,0
DA:450,0
DA:451,0
DA:452,0
DA:457,0
DA:459,0
LF:201
LH:0
end_of_record
SF:lib\shared\ui\dialogs\dialogs_utils.dart
DA:12,0
DA:17,0
DA:18,0
DA:20,0
DA:30,0
DA:31,0
DA:36,0
DA:37,0
DA:40,0
DA:43,0
DA:44,0
DA:49,0
DA:50,0
DA:57,0
DA:59,0
DA:60,0
DA:61,0
DA:62,0
DA:64,0
DA:65,0
DA:66,0
DA:72,0
DA:75,0
DA:76,0
DA:77,0
DA:78,0
DA:82,0
DA:83,0
DA:88,0
DA:89,0
DA:94,0
DA:95,0
DA:96,0
DA:98,0
DA:99,0
DA:100,0
DA:104,0
DA:105,0
DA:110,0
DA:111,0
DA:112,0
DA:113,0
DA:118,0
DA:122,0
DA:123,0
DA:124,0
DA:125,0
DA:126,0
DA:128,0
LF:49
LH:0
end_of_record
SF:lib\shared\ui\widgets\description_markdown_view.dart
DA:14,2
DA:24,3
DA:26,3
DA:27,3
DA:28,0
DA:29,0
DA:32,0
DA:33,0
DA:34,0
DA:38,3
DA:39,3
DA:40,3
DA:41,3
DA:42,3
DA:47,1
DA:48,1
DA:49,1
DA:50,1
DA:51,1
LF:19
LH:14
end_of_record
SF:lib\features\primary_sources\presentation\widgets\primary_source_toolbar_overflow_menu.dart
DA:40,1
DA:71,0
DA:72,0
DA:74,0
DA:75,0
DA:76,0
DA:77,0
DA:79,1
DA:81,1
DA:82,1
DA:83,1
DA:84,1
DA:85,2
DA:86,1
DA:89,1
DA:90,2
DA:91,0
DA:92,0
DA:94,0
DA:96,0
DA:97,0
DA:98,0
DA:99,0
DA:100,0
DA:101,0
DA:105,0
DA:108,0
DA:109,0
DA:110,0
DA:111,0
DA:114,0
DA:116,0
DA:119,0
DA:122,0
DA:125,0
DA:126,0
DA:139,0
DA:144,0
DA:145,0
DA:146,0
DA:148,0
DA:149,0
DA:150,0
DA:151,0
DA:153,0
DA:154,0
DA:155,0
DA:156,0
DA:157,0
DA:158,0
DA:161,0
DA:162,0
DA:164,0
DA:166,0
DA:172,0
DA:173,0
DA:175,0
DA:176,0
DA:177,0
DA:178,0
DA:179,0
DA:180,0
DA:181,0
DA:182,0
DA:183,0
DA:185,0
DA:191,0
DA:192,0
DA:194,0
DA:195,0
DA:196,0
DA:197,0
DA:198,0
DA:199,0
DA:200,0
DA:201,0
DA:202,0
DA:204,0
DA:210,0
DA:211,0
DA:213,0
DA:214,0
DA:215,0
DA:216,0
DA:217,0
DA:218,0
DA:219,0
DA:220,0
DA:221,0
DA:223,0
DA:229,0
DA:230,0
DA:231,0
DA:232,0
DA:236,0
DA:237,0
DA:241,0
DA:242,0
DA:243,0
DA:246,0
DA:247,0
DA:248,0
DA:252,0
DA:253,0
DA:257,0
DA:258,0
DA:260,0
DA:263,0
DA:264,0
DA:265,0
DA:269,0
DA:270,0
DA:274,0
DA:275,0
DA:276,0
DA:279,0
DA:280,0
DA:281,0
DA:285,0
DA:286,0
DA:290,0
DA:291,0
DA:292,0
DA:295,0
DA:296,0
DA:297,0
DA:301,0
DA:302,0
DA:306,0
DA:307,0
DA:308,0
DA:311,0
DA:312,0
DA:313,0
DA:317,0
DA:318,0
DA:322,0
DA:323,0
DA:324,0
DA:327,0
DA:328,0
DA:329,0
DA:333,0
DA:334,0
DA:338,0
DA:339,0
DA:340,0
DA:343,0
DA:344,0
DA:346,0
DA:347,0
DA:348,0
DA:349,0
DA:350,0
DA:351,0
DA:352,0
DA:353,0
DA:354,0
DA:356,0
DA:365,0
DA:374,0
DA:375,0
DA:376,0
DA:377,0
DA:379,0
DA:381,0
DA:383,0
DA:385,0
DA:388,0
DA:389,0
DA:390,0
DA:395,0
DA:402,0
DA:403,0
DA:404,0
DA:407,0
DA:408,0
DA:409,0
DA:412,0
DA:413,0
DA:414,0
DA:417,0
DA:418,0
DA:419,0
DA:422,0
DA:423,0
DA:424,0
DA:427,0
DA:428,0
DA:429,0
DA:432,0
DA:433,0
DA:434,0
DA:437,0
DA:438,0
DA:439,0
DA:442,0
DA:443,0
DA:444,0
DA:447,0
DA:448,0
DA:449,0
DA:452,0
DA:453,0
DA:454,0
DA:457,0
DA:458,0
DA:459,0
LF:208
LH:10
end_of_record
SF:lib\features\settings\presentation\bloc\settings_state.dart
DA:6,11
DA:12,11
DA:13,11
DA:14,11
DA:15,11
DA:28,11
DA:34,11
DA:35,11
DA:36,4
DA:37,0
DA:41,11
DA:44,11
DA:45,33
DA:46,33
DA:47,33
DA:48,33
DA:51,0
DA:52,0
LF:18
LH:15
end_of_record
SF:lib\features\settings\presentation\screens\settings_screen.dart
DA:14,1
DA:16,2
DA:17,2
DA:23,2
DA:25,2
DA:26,2
DA:28,2
DA:29,2
DA:30,2
DA:31,2
DA:32,2
DA:33,2
DA:35,2
DA:36,2
DA:37,4
DA:38,6
DA:43,2
DA:44,4
DA:45,6
DA:51,2
DA:53,2
DA:54,2
DA:56,2
DA:58,2
DA:59,2
DA:60,4
DA:61,2
DA:62,4
DA:63,6
DA:64,2
DA:67,2
DA:68,4
DA:69,6
DA:70,2
DA:73,2
DA:75,2
DA:77,1
DA:78,2
DA:79,1
DA:81,1
DA:83,1
DA:87,1
DA:88,2
DA:95,2
DA:97,2
DA:98,2
DA:99,4
DA:100,2
DA:101,4
DA:102,6
DA:103,2
DA:106,2
DA:107,4
DA:108,6
DA:109,2
DA:112,2
DA:114,2
DA:116,0
DA:117,0
DA:118,0
DA:120,0
DA:122,0
DA:126,0
DA:127,0
DA:134,2
DA:136,2
DA:137,2
DA:138,4
DA:139,2
DA:140,4
DA:141,6
DA:142,2
DA:145,2
DA:146,4
DA:147,6
DA:148,2
DA:151,2
DA:153,2
DA:155,0
DA:156,0
DA:157,0
DA:159,0
DA:161,0
DA:165,0
DA:166,0
DA:173,2
DA:175,2
DA:176,2
DA:177,2
DA:178,2
DA:179,2
DA:181,2
DA:182,4
DA:183,6
DA:184,2
DA:187,2
DA:188,2
DA:189,2
DA:190,4
DA:191,6
DA:192,2
DA:195,2
DA:196,2
DA:197,0
DA:199,0
DA:201,0
DA:202,0
DA:205,0
DA:218,1
DA:222,1
DA:223,1
DA:225,1
DA:227,1
DA:228,1
DA:229,1
DA:230,1
DA:231,1
DA:233,1
DA:235,2
DA:236,1
DA:237,2
DA:238,1
DA:239,1
DA:240,1
DA:241,1
DA:242,2
DA:243,1
DA:245,1
DA:247,1
DA:248,1
DA:249,1
DA:250,1
DA:251,1
DA:252,1
DA:254,1
DA:256,3
DA:258,1
DA:259,1
DA:273,0
DA:274,0
DA:275,0
DA:277,0
DA:279,0
DA:280,0
DA:281,0
DA:282,0
DA:284,0
DA:286,0
DA:287,0
DA:288,0
DA:289,0
DA:290,0
DA:291,0
DA:292,0
DA:293,0
DA:294,0
DA:295,0
DA:297,0
DA:299,0
DA:300,0
DA:301,0
DA:302,0
DA:304,0
DA:306,0
DA:308,0
DA:310,0
DA:312,0
DA:313,0
DA:326,0
DA:330,0
DA:331,0
DA:333,0
DA:335,0
DA:336,0
DA:337,0
DA:338,0
DA:340,0
DA:342,0
DA:343,0
DA:344,0
DA:345,0
DA:346,0
DA:347,0
DA:348,0
DA:349,0
DA:350,0
DA:351,0
DA:353,0
DA:355,0
DA:356,0
DA:357,0
DA:358,0
DA:359,0
DA:360,0
DA:362,0
DA:364,0
DA:366,0
DA:367,0
LF:198
LH:119
end_of_record
SF:lib\shared\ui\theme\material_theme.dart
DA:4,1
DA:6,1
DA:7,1
DA:8,0
DA:9,0
DA:10,0
DA:11,0
DA:12,0
DA:13,0
DA:15,0
DA:19,1
DA:21,1
DA:22,0
DA:23,1
DA:24,1
DA:25,0
DA:26,0
DA:28,0
DA:32,1
DA:83,0
DA:134,0
DA:185,0
DA:236,1
DA:237,2
DA:238,1
DA:239,2
DA:240,2
DA:241,3
DA:243,2
DA:244,3
DA:247,2
DA:248,2
DA:249,3
DA:251,2
DA:252,3
DA:255,2
DA:256,2
DA:257,3
DA:259,2
DA:260,3
DA:263,2
DA:264,2
DA:265,3
DA:267,2
DA:268,3
DA:271,2
DA:272,2
DA:273,3
DA:275,2
DA:276,3
DA:279,2
DA:280,2
DA:281,3
DA:283,2
DA:284,3
DA:287,2
DA:288,2
DA:289,3
DA:291,2
DA:292,3
DA:295,2
DA:296,2
DA:297,3
DA:299,2
DA:300,3
DA:303,2
DA:304,2
DA:305,3
DA:307,2
DA:308,3
DA:311,2
DA:312,2
DA:313,3
DA:315,2
DA:316,3
DA:319,2
DA:320,2
DA:321,3
DA:323,2
DA:324,3
DA:327,2
DA:328,2
DA:329,3
DA:331,2
DA:332,3
DA:335,2
DA:336,2
DA:337,3
DA:339,2
DA:340,3
DA:343,2
DA:344,2
DA:345,3
DA:347,2
DA:348,3
DA:351,2
DA:352,2
DA:353,3
DA:355,2
DA:356,3
LF:100
LH:86
end_of_record
SF:lib\features\topics\data\models\topic_info.dart
DA:7,6
DA:14,2
DA:17,2
DA:18,6
DA:19,6
DA:20,3
DA:21,3
DA:22,3
DA:25,0
DA:26,0
LF:10
LH:8
end_of_record
SF:lib\features\topics\data\models\topic_resource.dart
DA:4,6
DA:14,1
DA:17,1
DA:18,3
DA:19,3
DA:20,3
DA:21,3
DA:24,0
DA:25,0
LF:9
LH:7
end_of_record
SF:lib\features\topics\data\repositories\topics_repository.dart
DA:10,7
DA:11,3
DA:15,3
DA:18,6
DA:25,6
DA:26,6
DA:28,1
DA:29,2
DA:30,1
DA:31,1
DA:32,1
DA:33,1
DA:36,1
DA:37,1
DA:39,3
DA:40,1
DA:41,1
DA:50,2
DA:54,2
DA:59,4
DA:66,4
DA:67,4
DA:68,1
DA:70,3
DA:71,1
DA:72,1
DA:81,1
DA:85,1
DA:90,2
DA:97,2
DA:98,2
DA:104,1
DA:105,1
DA:106,1
DA:107,1
DA:108,1
DA:109,1
DA:113,3
DA:114,1
DA:115,1
DA:124,1
DA:125,1
DA:132,2
DA:133,1
DA:134,1
DA:137,3
DA:138,1
DA:139,1
DA:148,1
DA:149,1
DA:150,1
DA:151,1
DA:152,1
LF:53
LH:53
end_of_record
SF:lib\infra\db\common\db_common.dart
DA:6,1
DA:9,2
DA:10,2
DA:12,1
DA:13,1
DA:17,2
DA:18,2
DA:19,2
DA:20,2
DA:21,2
DA:22,2
DA:26,2
DA:27,2
DA:28,2
DA:29,2
DA:31,1
DA:32,1
DA:36,2
DA:37,2
DA:38,2
DA:39,2
DA:40,1
DA:41,1
DA:42,1
DA:43,1
DA:44,2
DA:45,1
DA:46,1
DA:47,1
DA:48,1
DA:49,2
DA:50,0
DA:51,0
DA:52,2
DA:54,1
DA:55,1
DA:59,2
DA:60,2
DA:61,1
DA:62,1
DA:63,2
DA:64,2
DA:66,1
DA:67,1
DA:71,2
DA:72,2
DA:73,1
DA:74,1
DA:75,2
DA:76,2
DA:78,1
DA:79,1
DA:83,2
DA:84,2
DA:85,1
DA:86,1
DA:87,2
DA:88,2
DA:90,1
DA:91,1
DA:95,2
DA:96,2
DA:97,2
DA:98,2
DA:99,2
DA:100,1
DA:101,1
DA:102,1
DA:103,1
DA:104,2
DA:105,0
DA:106,0
DA:107,1
DA:108,1
DA:110,1
DA:111,1
DA:115,2
DA:116,2
DA:117,2
DA:118,2
DA:119,2
DA:120,2
DA:121,2
DA:122,1
DA:123,1
DA:124,1
DA:125,1
DA:127,1
DA:128,1
DA:145,18
DA:147,6
DA:150,6
DA:151,6
DA:152,6
DA:153,6
DA:154,6
DA:156,1
DA:157,1
DA:158,1
DA:167,1
DA:168,1
DA:183,1
DA:193,1
DA:203,1
DA:213,1
DA:227,1
DA:242,1
DA:243,1
DA:250,1
DA:251,1
DA:256,6
DA:259,6
DA:265,18
DA:270,18
DA:271,6
DA:276,6
DA:282,6
LF:117
LH:113
end_of_record
SF:lib\infra\db\data_sources\topics_data_source.dart
DA:18,4
DA:19,3
DA:23,3
DA:25,6
DA:28,3
DA:30,6
DA:33,2
DA:35,4
DA:38,1
DA:40,2
DA:43,1
DA:45,2
LF:12
LH:12
end_of_record
SF:lib\features\topics\presentation\bloc\topic_content_state.dart
DA:4,8
DA:14,4
DA:33,4
DA:43,4
DA:44,2
DA:45,4
DA:46,2
DA:47,2
DA:48,4
DA:49,4
DA:50,4
DA:54,4
DA:57,4
DA:58,12
DA:59,12
DA:60,12
DA:61,9
DA:62,9
DA:63,9
DA:64,9
DA:65,0
DA:68,0
DA:69,0
DA:70,0
DA:71,0
DA:72,0
DA:73,0
DA:74,0
DA:75,0
DA:76,0
LF:30
LH:20
end_of_record
SF:lib\features\topics\presentation\bloc\topics_catalog_cubit.dart
DA:14,4
DA:19,8
DA:20,12
DA:21,7
DA:22,4
DA:23,8
DA:24,24
DA:32,4
DA:33,8
DA:34,8
DA:35,1
DA:38,1
DA:39,2
DA:47,4
DA:50,4
DA:51,8
DA:54,8
DA:55,2
DA:58,2
DA:59,2
DA:60,2
DA:62,6
DA:66,2
DA:67,2
DA:68,2
DA:71,2
DA:72,4
DA:82,4
DA:83,12
DA:86,2
DA:88,8
DA:89,6
DA:90,2
DA:91,2
DA:92,2
DA:93,2
DA:96,2
DA:97,4
DA:98,4
DA:99,2
DA:100,4
DA:102,0
DA:105,2
DA:108,4
DA:110,8
DA:111,8
DA:112,4
LF:47
LH:46
end_of_record
SF:lib\features\topics\presentation\bloc\topics_catalog_state.dart
DA:7,5
DA:13,5
DA:14,5
DA:16,5
DA:17,5
DA:19,5
DA:20,5
DA:31,5
DA:39,5
DA:40,3
DA:41,4
DA:42,5
DA:43,1
DA:44,1
DA:48,4
DA:51,4
DA:52,12
DA:53,12
DA:54,6
DA:55,6
DA:56,6
DA:57,3
DA:60,0
DA:61,0
DA:62,0
DA:63,0
DA:64,0
DA:65,0
DA:66,0
LF:29
LH:22
end_of_record
SF:lib\features\topics\presentation\screens\main_screen.dart
DA:15,1
DA:17,1
DA:18,1
DA:28,1
DA:30,1
DA:31,3
DA:32,2
DA:33,1
DA:34,1
DA:35,1
DA:36,0
DA:42,1
DA:44,2
DA:45,1
DA:48,1
DA:50,1
DA:51,1
DA:53,1
DA:54,1
DA:55,1
DA:57,1
DA:59,1
DA:60,1
DA:62,1
DA:70,2
DA:71,0
DA:72,0
DA:73,0
DA:74,0
DA:75,0
DA:76,0
DA:80,0
DA:81,0
DA:82,0
DA:83,0
DA:84,0
DA:85,0
DA:89,0
DA:90,0
DA:91,0
DA:92,0
DA:100,1
DA:101,1
DA:103,1
DA:105,1
DA:106,2
DA:108,2
DA:110,0
DA:111,0
DA:116,1
DA:118,1
DA:119,1
DA:120,1
DA:121,0
DA:122,0
DA:123,0
DA:128,0
DA:130,0
DA:132,0
DA:133,0
DA:135,0
DA:138,1
DA:139,1
LF:63
LH:36
end_of_record
SF:lib\features\topics\presentation\widgets\drawer_content.dart
DA:13,1
DA:15,0
DA:17,0
DA:25,0
DA:27,0
DA:28,0
DA:31,0
DA:32,0
DA:33,0
DA:34,0
DA:38,0
DA:39,0
DA:40,0
DA:41,0
DA:42,0
DA:43,0
DA:48,0
DA:49,0
DA:50,0
DA:54,0
DA:56,0
DA:57,0
DA:58,0
DA:60,0
DA:61,0
DA:63,0
DA:64,0
DA:65,0
DA:66,0
DA:68,0
DA:69,0
DA:70,0
DA:71,0
DA:73,0
DA:74,0
DA:77,0
DA:78,0
DA:80,0
DA:82,0
DA:83,0
DA:84,0
DA:85,0
DA:86,0
DA:89,0
DA:90,0
DA:92,0
DA:93,0
DA:94,0
DA:95,0
DA:96,0
DA:99,0
DA:101,0
DA:102,0
DA:103,0
DA:104,0
DA:105,0
DA:108,0
DA:109,0
DA:111,0
DA:112,0
DA:113,0
DA:114,0
DA:115,0
DA:125,0
DA:127,0
DA:129,0
DA:130,0
DA:131,0
DA:132,0
DA:133,0
DA:134,0
DA:136,0
DA:138,0
DA:141,0
LF:74
LH:1
end_of_record
SF:lib\features\topics\presentation\widgets\topic_list.dart
DA:10,5
DA:12,2
DA:14,4
DA:15,2
DA:16,2
DA:17,2
DA:18,2
DA:19,2
DA:20,4
DA:25,1
DA:26,1
DA:27,2
DA:31,1
DA:32,1
DA:33,1
DA:34,2
DA:36,4
DA:39,1
LF:18
LH:18
end_of_record
SF:lib\features\topics\presentation\screens\topic_screen.dart
DA:26,1
DA:28,2
DA:29,2
DA:43,2
DA:45,2
DA:46,4
DA:47,4
DA:48,4
DA:49,4
DA:50,4
DA:54,2
DA:56,4
DA:57,4
DA:58,2
DA:61,2
DA:63,2
DA:64,2
DA:65,2
DA:67,2
DA:68,2
DA:69,2
DA:70,2
DA:72,2
DA:74,1
DA:75,2
DA:77,1
DA:78,1
DA:79,1
DA:81,1
DA:82,1
DA:83,1
DA:84,0
DA:85,0
DA:86,0
DA:87,0
DA:94,4
DA:95,0
DA:96,0
DA:97,0
DA:98,0
DA:99,0
DA:100,0
DA:104,0
DA:105,0
DA:106,0
DA:107,0
DA:108,0
DA:109,0
DA:113,0
DA:114,0
DA:115,0
DA:116,0
DA:124,10
DA:125,2
DA:126,4
DA:127,2
DA:131,2
DA:132,2
DA:133,2
DA:135,2
DA:136,2
DA:138,8
DA:143,2
DA:145,8
DA:151,2
DA:160,2
DA:161,2
DA:164,4
DA:170,0
DA:171,0
DA:172,0
DA:176,0
DA:177,0
DA:178,0
DA:181,0
DA:182,0
DA:183,0
DA:186,0
DA:189,0
DA:190,0
DA:191,0
DA:192,0
DA:193,0
DA:196,0
DA:197,0
DA:198,0
DA:200,0
DA:203,0
DA:204,0
DA:209,0
DA:211,0
DA:214,0
DA:215,0
DA:220,0
DA:221,0
DA:223,0
DA:224,0
DA:225,0
DA:226,0
DA:229,0
DA:230,0
DA:231,0
DA:233,0
DA:235,0
DA:237,0
DA:243,0
DA:248,0
DA:250,0
DA:251,0
DA:253,0
DA:254,0
DA:259,0
DA:260,0
DA:261,0
DA:262,0
DA:266,0
DA:267,0
DA:268,0
DA:270,0
DA:275,0
DA:277,0
DA:279,0
DA:284,0
DA:285,0
DA:286,0
DA:287,0
DA:288,0
DA:292,0
DA:296,0
DA:297,0
DA:298,0
DA:303,0
DA:304,0
DA:305,0
DA:306,0
DA:310,0
DA:313,0
DA:315,0
DA:316,0
DA:322,0
DA:329,0
DA:334,0
DA:335,0
DA:337,0
DA:340,0
DA:341,0
DA:345,0
DA:347,0
DA:348,0
DA:354,0
DA:355,0
DA:357,0
DA:359,0
DA:360,0
DA:362,0
DA:364,0
DA:366,0
DA:368,0
DA:370,0
DA:372,0
LF:160
LH:48
end_of_record
SF:lib\features\topics\presentation\widgets\drawer_item.dart
DA:9,0
DA:16,0
DA:18,0
DA:19,0
DA:20,0
DA:21,0
DA:23,0
DA:25,0
DA:26,0
DA:27,0
DA:28,0
DA:29,0
DA:32,0
DA:34,0
DA:36,0
DA:37,0
DA:38,0
DA:39,0
DA:42,0
DA:45,0
DA:46,0
DA:47,0
DA:49,0
LF:23
LH:0
end_of_record
SF:lib\features\topics\presentation\widgets\topic_card.dart
DA:9,2
DA:14,0
DA:15,0
DA:19,0
DA:23,2
DA:27,2
DA:28,2
DA:29,2
DA:30,2
DA:32,2
DA:35,2
DA:38,2
DA:40,1
DA:41,2
DA:42,2
DA:43,2
DA:46,2
DA:49,4
DA:51,2
DA:52,4
DA:53,8
DA:58,2
DA:59,4
DA:60,2
DA:62,6
DA:64,2
DA:69,2
DA:76,0
DA:79,4
DA:81,2
DA:82,0
DA:84,2
DA:85,2
DA:88,2
DA:92,0
DA:93,0
DA:97,0
DA:98,0
LF:38
LH:29
end_of_record
SF:lib\infra\db\connectors\database_version_loader.dart
DA:8,2
DA:13,2
DA:19,2
DA:20,2
DA:21,2
DA:22,2
DA:25,2
DA:27,2
DA:31,2
DA:32,4
DA:33,2
DA:34,2
DA:35,2
DA:38,4
DA:39,4
DA:40,4
DA:45,2
DA:53,2
LF:18
LH:18
end_of_record
SF:lib\infra\db\connectors\native.dart
DA:15,7
DA:16,14
DA:19,7
DA:20,7
DA:21,14
DA:24,1
DA:26,1
DA:29,1
DA:30,1
DA:31,2
DA:32,1
DA:36,1
DA:37,3
DA:40,3
DA:43,1
DA:44,1
DA:45,2
DA:46,1
DA:49,1
DA:52,1
DA:54,1
DA:55,2
DA:56,1
DA:60,1
DA:62,1
DA:64,1
DA:65,1
DA:66,1
DA:67,1
DA:72,2
DA:75,1
DA:76,1
DA:77,1
DA:80,1
DA:82,2
DA:83,1
DA:85,1
DA:86,1
DA:87,1
DA:89,1
DA:93,0
DA:94,0
DA:96,0
DA:102,1
DA:103,1
DA:105,1
DA:106,1
DA:108,1
DA:112,1
DA:113,2
DA:114,1
DA:115,1
DA:116,1
DA:117,1
DA:118,1
DA:120,1
DA:124,1
DA:125,1
DA:132,0
DA:133,0
DA:135,0
DA:143,2
DA:144,1
DA:145,1
DA:146,1
DA:148,1
DA:154,5
DA:157,1
DA:158,1
DA:160,1
DA:166,1
DA:168,2
DA:170,4
DA:174,7
DA:176,13
DA:177,12
DA:180,6
DA:182,4
DA:183,4
DA:184,4
DA:186,1
DA:187,2
DA:188,2
DA:189,1
DA:192,2
LF:85
LH:79
end_of_record
SF:lib\infra\db\localized\db_localized.dart
DA:6,1
DA:9,2
DA:10,2
DA:12,1
DA:13,1
DA:17,2
DA:18,2
DA:22,2
DA:23,2
DA:24,2
DA:25,2
DA:26,1
DA:27,1
DA:28,1
DA:29,1
DA:30,2
DA:32,1
DA:33,1
DA:37,2
DA:38,2
DA:39,2
DA:40,2
DA:41,2
DA:42,2
DA:43,2
DA:44,2
DA:45,2
DA:47,1
DA:48,1
DA:52,2
DA:53,2
DA:54,2
DA:56,1
DA:57,1
DA:70,16
DA:72,5
DA:75,5
DA:76,5
DA:77,5
DA:78,5
DA:79,5
DA:81,1
DA:82,1
DA:84,1
DA:90,1
DA:101,1
DA:114,1
DA:134,1
DA:152,1
DA:153,1
DA:155,1
DA:156,1
DA:169,1
DA:178,1
DA:179,1
DA:186,1
DA:187,1
DA:192,5
DA:195,5
DA:201,15
DA:206,15
DA:207,5
DA:212,5
DA:218,5
LF:64
LH:64
end_of_record
SF:lib\infra\db\runtime\gateways\lexicon_database_gateway.dart
DA:21,10
DA:22,5
DA:24,5
DA:25,5
DA:28,5
DA:34,4
DA:35,8
DA:37,1
DA:38,2
DA:40,1
DA:41,1
DA:43,1
DA:44,1
DA:46,1
DA:48,2
DA:49,1
DA:52,1
DA:54,2
DA:55,1
DA:58,1
DA:59,2
DA:60,0
DA:61,0
DA:64,2
DA:65,7
DA:67,2
DA:68,2
DA:69,4
DA:70,1
LF:29
LH:27
end_of_record
SF:lib\infra\db\runtime\gateways\primary_sources_database_gateway.dart
DA:36,18
DA:37,9
DA:39,9
DA:40,9
DA:43,9
DA:57,2
DA:58,4
DA:60,2
DA:61,2
DA:63,2
DA:65,2
DA:67,2
DA:69,2
DA:71,2
DA:73,2
DA:75,2
DA:77,2
DA:79,2
DA:81,2
DA:83,2
DA:85,2
DA:87,2
DA:89,2
DA:91,1
DA:93,2
DA:94,1
DA:97,1
DA:99,2
DA:100,1
DA:103,1
DA:105,3
DA:108,3
DA:109,3
DA:110,4
DA:111,1
DA:112,1
DA:115,1
DA:116,2
DA:117,0
DA:118,0
DA:119,0
DA:120,0
DA:121,0
DA:122,0
DA:123,0
DA:124,0
DA:127,2
DA:128,2
DA:129,4
DA:130,1
DA:132,2
DA:133,2
DA:134,4
DA:135,1
DA:137,1
DA:138,1
DA:139,2
DA:140,4
DA:141,1
DA:143,2
DA:144,2
DA:145,4
DA:146,1
DA:148,2
DA:149,2
DA:150,4
DA:151,1
DA:153,2
DA:154,2
DA:155,4
DA:156,1
DA:158,2
DA:159,2
DA:160,4
DA:161,1
DA:163,1
DA:164,1
DA:165,2
DA:166,4
DA:167,1
LF:80
LH:72
end_of_record
SF:lib\infra\db\runtime\gateways\articles_database_gateway.dart
DA:26,10
DA:27,5
DA:29,5
DA:30,5
DA:33,5
DA:37,1
DA:38,2
DA:40,1
DA:41,2
DA:43,1
DA:45,2
DA:48,3
DA:50,6
DA:53,3
DA:57,6
DA:60,18
DA:61,6
DA:62,9
DA:63,9
DA:66,12
DA:68,3
DA:71,2
DA:73,6
DA:76,12
DA:77,8
DA:78,2
DA:79,1
DA:82,1
DA:84,3
DA:85,1
DA:87,6
DA:88,4
DA:89,1
DA:92,1
DA:94,3
DA:95,1
DA:97,3
DA:98,3
DA:99,4
DA:100,1
LF:40
LH:40
end_of_record
SF:lib\infra\db\runtime\db_manager.dart
DA:8,39
DA:9,13
DA:11,13
DA:12,13
DA:19,8
DA:20,12
DA:21,6
DA:22,18
DA:24,6
DA:25,12
DA:26,6
DA:27,2
DA:30,1
DA:33,6
DA:34,12
DA:35,18
DA:36,6
DA:37,24
DA:40,6
DA:41,12
DA:42,1
DA:44,6
DA:45,3
DA:48,10
DA:49,8
DA:50,4
DA:51,12
DA:52,16
LF:28
LH:28
end_of_record
SF:lib\main.dart
DA:17,0
DA:18,0
DA:19,0
DA:21,0
DA:22,0
DA:24,0
DA:25,0
DA:26,0
DA:27,0
DA:29,0
DA:30,0
DA:31,0
DA:36,0
DA:37,0
DA:43,1
DA:45,1
DA:47,1
DA:48,3
DA:50,2
DA:51,2
DA:52,1
DA:54,1
DA:56,1
DA:57,1
DA:59,2
DA:60,2
DA:61,2
DA:76,1
DA:77,1
DA:87,1
DA:88,2
DA:89,1
DA:90,0
LF:33
LH:18
end_of_record
SF:lib\core\logging\app_bloc_observer.dart
DA:9,1
DA:16,1
DA:18,1
DA:19,1
DA:20,4
DA:24,1
DA:26,1
DA:27,4
DA:29,1
DA:32,1
DA:35,2
DA:36,2
DA:37,4
DA:40,1
DA:43,1
DA:45,1
DA:46,2
DA:47,5
DA:50,1
DA:53,1
DA:55,4
DA:56,1
DA:59,1
DA:61,1
DA:62,4
DA:64,1
LF:26
LH:26
end_of_record
SF:lib\core\logging\app_logger_formatter.dart
DA:4,1
DA:6,1
DA:8,2
DA:9,4
DA:10,1
DA:11,2
DA:13,1
DA:14,5
DA:15,1
LF:9
LH:9
end_of_record
