SF:lib\app\bootstrap\app_bootstrap.dart
DA:24,1
DA:31,1
DA:33,1
DA:45,1
DA:46,1
DA:49,0
DA:53,0
DA:56,1
DA:57,1
DA:58,1
DA:59,1
DA:61,2
DA:62,1
DA:64,2
DA:65,1
DA:66,1
DA:71,1
DA:72,1
DA:73,2
DA:74,1
DA:75,2
DA:78,2
DA:81,3
DA:82,2
DA:87,1
DA:88,1
DA:89,0
DA:90,0
DA:91,0
DA:93,4
DA:96,1
DA:101,1
DA:103,2
DA:104,3
DA:106,1
DA:107,2
DA:108,4
DA:109,1
DA:110,2
DA:111,3
DA:114,2
DA:118,1
DA:119,2
DA:120,2
DA:122,2
DA:123,2
DA:125,2
DA:126,2
DA:128,3
DA:133,2
DA:134,3
DA:138,2
DA:140,1
LF:53
LH:48
end_of_record
SF:lib\app\di\app_di.dart
DA:16,0
DA:18,12
DA:20,4
DA:21,8
DA:22,2
DA:24,8
DA:27,2
DA:30,2
DA:31,2
DA:32,2
DA:33,4
DA:34,2
DA:38,2
DA:39,6
DA:44,6
DA:46,2
DA:47,2
DA:50,2
DA:52,1
DA:56,1
DA:57,1
DA:61,1
DA:64,1
DA:65,1
DA:69,3
DA:76,3
DA:77,3
LF:27
LH:26
end_of_record
SF:lib\app\router\route_args.dart
DA:4,3
DA:10,2
DA:14,2
DA:22,2
DA:23,2
DA:24,2
DA:26,4
DA:30,2
DA:35,4
DA:45,2
DA:46,2
LF:11
LH:11
end_of_record
SF:lib\features\primary_sources\application\services\primary_source_reference_service.dart
DA:13,2
DA:27,2
DA:38,6
DA:39,5
DA:41,3
DA:42,3
DA:43,3
DA:47,6
DA:48,6
DA:55,3
DA:56,3
DA:57,3
DA:61,6
DA:62,6
DA:69,2
DA:76,2
DA:80,2
DA:88,2
DA:95,6
DA:99,2
DA:102,4
DA:107,2
DA:116,4
DA:120,2
DA:128,2
DA:138,2
DA:142,2
DA:143,4
DA:144,8
DA:145,4
DA:146,4
DA:147,4
DA:148,2
DA:149,2
DA:163,2
DA:167,2
DA:169,2
DA:173,2
DA:177,2
DA:180,2
DA:187,2
DA:189,2
DA:190,2
DA:196,3
DA:197,2
DA:198,3
DA:204,0
DA:205,0
DA:213,2
DA:222,2
DA:224,2
DA:225,2
DA:226,2
DA:232,3
DA:233,2
DA:234,1
DA:237,1
DA:240,1
DA:241,2
DA:242,1
DA:243,1
DA:247,1
DA:256,0
DA:259,0
DA:262,1
DA:263,2
DA:264,2
DA:265,2
DA:272,3
DA:273,6
LF:70
LH:66
end_of_record
SF:lib\features\primary_sources\data\repositories\primary_sources_db_repository.dart
DA:20,4
DA:30,11
DA:31,8
DA:33,2
DA:34,4
DA:43,2
DA:44,2
DA:45,7
DA:48,2
DA:49,2
DA:51,6
DA:52,2
DA:54,6
DA:55,2
DA:57,6
DA:58,2
DA:62,1
DA:63,1
DA:72,0
DA:73,0
DA:74,0
DA:75,0
DA:76,0
DA:80,2
DA:83,2
DA:88,2
DA:89,3
DA:90,2
DA:91,1
DA:96,2
DA:97,4
DA:101,2
DA:102,6
DA:104,2
DA:105,4
DA:106,4
DA:109,2
DA:110,4
DA:111,2
DA:113,2
DA:114,4
DA:115,2
DA:117,2
DA:118,4
DA:119,2
DA:121,2
DA:122,4
DA:123,4
DA:125,2
DA:126,4
DA:127,4
DA:130,6
DA:131,2
DA:132,2
DA:133,1
DA:134,1
DA:135,1
DA:136,1
DA:137,1
DA:138,1
DA:143,3
DA:144,2
DA:149,3
DA:150,1
DA:151,3
DA:152,1
DA:153,3
DA:154,1
DA:157,2
DA:158,3
DA:159,2
DA:160,1
DA:161,2
DA:162,1
DA:164,1
DA:165,1
DA:166,1
DA:167,1
DA:168,3
DA:169,3
DA:172,1
DA:174,1
DA:175,1
DA:176,1
DA:177,1
DA:178,1
DA:179,1
DA:180,1
DA:181,1
DA:182,1
DA:183,1
DA:184,1
DA:185,1
DA:186,1
DA:187,1
DA:190,1
DA:191,2
DA:192,1
DA:193,1
DA:195,4
DA:199,1
DA:201,1
DA:202,2
DA:203,1
DA:204,1
DA:207,1
DA:208,1
DA:211,2
DA:212,2
DA:215,0
DA:216,0
DA:217,0
DA:220,0
DA:221,0
DA:228,1
DA:229,2
DA:232,2
DA:235,1
DA:239,1
DA:240,1
DA:241,1
DA:242,1
DA:243,1
DA:244,1
DA:245,1
DA:246,1
DA:247,1
DA:248,1
DA:249,1
DA:250,1
DA:252,1
DA:253,1
DA:254,1
DA:255,1
DA:256,1
DA:257,1
DA:261,1
DA:262,1
DA:263,1
DA:264,2
DA:265,2
DA:266,1
DA:267,1
DA:268,1
DA:272,1
DA:273,1
DA:274,1
DA:275,1
DA:276,3
DA:277,2
DA:278,2
DA:282,1
DA:283,1
DA:284,4
DA:287,1
DA:288,1
DA:290,1
DA:292,0
DA:293,0
DA:294,0
DA:296,1
DA:299,1
DA:300,1
DA:302,1
DA:304,0
DA:306,0
DA:307,0
DA:308,0
DA:310,0
DA:312,1
DA:315,2
DA:319,2
DA:320,3
DA:321,1
DA:322,4
DA:327,1
DA:335,1
DA:336,2
DA:337,1
DA:339,1
DA:342,0
DA:343,0
DA:346,0
LF:183
LH:162
end_of_record
SF:lib\infra\db\runtime\database_runtime.dart
DA:12,1
DA:16,1
DA:17,1
DA:19,1
DA:25,0
DA:27,0
DA:28,0
DA:29,0
DA:32,0
DA:34,0
DA:35,0
DA:36,0
LF:12
LH:4
end_of_record
SF:lib\shared\models\page.dart
DA:11,11
DA:19,3
DA:22,2
DA:23,6
DA:24,6
DA:25,0
DA:26,0
DA:28,0
DA:29,0
LF:9
LH:5
end_of_record
SF:lib\shared\models\primary_source.dart
DA:26,17
LF:1
LH:1
end_of_record
SF:lib\shared\navigation\app_link_handler.dart
DA:25,1
DA:29,1
DA:35,2
DA:39,2
DA:47,2
DA:48,2
DA:52,2
DA:53,0
DA:60,2
DA:61,0
DA:68,2
DA:69,1
DA:72,2
DA:73,1
DA:80,2
DA:81,2
DA:89,0
DA:90,0
DA:93,0
DA:96,2
DA:97,6
DA:100,0
DA:105,0
DA:106,0
DA:107,0
DA:111,0
DA:112,0
DA:113,0
DA:117,0
DA:118,0
DA:121,0
DA:122,0
DA:126,0
DA:131,0
DA:132,0
DA:133,0
DA:137,0
DA:138,0
DA:139,0
DA:143,0
DA:144,0
DA:147,0
DA:149,0
DA:150,0
DA:151,0
DA:155,1
DA:160,1
DA:161,2
DA:162,0
DA:166,2
DA:167,1
DA:168,0
DA:172,2
DA:173,0
DA:174,0
DA:177,0
DA:179,0
DA:181,0
DA:184,1
DA:185,2
DA:187,0
DA:192,0
DA:195,1
DA:199,0
DA:203,1
DA:208,1
DA:209,2
DA:210,0
DA:214,2
DA:215,1
DA:216,0
DA:220,1
DA:221,0
DA:225,2
DA:227,0
DA:234,1
DA:240,0
DA:244,0
DA:248,2
DA:254,2
DA:255,8
DA:256,0
DA:260,4
DA:261,2
DA:262,0
DA:269,4
DA:270,4
DA:271,2
DA:272,0
DA:277,4
DA:278,6
DA:279,2
DA:280,0
DA:286,1
DA:292,3
DA:296,0
DA:297,0
DA:300,2
DA:304,0
DA:305,0
DA:306,0
DA:307,0
DA:311,0
DA:312,0
DA:313,0
DA:317,0
DA:319,0
DA:320,0
DA:322,0
DA:323,0
DA:324,0
DA:327,0
DA:328,0
DA:329,0
DA:331,0
LF:115
LH:47
end_of_record
SF:lib\features\settings\data\repositories\settings_repository.dart
DA:10,2
DA:11,2
DA:12,2
DA:14,2
DA:15,2
DA:21,2
DA:22,2
DA:25,2
DA:26,2
DA:27,4
DA:28,2
LF:11
LH:11
end_of_record
SF:lib\shared\models\app_settings.dart
DA:7,13
DA:14,5
DA:15,5
DA:16,5
DA:17,5
DA:18,5
DA:19,5
DA:23,3
DA:24,3
DA:25,3
DA:26,3
DA:27,3
DA:28,3
DA:32,13
DA:35,13
DA:36,39
DA:37,39
DA:38,39
DA:39,39
DA:40,39
DA:43,0
DA:44,0
DA:45,0
DA:46,0
DA:47,0
DA:48,0
LF:26
LH:20
end_of_record
SF:lib\l10n\app_localizations.dart
DA:67,20
DA:68,40
DA:72,14
DA:73,14
DA:1158,4
DA:1160,20
DA:1162,40
DA:1165,20
DA:1167,60
DA:1169,0
DA:1173,20
DA:1175,20
DA:1176,20
DA:1177,20
DA:1178,0
DA:1179,0
DA:1180,0
DA:1181,0
DA:1182,0
DA:1183,0
DA:1186,0
LF:21
LH:13
end_of_record
SF:lib\features\primary_sources\presentation\widgets\strong_dictionary_dialog.dart
DA:7,1
DA:11,1
DA:14,1
DA:15,1
DA:22,1
DA:24,1
DA:25,1
DA:34,1
DA:36,1
DA:37,3
DA:40,1
DA:42,1
DA:43,1
DA:44,1
DA:45,1
DA:47,4
DA:48,4
DA:50,3
DA:52,1
DA:54,1
DA:55,1
DA:56,2
DA:57,1
DA:62,1
DA:63,1
DA:64,1
DA:66,3
DA:71,1
DA:74,1
DA:75,0
DA:77,0
DA:78,0
DA:79,0
DA:82,0
DA:83,0
DA:87,1
DA:88,1
DA:89,0
DA:90,2
DA:96,0
DA:100,0
DA:103,0
DA:104,0
DA:109,0
DA:113,0
DA:114,0
LF:46
LH:32
end_of_record
SF:lib\infra\remote\supabase\server_manager.dart
DA:7,15
DA:8,5
DA:10,5
DA:11,5
DA:14,1
DA:17,1
DA:18,2
DA:21,0
DA:22,0
DA:27,1
DA:29,1
DA:32,0
DA:37,1
DA:39,1
DA:40,1
DA:41,0
DA:46,0
DA:47,0
DA:49,0
DA:51,0
DA:56,0
DA:62,3
DA:67,1
DA:72,1
DA:73,0
DA:74,0
DA:75,0
DA:77,3
DA:82,1
DA:84,1
DA:85,0
DA:86,0
DA:87,0
DA:88,0
DA:89,0
DA:92,3
DA:97,0
DA:99,0
DA:102,0
LF:39
LH:19
end_of_record
SF:lib\core\logging\common_logger.dart
DA:4,36
LF:1
LH:1
end_of_record
SF:lib\core\platform\platform_utils.dart
DA:13,7
DA:14,7
DA:18,14
DA:22,1
DA:23,1
DA:26,2
DA:30,15
DA:34,1
DA:38,2
DA:39,2
DA:42,1
DA:46,0
DA:47,0
DA:50,1
DA:51,1
DA:54,1
DA:55,1
DA:58,1
DA:59,1
DA:62,2
DA:63,2
DA:66,13
DA:69,13
DA:70,0
DA:72,13
DA:73,13
DA:74,26
DA:75,0
DA:76,26
DA:77,52
DA:83,0
DA:88,1
DA:89,1
DA:92,1
DA:96,1
DA:98,1
DA:103,2
DA:108,1
DA:109,1
DA:113,1
DA:116,0
LF:41
LH:35
end_of_record
SF:lib\features\primary_sources\application\orchestrators\page_settings_orchestrator.dart
DA:9,5
DA:51,5
DA:56,1
DA:60,3
DA:65,3
DA:66,3
DA:67,1
DA:71,1
DA:72,1
DA:74,2
DA:75,2
DA:76,1
DA:77,1
DA:78,1
DA:79,1
DA:80,1
DA:81,1
DA:82,1
DA:83,1
DA:87,1
DA:102,1
DA:108,3
DA:109,1
DA:121,3
DA:122,4
DA:126,1
DA:130,1
DA:134,3
DA:135,3
DA:136,4
LF:30
LH:30
end_of_record
SF:lib\features\primary_sources\data\repositories\pages_repository.dart
DA:9,1
DA:10,1
DA:11,1
DA:13,2
DA:15,1
DA:16,1
DA:19,1
DA:20,1
DA:21,2
DA:22,1
LF:10
LH:10
end_of_record
SF:lib\features\primary_sources\presentation\bloc\primary_sources_cubit.dart
DA:11,12
DA:16,3
DA:17,6
DA:18,3
DA:22,3
DA:23,6
DA:33,6
DA:34,3
DA:38,3
DA:39,4
DA:40,6
DA:41,4
DA:43,8
DA:47,3
DA:48,3
DA:49,3
DA:50,6
DA:52,3
DA:53,3
DA:54,3
DA:60,1
DA:63,3
DA:64,1
DA:65,2
DA:67,1
DA:77,3
DA:78,9
DA:81,4
DA:83,8
DA:84,4
LF:30
LH:30
end_of_record
SF:lib\features\primary_sources\presentation\bloc\primary_source_page_settings_cubit.dart
DA:9,4
DA:10,4
DA:14,2
DA:18,4
DA:22,2
DA:25,2
DA:29,2
DA:30,2
DA:33,2
DA:34,4
DA:35,2
DA:36,2
DA:37,2
DA:38,2
DA:39,2
DA:40,2
DA:41,2
DA:42,2
DA:47,2
DA:48,10
DA:51,1
DA:52,5
DA:55,1
DA:56,3
DA:59,1
DA:60,3
DA:63,1
DA:64,5
DA:67,1
DA:68,5
DA:71,1
DA:72,5
DA:75,2
DA:83,4
DA:90,4
DA:91,4
DA:92,4
DA:93,4
DA:94,4
DA:95,4
DA:96,4
DA:98,6
DA:101,1
DA:105,2
DA:109,1
DA:112,1
DA:113,1
LF:47
LH:47
end_of_record
SF:lib\features\topics\presentation\bloc\topic_content_cubit.dart
DA:13,4
DA:24,4
DA:25,8
DA:31,12
DA:32,4
DA:33,4
DA:34,8
DA:35,24
DA:50,4
DA:51,8
DA:52,8
DA:53,2
DA:54,4
DA:63,4
DA:64,8
DA:65,4
DA:67,4
DA:68,4
DA:75,8
DA:76,8
DA:78,8
DA:79,3
DA:80,6
DA:81,3
DA:83,3
DA:84,3
DA:93,4
DA:94,2
DA:97,1
DA:100,1
DA:101,1
DA:102,1
DA:104,1
DA:105,2
DA:106,1
DA:108,1
DA:109,1
DA:118,1
DA:119,1
DA:121,2
DA:122,2
DA:123,1
DA:126,1
DA:129,1
DA:130,3
DA:131,1
DA:133,2
DA:138,1
DA:139,2
DA:140,1
DA:144,1
DA:151,1
DA:152,1
DA:153,1
DA:159,2
DA:164,2
DA:169,1
DA:170,1
DA:171,2
DA:172,2
DA:175,2
DA:176,2
DA:179,2
DA:183,1
DA:184,2
DA:187,2
DA:193,1
DA:194,3
DA:196,4
DA:198,8
DA:199,4
LF:71
LH:71
end_of_record
SF:lib\app\router\app_router.dart
DA:17,6
DA:19,2
DA:20,2
DA:23,2
DA:28,4
DA:29,2
DA:30,2
DA:31,2
DA:34,1
DA:35,2
DA:36,1
DA:39,1
DA:43,2
DA:46,1
DA:47,1
DA:48,1
DA:49,2
DA:52,2
DA:53,3
DA:54,1
DA:56,1
DA:63,2
DA:64,1
DA:67,1
DA:68,1
DA:69,1
DA:70,1
DA:75,2
DA:78,1
DA:79,2
DA:80,1
DA:83,1
DA:87,2
DA:90,1
DA:91,1
DA:92,1
DA:95,2
DA:96,3
DA:97,1
DA:99,1
DA:105,2
DA:106,1
DA:109,1
DA:110,1
DA:111,1
DA:112,1
DA:117,2
DA:120,1
DA:121,2
DA:122,1
DA:125,1
DA:129,2
DA:132,1
DA:133,2
DA:134,1
DA:137,1
DA:141,2
DA:144,1
DA:145,2
DA:146,1
DA:149,1
DA:154,8
DA:158,1
DA:163,1
DA:164,1
DA:165,1
DA:166,1
DA:168,1
DA:169,1
DA:170,1
DA:173,1
DA:181,1
DA:182,2
DA:183,2
DA:185,2
DA:186,3
LF:76
LH:76
end_of_record
SF:lib\core\audio\audio_controller.dart
DA:7,19
DA:8,7
DA:9,7
DA:10,14
DA:12,1
DA:14,1
DA:16,1
DA:21,1
DA:23,1
DA:30,0
DA:32,2
DA:33,6
DA:34,2
DA:36,4
DA:37,2
DA:38,2
DA:45,2
DA:47,2
DA:52,3
DA:56,3
DA:60,3
DA:66,5
DA:68,12
DA:69,4
DA:72,0
DA:76,1
DA:78,2
LF:27
LH:25
end_of_record
SF:lib\features\primary_sources\presentation\screens\primary_source_screen.dart
DA:33,4
DA:40,4
DA:49,1
DA:56,0
DA:57,0
DA:69,0
DA:71,0
DA:72,0
DA:75,0
DA:77,0
DA:78,0
DA:79,0
DA:80,0
DA:83,0
DA:85,0
DA:86,0
DA:87,0
DA:88,0
DA:89,0
DA:93,0
DA:95,0
DA:96,0
DA:97,0
DA:98,0
DA:99,0
DA:103,0
DA:105,0
DA:106,0
DA:107,0
DA:108,0
DA:110,0
DA:111,0
DA:112,0
DA:113,0
DA:114,0
DA:115,0
DA:117,0
DA:118,0
DA:119,0
DA:121,0
DA:124,0
DA:125,0
DA:127,0
DA:128,0
DA:130,0
DA:131,0
DA:134,0
DA:135,0
DA:136,0
DA:137,0
DA:138,0
DA:140,0
DA:141,0
DA:143,0
DA:144,0
DA:145,0
DA:153,0
DA:165,0
DA:169,0
DA:170,0
DA:171,0
DA:172,0
DA:174,0
DA:175,0
DA:176,0
DA:177,0
DA:178,0
DA:180,0
DA:181,0
DA:184,0
DA:186,0
DA:187,0
DA:188,0
DA:189,0
DA:190,0
DA:191,0
DA:192,0
DA:193,0
DA:199,0
DA:200,0
DA:201,0
DA:203,0
DA:209,0
DA:211,0
DA:212,0
DA:213,0
DA:214,0
DA:215,0
DA:217,0
DA:218,0
DA:222,0
DA:224,0
DA:225,0
DA:226,0
DA:227,0
DA:228,0
DA:232,0
DA:234,0
DA:235,0
DA:236,0
DA:237,0
DA:243,0
DA:244,0
DA:252,0
DA:256,0
DA:260,0
DA:269,0
DA:271,0
DA:272,0
DA:273,0
DA:274,0
DA:281,0
DA:282,0
DA:283,0
DA:284,0
DA:288,0
DA:289,0
DA:290,0
DA:293,0
DA:295,0
DA:296,0
DA:300,0
DA:301,0
DA:302,0
DA:307,0
DA:312,0
DA:313,0
DA:314,0
DA:316,0
DA:317,0
DA:318,0
DA:327,0
DA:328,0
DA:330,0
DA:331,0
DA:332,0
DA:333,0
DA:348,0
DA:349,0
DA:350,0
DA:351,0
DA:352,0
DA:358,0
DA:359,0
DA:361,0
DA:362,0
DA:364,0
DA:367,0
DA:369,0
DA:370,0
DA:371,0
DA:372,0
DA:373,0
DA:374,0
DA:375,0
DA:378,0
DA:381,0
DA:383,0
DA:384,0
DA:385,0
DA:386,0
DA:387,0
DA:388,0
DA:391,0
DA:394,0
DA:396,0
DA:397,0
DA:401,0
DA:404,0
DA:420,0
DA:421,0
DA:422,0
DA:423,0
DA:425,0
DA:428,0
DA:429,0
DA:431,0
DA:434,0
DA:435,0
DA:437,0
DA:440,0
DA:441,0
DA:442,0
DA:444,0
DA:452,0
DA:456,0
DA:457,0
DA:458,0
DA:459,0
DA:461,0
DA:464,0
DA:466,0
DA:467,0
DA:468,0
DA:471,0
DA:474,0
DA:476,0
DA:477,0
DA:482,0
DA:483,0
DA:485,0
DA:493,0
DA:495,0
DA:496,0
DA:498,0
DA:501,0
DA:502,0
DA:504,0
DA:505,0
DA:515,0
DA:516,0
DA:517,0
DA:518,0
DA:519,0
DA:523,0
DA:524,0
DA:525,0
DA:529,0
DA:530,0
DA:537,0
DA:542,0
DA:545,0
DA:546,0
DA:551,0
DA:555,0
DA:557,0
DA:561,0
DA:562,0
DA:566,0
DA:568,0
DA:569,0
DA:573,0
DA:575,0
DA:576,0
DA:579,0
DA:581,0
DA:583,0
DA:589,0
DA:596,0
DA:597,0
DA:599,0
DA:601,0
DA:602,0
DA:606,0
DA:607,0
DA:617,0
DA:619,0
DA:623,0
DA:626,0
DA:628,0
DA:636,0
DA:643,0
DA:645,0
DA:646,0
DA:652,0
DA:653,0
DA:657,0
DA:658,0
DA:661,0
DA:662,0
DA:663,0
DA:664,0
DA:672,0
DA:673,0
DA:677,0
DA:680,0
DA:683,0
DA:684,0
DA:687,0
DA:691,0
DA:692,0
DA:693,0
DA:694,0
DA:695,0
DA:699,0
DA:705,0
DA:706,0
DA:707,0
DA:708,0
DA:710,0
DA:713,0
DA:715,0
DA:716,0
DA:719,0
DA:722,0
DA:724,0
DA:725,0
DA:726,0
DA:727,0
DA:728,0
DA:729,0
DA:730,0
DA:733,0
DA:736,0
DA:737,0
DA:740,0
DA:741,0
DA:754,0
DA:755,0
DA:758,0
DA:759,0
DA:760,0
DA:762,0
DA:766,0
DA:768,0
DA:769,0
DA:770,0
DA:771,0
DA:772,0
DA:773,0
DA:774,0
DA:775,0
DA:777,0
DA:778,0
DA:780,0
DA:786,0
DA:790,0
DA:792,0
DA:794,0
DA:795,0
DA:796,0
DA:797,0
DA:800,0
DA:802,0
DA:803,0
DA:804,0
DA:806,0
DA:807,0
DA:809,0
DA:810,0
DA:820,0
DA:824,0
DA:826,0
DA:829,0
DA:830,0
DA:831,0
DA:832,0
DA:835,0
DA:837,0
DA:839,0
DA:840,0
DA:847,0
DA:848,0
DA:849,0
DA:850,0
DA:851,0
DA:852,0
DA:853,0
DA:854,0
DA:855,0
DA:856,0
DA:857,0
DA:867,0
DA:869,0
DA:871,0
DA:872,0
DA:873,0
DA:876,0
DA:880,0
DA:881,0
DA:882,0
DA:883,0
DA:884,0
DA:886,0
DA:887,0
DA:890,0
DA:893,0
DA:897,0
DA:898,0
DA:901,0
DA:904,0
DA:907,0
DA:911,0
DA:914,0
DA:918,0
DA:919,0
DA:923,0
DA:924,0
DA:925,0
DA:930,0
DA:933,0
DA:934,0
DA:935,0
DA:936,0
DA:940,0
DA:949,0
DA:950,0
DA:953,0
DA:957,0
DA:958,0
DA:964,0
DA:968,0
DA:971,0
DA:974,0
DA:977,0
DA:978,0
DA:983,0
DA:984,0
DA:989,0
DA:990,0
DA:991,0
DA:992,0
DA:993,0
DA:994,0
DA:995,0
DA:996,0
DA:998,0
DA:1002,0
DA:1006,0
DA:1009,0
DA:1013,0
DA:1017,0
DA:1018,0
DA:1019,0
DA:1022,0
DA:1025,0
DA:1026,0
DA:1027,0
DA:1029,0
DA:1030,0
DA:1032,0
DA:1033,0
DA:1036,0
DA:1037,0
DA:1038,0
LF:425
LH:3
end_of_record
SF:lib\features\primary_sources\presentation\screens\primary_sources_screen.dart
DA:16,1
DA:18,2
DA:19,2
DA:27,2
DA:29,2
DA:30,8
DA:33,2
DA:35,4
DA:36,2
DA:39,2
DA:41,2
DA:42,4
DA:43,2
DA:44,2
DA:45,6
DA:46,0
DA:47,0
DA:48,2
DA:49,2
DA:50,6
DA:51,6
DA:52,6
DA:54,2
DA:55,2
DA:57,2
DA:58,2
DA:59,2
DA:60,2
DA:61,2
DA:62,2
DA:63,4
DA:65,2
DA:66,2
DA:67,2
DA:68,2
DA:69,2
DA:72,2
DA:73,2
DA:74,2
DA:75,2
DA:76,2
DA:77,2
DA:78,4
DA:80,2
DA:82,2
DA:83,4
DA:89,1
DA:90,1
DA:91,1
DA:92,1
DA:93,1
DA:94,1
DA:95,2
DA:97,1
DA:99,1
DA:100,1
DA:101,1
DA:103,1
DA:109,2
DA:110,2
DA:112,2
DA:113,2
DA:115,2
DA:117,2
DA:118,2
DA:119,2
DA:121,2
DA:122,4
DA:127,2
DA:128,2
DA:130,2
DA:131,4
DA:137,2
DA:139,2
DA:140,2
DA:141,2
DA:142,2
DA:144,8
DA:145,2
DA:146,6
DA:147,2
DA:148,1
DA:149,6
DA:151,8
DA:152,2
DA:153,4
DA:154,6
DA:156,4
DA:157,1
DA:158,2
DA:159,8
DA:161,8
DA:162,2
DA:165,2
DA:166,1
DA:167,2
DA:168,1
DA:169,1
DA:173,2
DA:174,4
DA:175,4
DA:176,2
DA:182,4
DA:183,0
DA:184,0
DA:185,0
DA:186,0
DA:187,0
DA:188,0
DA:192,0
DA:193,0
DA:194,0
DA:195,0
DA:196,0
DA:198,0
DA:199,0
DA:201,0
DA:204,0
DA:205,0
DA:209,0
DA:210,0
DA:211,0
DA:212,0
DA:220,4
DA:227,2
DA:228,2
DA:229,2
DA:230,2
DA:232,2
DA:234,2
DA:237,4
DA:238,2
DA:245,1
DA:246,1
DA:247,1
DA:248,1
DA:249,3
DA:251,1
DA:254,1
DA:255,3
LF:140
LH:118
end_of_record
SF:lib\core\async\latest_request_guard.dart
DA:2,9
DA:10,9
DA:11,18
DA:12,18
DA:15,9
DA:16,27
DA:19,10
DA:20,20
LF:8
LH:8
end_of_record
SF:lib\core\diagnostics\diagnostics_utils.dart
DA:8,1
DA:9,1
DA:10,1
DA:11,1
DA:12,2
DA:17,1
DA:18,1
DA:19,2
DA:20,1
DA:22,1
DA:24,2
DA:25,2
DA:26,2
DA:27,2
DA:28,2
DA:29,2
DA:31,0
DA:36,1
DA:37,1
DA:38,2
DA:39,2
DA:40,2
DA:41,2
DA:42,2
DA:44,0
DA:49,1
DA:51,0
DA:52,0
DA:53,0
DA:54,0
DA:55,0
DA:56,0
DA:57,0
DA:58,0
DA:59,0
DA:60,1
DA:61,0
DA:63,0
DA:64,0
DA:66,0
DA:67,0
DA:68,0
DA:69,0
DA:70,0
DA:72,1
DA:73,0
DA:75,0
DA:76,0
DA:78,0
DA:79,0
DA:80,0
DA:81,0
DA:82,0
DA:83,0
DA:85,1
DA:86,0
DA:88,0
DA:89,0
DA:91,0
DA:92,0
DA:93,0
DA:95,1
DA:96,1
DA:98,1
DA:99,4
DA:101,0
DA:102,0
DA:103,0
DA:105,0
DA:106,0
DA:108,0
DA:109,0
DA:111,0
DA:112,0
DA:113,0
DA:116,0
DA:119,1
DA:124,1
DA:127,1
DA:128,3
DA:129,3
DA:130,2
DA:131,3
DA:133,1
DA:134,1
DA:136,3
DA:137,3
DA:138,2
DA:140,0
DA:144,0
DA:149,1
DA:153,2
DA:155,3
DA:157,1
DA:158,3
DA:159,4
DA:161,0
DA:166,1
DA:168,2
DA:171,1
DA:172,1
DA:174,0
DA:177,1
LF:103
LH:54
end_of_record
SF:lib\core\errors\app_failure.dart
DA:4,9
DA:16,4
DA:20,4
DA:27,4
DA:31,4
DA:38,8
DA:42,8
DA:49,5
DA:53,5
DA:60,1
DA:62,4
DA:65,8
DA:68,6
DA:69,18
DA:70,18
DA:71,18
DA:74,1
DA:75,3
LF:18
LH:18
end_of_record
SF:lib\core\errors\app_result.dart
DA:4,12
DA:6,2
DA:8,2
DA:10,1
DA:15,1
DA:16,2
DA:18,2
DA:23,8
DA:29,6
LF:9
LH:9
end_of_record
SF:lib\core\platform\stub.dart
DA:1,1
DA:5,2
DA:9,2
DA:13,2
LF:4
LH:4
end_of_record
SF:lib\core\platform\file_downloader_native.dart
DA:6,1
DA:11,1
DA:15,1
DA:21,1
DA:22,3
DA:25,1
DA:26,3
DA:27,1
DA:28,1
DA:31,1
DA:32,1
DA:33,1
DA:34,2
LF:13
LH:13
end_of_record
SF:lib\features\about\presentation\bloc\about_cubit.dart
DA:8,3
DA:14,6
DA:16,2
DA:23,3
DA:24,9
DA:26,6
DA:27,2
DA:30,4
DA:31,2
DA:34,2
DA:35,4
DA:36,2
DA:37,2
DA:44,1
DA:47,1
DA:48,2
DA:50,1
DA:60,2
DA:61,6
DA:64,1
DA:65,3
DA:68,1
DA:69,3
DA:72,1
DA:74,2
LF:25
LH:25
end_of_record
SF:lib\features\about\presentation\bloc\about_state.dart
DA:4,7
DA:15,3
DA:36,3
DA:47,3
DA:48,3
DA:49,3
DA:50,3
DA:51,2
DA:52,3
DA:54,3
DA:56,3
DA:57,2
DA:61,3
DA:64,3
DA:65,9
DA:66,9
DA:67,9
DA:68,9
DA:69,9
DA:70,9
DA:71,9
DA:72,9
DA:73,9
DA:76,0
DA:77,0
DA:78,0
DA:79,0
DA:80,0
DA:81,0
DA:82,0
DA:83,0
DA:84,0
DA:85,0
LF:33
LH:23
end_of_record
SF:lib\features\about\presentation\screens\about_screen.dart
DA:28,1
DA:30,2
DA:31,2
DA:41,2
DA:43,2
DA:44,4
DA:47,2
DA:49,4
DA:50,4
DA:51,2
DA:54,2
DA:56,2
DA:57,2
DA:58,2
DA:59,8
DA:61,2
DA:62,8
DA:65,2
DA:66,2
DA:67,2
DA:68,2
DA:69,2
DA:70,2
DA:71,2
DA:72,4
DA:77,1
DA:78,1
DA:79,1
DA:81,1
DA:83,1
DA:85,1
DA:87,1
DA:88,2
DA:89,3
DA:90,1
DA:94,2
DA:96,1
DA:97,1
DA:98,0
DA:100,1
DA:101,2
DA:103,1
DA:104,1
DA:105,2
DA:107,1
DA:108,1
DA:109,0
DA:110,2
DA:112,1
DA:113,1
DA:114,1
DA:115,2
DA:117,1
DA:118,1
DA:119,2
DA:121,1
DA:122,2
DA:124,2
DA:125,1
DA:126,2
DA:128,1
DA:129,1
DA:130,5
DA:131,3
DA:132,1
DA:137,1
DA:144,2
DA:145,0
DA:146,0
DA:147,0
DA:148,0
DA:149,0
DA:150,0
DA:154,0
DA:155,0
DA:156,0
DA:157,0
DA:158,0
DA:159,0
DA:163,0
DA:164,0
DA:165,0
DA:166,0
DA:174,1
DA:175,1
DA:176,1
DA:178,1
DA:179,1
DA:180,2
DA:181,3
DA:186,1
DA:187,2
DA:188,3
DA:194,1
DA:203,1
DA:204,1
DA:205,1
DA:207,1
DA:208,1
DA:209,1
DA:215,1
DA:217,1
DA:218,1
DA:219,2
DA:220,3
DA:222,1
DA:225,1
DA:226,5
DA:227,3
DA:229,1
DA:238,1
DA:239,1
DA:240,1
DA:241,1
DA:244,0
DA:246,1
DA:248,2
DA:249,0
DA:251,1
DA:253,2
DA:254,0
DA:260,1
DA:261,1
DA:262,1
DA:263,1
DA:265,2
DA:266,0
DA:268,1
DA:270,2
DA:271,0
DA:272,0
DA:275,1
DA:277,2
DA:278,0
DA:279,0
DA:282,1
DA:284,2
DA:285,0
DA:286,0
DA:287,0
DA:294,1
DA:295,1
DA:297,1
DA:298,1
DA:301,1
DA:302,1
DA:307,1
DA:312,1
DA:323,1
DA:324,1
DA:325,1
DA:327,1
DA:328,1
DA:329,0
DA:330,0
DA:331,0
DA:335,1
DA:336,1
DA:337,1
DA:341,2
DA:344,1
DA:345,2
DA:346,3
DA:348,1
DA:353,1
DA:355,3
DA:356,1
DA:357,2
DA:358,3
DA:359,1
DA:362,1
DA:363,3
DA:364,1
DA:365,2
DA:366,3
DA:367,1
DA:370,1
DA:375,1
DA:376,1
DA:377,1
DA:379,1
DA:380,1
DA:381,0
DA:382,0
DA:383,0
DA:387,1
DA:388,1
DA:389,1
DA:393,2
DA:396,1
DA:397,2
DA:398,3
DA:400,1
DA:405,1
DA:407,3
DA:408,1
DA:409,2
DA:410,3
DA:411,1
DA:414,1
DA:419,1
DA:420,1
DA:421,1
DA:423,1
DA:426,1
DA:427,1
DA:428,2
DA:429,2
DA:431,1
DA:432,1
DA:433,1
DA:437,2
DA:440,1
DA:441,2
DA:442,3
DA:444,1
DA:449,1
DA:450,2
DA:451,1
DA:453,1
DA:454,1
DA:455,1
DA:456,0
DA:457,0
DA:461,0
DA:462,0
DA:468,1
DA:469,1
DA:470,1
DA:471,1
DA:473,2
DA:474,0
DA:476,0
DA:477,0
DA:478,0
DA:479,0
DA:480,0
DA:481,0
DA:482,0
DA:483,0
DA:484,0
DA:485,0
DA:486,0
DA:487,0
DA:488,0
DA:490,0
DA:491,0
DA:492,0
DA:493,0
DA:496,0
DA:499,0
DA:500,0
DA:508,0
DA:510,0
DA:511,0
DA:512,0
LF:256
LH:192
end_of_record
SF:lib\features\about\presentation\widgets\icon_url.dart
DA:10,1
DA:17,1
DA:19,1
DA:20,1
DA:21,1
DA:23,0
LF:6
LH:5
end_of_record
SF:lib\features\about\presentation\widgets\institution_card.dart
DA:10,1
DA:12,1
DA:17,1
DA:18,1
DA:20,1
DA:22,1
DA:23,1
DA:26,0
DA:27,1
DA:28,2
DA:31,1
DA:33,1
DA:34,2
DA:35,3
DA:37,1
DA:40,1
DA:45,1
DA:46,1
DA:47,1
DA:48,1
DA:49,4
DA:51,3
DA:52,2
DA:53,3
DA:54,1
DA:55,0
DA:56,0
DA:58,0
DA:59,0
DA:61,0
DA:63,0
DA:67,1
DA:68,1
DA:70,3
DA:71,1
DA:77,3
DA:78,0
DA:79,0
DA:81,0
DA:82,0
DA:89,1
DA:90,1
DA:92,3
DA:93,1
DA:99,1
DA:105,3
DA:107,1
DA:108,0
DA:111,0
DA:115,0
DA:119,1
DA:120,0
DA:123,0
DA:131,1
DA:134,1
DA:138,1
DA:140,1
LF:57
LH:41
end_of_record
SF:lib\features\about\presentation\widgets\institution_list.dart
DA:10,4
DA:12,1
DA:14,1
DA:20,1
DA:22,1
DA:23,2
DA:24,1
DA:29,1
DA:31,1
DA:32,1
DA:34,1
DA:35,1
DA:36,1
DA:37,1
DA:38,1
DA:39,1
DA:41,3
DA:42,1
DA:44,1
DA:45,0
DA:46,0
DA:48,0
DA:51,1
DA:52,2
LF:24
LH:21
end_of_record
SF:lib\features\about\presentation\widgets\library_card.dart
DA:10,1
DA:12,1
DA:16,1
DA:17,1
DA:19,1
DA:21,1
DA:22,1
DA:25,0
DA:26,1
DA:29,1
DA:31,1
DA:32,3
DA:33,3
DA:35,1
DA:38,1
DA:39,0
DA:40,3
DA:41,0
DA:42,0
DA:43,0
DA:44,0
DA:46,0
DA:49,1
DA:50,2
DA:51,1
DA:52,1
DA:53,1
DA:61,1
DA:62,1
DA:64,2
DA:65,2
DA:66,2
DA:67,2
DA:68,2
DA:69,2
DA:70,2
DA:71,2
DA:74,1
DA:75,3
DA:76,1
DA:80,1
DA:82,2
DA:86,0
DA:87,0
DA:89,0
DA:90,0
DA:98,0
DA:103,0
LF:48
LH:35
end_of_record
SF:lib\features\about\presentation\widgets\library_list.dart
DA:10,4
DA:12,1
DA:14,1
DA:20,1
DA:22,1
DA:23,2
DA:24,1
DA:29,1
DA:31,1
DA:32,1
DA:34,1
DA:35,1
DA:36,1
DA:37,1
DA:38,1
DA:39,1
DA:41,3
DA:42,1
DA:44,1
DA:45,0
DA:46,0
DA:49,1
DA:50,2
LF:23
LH:21
end_of_record
SF:lib\features\about\presentation\widgets\recommended_card.dart
DA:9,0
DA:11,0
DA:16,0
DA:17,0
DA:19,0
DA:21,0
DA:22,0
DA:25,0
DA:26,0
DA:27,0
DA:30,0
DA:32,0
DA:33,0
DA:34,0
DA:36,0
DA:43,0
DA:49,0
DA:51,0
DA:52,0
DA:55,0
DA:59,0
DA:63,0
DA:64,0
DA:67,0
DA:75,0
DA:78,0
DA:82,0
DA:84,0
LF:28
LH:0
end_of_record
SF:lib\features\about\presentation\widgets\recommended_list.dart
DA:10,4
DA:12,1
DA:14,1
DA:20,1
DA:22,1
DA:23,2
DA:24,1
DA:29,1
DA:31,1
DA:32,1
DA:34,1
DA:35,1
DA:36,1
DA:37,1
DA:38,0
DA:39,0
DA:41,0
DA:42,0
DA:43,0
DA:45,0
DA:47,1
DA:48,1
DA:49,1
DA:51,1
DA:54,1
DA:55,2
LF:26
LH:20
end_of_record
SF:lib\shared\ui\widgets\icon_link_item.dart
DA:10,4
DA:18,4
DA:20,4
DA:21,4
DA:24,12
DA:25,4
DA:26,4
DA:29,8
DA:32,0
DA:33,0
DA:36,0
DA:40,4
DA:41,8
DA:45,16
DA:46,4
LF:15
LH:12
end_of_record
SF:lib\features\settings\presentation\bloc\settings_cubit.dart
DA:8,33
DA:12,11
DA:13,33
DA:15,22
DA:16,11
DA:19,11
DA:20,22
DA:27,1
DA:30,1
DA:31,2
DA:33,1
DA:43,4
DA:44,4
DA:45,4
DA:49,1
DA:50,2
DA:53,0
DA:54,0
DA:55,0
DA:59,1
DA:60,2
DA:63,4
DA:69,8
DA:70,4
DA:71,2
DA:72,4
DA:73,4
DA:74,4
DA:78,4
DA:79,4
DA:82,12
DA:84,8
DA:86,1
DA:89,1
DA:90,2
DA:91,1
LF:36
LH:33
end_of_record
SF:lib\shared\utils\links_utils.dart
DA:11,0
DA:14,0
DA:15,0
DA:16,0
DA:17,0
DA:19,0
DA:24,0
DA:25,0
DA:30,0
DA:31,0
DA:33,0
DA:34,0
DA:36,0
DA:40,0
DA:43,0
DA:49,1
DA:50,1
DA:51,1
DA:52,1
DA:54,2
DA:55,1
DA:56,1
DA:58,1
DA:62,1
DA:63,2
DA:66,1
DA:67,3
DA:68,3
DA:69,3
DA:70,3
DA:71,2
DA:72,1
DA:74,2
DA:75,1
DA:77,1
LF:35
LH:20
end_of_record
SF:lib\shared\ui\markdown\markdown_utils.dart
DA:4,5
DA:8,10
DA:9,20
DA:10,15
DA:12,5
DA:14,15
DA:16,5
DA:18,15
DA:20,5
DA:22,15
DA:24,5
DA:26,15
DA:28,5
DA:30,15
DA:32,5
DA:34,5
DA:36,5
DA:37,10
DA:38,15
DA:40,5
DA:42,15
DA:44,5
DA:46,15
DA:47,5
DA:49,15
DA:51,5
DA:53,5
DA:54,5
DA:55,15
DA:58,15
DA:60,5
DA:61,5
DA:63,5
DA:64,5
DA:65,5
LF:35
LH:35
end_of_record
SF:lib\shared\ui\widgets\new_icon_button.dart
DA:10,3
DA:18,3
DA:20,3
DA:21,3
DA:24,9
DA:25,3
DA:26,3
DA:27,3
DA:28,3
DA:29,6
DA:32,0
DA:33,0
DA:34,0
DA:35,0
DA:36,0
DA:40,3
DA:43,3
DA:44,3
DA:45,9
DA:47,6
DA:48,6
DA:50,3
DA:51,3
DA:52,3
LF:24
LH:19
end_of_record
SF:lib\shared\models\institution_info.dart
DA:7,2
LF:1
LH:1
end_of_record
SF:lib\shared\ui\widgets\error_message.dart
DA:6,4
DA:8,5
DA:10,5
DA:11,5
DA:12,5
DA:14,5
DA:15,5
DA:17,5
DA:19,5
DA:20,10
DA:22,5
DA:23,5
DA:25,10
DA:27,5
LF:14
LH:14
end_of_record
SF:lib\shared\xml\xml_parsers.dart
DA:7,2
DA:12,2
DA:13,2
DA:14,2
DA:16,4
DA:17,4
DA:18,4
DA:19,4
DA:20,4
DA:21,4
DA:28,1
DA:31,2
DA:32,2
DA:43,1
DA:45,1
DA:48,2
DA:52,2
DA:57,2
DA:58,2
DA:59,2
DA:61,4
DA:62,4
DA:63,4
DA:64,4
DA:67,1
DA:69,2
DA:70,2
DA:73,4
DA:74,4
DA:75,4
DA:76,2
DA:80,2
DA:81,2
DA:91,1
DA:93,1
DA:96,2
DA:100,2
DA:105,2
DA:106,1
DA:107,1
DA:109,2
DA:110,2
DA:111,2
DA:112,2
DA:115,1
DA:118,1
DA:119,1
DA:124,2
DA:126,2
DA:129,4
LF:50
LH:50
end_of_record
SF:lib\shared\models\library_info.dart
DA:8,2
LF:1
LH:1
end_of_record
SF:lib\shared\models\recommended_info.dart
DA:6,1
LF:1
LH:1
end_of_record
SF:lib\features\download\presentation\screens\download_screen.dart
DA:9,1
DA:11,2
DA:13,2
DA:14,2
DA:15,2
DA:16,2
DA:17,2
DA:19,2
DA:21,2
DA:24,2
DA:26,2
DA:28,2
DA:31,2
DA:33,2
DA:35,2
DA:40,2
DA:41,2
DA:42,2
DA:44,2
DA:45,2
DA:46,2
DA:47,6
DA:52,2
DA:53,2
DA:56,6
DA:62,2
DA:64,2
DA:65,2
DA:67,2
DA:68,2
DA:69,2
DA:70,4
DA:72,4
DA:73,2
DA:74,4
DA:84,2
DA:85,2
DA:86,2
DA:88,2
DA:90,2
DA:91,2
DA:92,2
DA:93,2
DA:94,2
DA:97,2
DA:98,2
DA:103,2
DA:104,2
DA:105,6
DA:107,2
DA:112,2
DA:113,2
DA:114,2
DA:115,0
DA:124,2
LF:55
LH:54
end_of_record
SF:lib\features\primary_sources\application\orchestrators\image_loading_orchestrator.dart
DA:11,7
DA:27,4
DA:30,3
DA:34,1
DA:38,1
DA:40,2
DA:41,2
DA:46,0
DA:47,0
DA:48,0
DA:49,0
DA:54,1
DA:63,1
DA:72,0
DA:73,0
DA:74,0
DA:75,0
DA:76,0
DA:79,0
DA:85,0
DA:95,1
DA:103,2
DA:109,0
DA:111,1
DA:114,1
DA:121,1
DA:139,0
DA:140,0
DA:141,0
DA:144,0
DA:146,0
DA:147,0
DA:151,1
DA:152,1
LF:34
LH:16
end_of_record
SF:lib\infra\remote\image\image_download_client.dart
DA:13,4
DA:14,3
DA:18,1
DA:23,2
LF:4
LH:4
end_of_record
SF:lib\infra\storage\file_sync_utils.dart
DA:11,3
DA:12,3
DA:13,2
DA:16,2
DA:18,2
DA:19,0
DA:24,0
DA:26,0
DA:31,0
DA:32,0
DA:33,0
DA:36,0
DA:41,0
DA:42,0
DA:44,0
DA:45,0
DA:48,0
DA:51,0
DA:54,3
DA:56,3
DA:57,2
DA:58,1
DA:59,1
DA:64,0
LF:24
LH:10
end_of_record
SF:lib\shared\models\pages_settings.dart
DA:7,2
DA:9,1
DA:10,2
DA:13,1
DA:14,1
DA:15,2
DA:17,0
DA:21,2
DA:36,2
DA:39,2
DA:40,2
DA:41,2
DA:42,2
DA:43,2
DA:44,2
DA:45,2
DA:46,2
DA:47,2
DA:48,2
DA:51,2
DA:52,2
DA:53,2
DA:54,2
DA:56,2
DA:57,4
DA:59,4
DA:60,2
DA:61,2
DA:65,2
DA:66,4
DA:67,2
DA:68,4
DA:71,2
DA:72,4
DA:75,2
DA:76,2
DA:77,2
DA:78,2
DA:79,2
DA:80,2
DA:81,2
DA:82,2
DA:83,2
DA:84,2
DA:86,2
DA:87,8
DA:88,4
DA:89,4
DA:90,4
DA:91,4
DA:92,4
DA:94,2
DA:95,2
LF:53
LH:52
end_of_record
SF:lib\features\primary_sources\application\services\description_content_service.dart
DA:20,5
DA:24,4
DA:25,5
DA:27,5
DA:29,2
DA:35,4
DA:40,2
DA:44,2
DA:50,2
DA:59,2
DA:63,2
DA:65,2
DA:69,3
DA:70,6
DA:74,2
DA:75,2
DA:76,4
DA:77,1
DA:78,1
DA:79,4
DA:81,4
DA:82,1
DA:83,1
DA:86,1
DA:89,1
DA:93,1
DA:96,1
DA:102,2
DA:103,1
DA:106,1
DA:109,1
DA:114,1
DA:117,3
DA:120,1
DA:124,1
DA:125,3
DA:126,3
DA:128,2
DA:132,5
DA:133,1
DA:137,1
DA:139,1
DA:140,1
DA:141,1
DA:143,2
DA:144,1
DA:145,4
DA:148,2
DA:149,2
DA:150,4
DA:151,4
DA:153,1
DA:154,4
DA:157,2
DA:159,2
DA:160,1
DA:161,1
DA:162,1
DA:163,4
DA:164,1
DA:166,1
DA:168,3
DA:169,3
DA:171,2
DA:172,5
DA:173,1
DA:174,2
DA:175,1
DA:179,5
DA:180,1
DA:181,0
DA:182,0
DA:183,0
DA:184,0
DA:187,5
DA:188,1
DA:189,0
DA:190,0
DA:191,0
DA:192,0
DA:193,0
DA:196,5
DA:197,1
DA:198,0
DA:199,0
DA:200,0
DA:201,0
DA:202,0
DA:205,5
DA:206,1
DA:207,0
DA:208,0
DA:209,0
DA:210,0
DA:213,1
DA:214,1
DA:219,1
DA:225,2
DA:226,1
DA:227,1
DA:228,1
DA:236,1
DA:237,1
DA:239,1
DA:240,4
DA:241,1
DA:243,1
DA:244,2
DA:245,1
DA:246,4
DA:247,1
DA:250,2
DA:251,2
DA:252,1
DA:253,1
DA:254,0
DA:255,0
DA:256,0
DA:257,0
DA:258,0
DA:259,0
DA:260,0
DA:262,0
DA:266,1
DA:267,1
DA:268,6
DA:269,1
DA:272,1
DA:275,1
DA:276,3
DA:277,4
DA:279,2
DA:280,5
DA:281,1
DA:282,1
DA:283,2
DA:288,1
DA:289,1
DA:294,1
DA:300,2
DA:301,1
DA:302,1
DA:303,1
DA:304,1
DA:305,1
DA:310,1
DA:314,2
DA:315,3
DA:316,1
DA:318,1
DA:319,2
DA:320,1
DA:321,1
DA:322,1
DA:324,1
DA:325,2
DA:326,2
DA:327,3
DA:328,3
DA:331,1
DA:332,3
DA:333,5
DA:337,1
DA:338,2
DA:340,0
DA:343,1
DA:344,1
DA:349,1
DA:350,3
DA:353,0
DA:354,0
DA:355,0
DA:356,0
DA:357,0
DA:361,1
DA:362,1
DA:366,2
DA:367,1
DA:370,1
DA:371,0
DA:372,0
DA:376,1
DA:380,0
DA:381,0
DA:382,0
DA:383,0
DA:384,0
DA:385,0
DA:386,0
DA:388,0
DA:392,0
DA:395,1
DA:396,1
DA:397,1
DA:400,0
DA:401,0
DA:405,0
DA:406,0
DA:408,0
DA:409,0
DA:410,0
DA:411,0
DA:412,0
DA:413,0
DA:415,0
DA:416,0
DA:420,0
DA:421,0
DA:422,0
DA:428,0
DA:429,0
DA:433,0
DA:434,0
DA:436,0
DA:437,0
DA:438,0
DA:439,0
DA:443,0
DA:444,0
DA:445,0
DA:451,1
DA:452,1
DA:456,4
DA:459,0
DA:460,0
DA:461,0
DA:463,0
DA:465,0
DA:468,0
DA:469,0
DA:470,0
DA:472,0
DA:476,0
DA:477,0
DA:480,1
DA:481,1
DA:482,1
DA:483,0
DA:484,0
DA:487,0
DA:488,0
DA:489,0
DA:491,0
DA:495,0
DA:496,0
DA:501,0
DA:502,0
DA:503,0
DA:506,0
DA:508,0
DA:513,0
DA:515,0
DA:516,0
LF:253
LH:157
end_of_record
SF:lib\infra\db\data_sources\description_data_source.dart
DA:17,5
DA:18,4
DA:22,4
DA:23,8
DA:25,1
DA:26,2
DA:28,1
DA:29,2
DA:31,1
DA:32,2
LF:10
LH:10
end_of_record
SF:lib\shared\models\description_content.dart
DA:7,2
LF:1
LH:1
end_of_record
SF:lib\shared\models\description_request.dart
DA:4,3
DA:12,2
DA:14,0
DA:23,1
DA:29,0
DA:40,0
DA:48,0
LF:7
LH:3
end_of_record
SF:lib\shared\models\greek_strong_picker_entry.dart
DA:5,1
DA:7,0
DA:10,0
DA:11,0
DA:12,0
DA:13,0
DA:16,0
DA:17,0
LF:8
LH:1
end_of_record
SF:lib\shared\localization\localization_utils.dart
DA:4,0
DA:5,0
DA:6,0
DA:9,0
DA:10,0
DA:11,0
DA:14,0
DA:15,0
DA:16,0
DA:17,0
DA:18,0
DA:19,0
DA:20,0
DA:21,0
DA:22,0
DA:23,0
DA:24,0
DA:25,0
DA:26,0
DA:27,0
DA:28,0
DA:29,0
DA:30,0
DA:31,0
DA:32,0
DA:33,0
DA:34,0
DA:35,0
DA:36,0
DA:37,0
DA:38,0
DA:39,0
DA:40,0
DA:41,0
DA:42,0
DA:43,0
DA:44,0
DA:45,0
DA:46,0
DA:47,0
DA:48,0
DA:49,0
DA:50,0
DA:51,0
DA:52,0
DA:53,0
DA:54,0
DA:55,0
DA:56,0
DA:57,0
DA:58,0
DA:59,0
DA:60,0
DA:61,0
DA:62,0
DA:63,0
DA:64,0
DA:65,0
DA:70,2
DA:71,2
DA:72,2
DA:73,2
DA:74,2
DA:75,2
DA:76,2
DA:78,2
DA:81,2
DA:82,2
DA:83,2
DA:84,2
DA:85,2
DA:86,2
DA:88,2
LF:73
LH:15
end_of_record
SF:lib\features\primary_sources\application\services\pronunciation_service.dart
DA:4,12
DA:5,6
DA:6,6
DA:8,6
DA:9,6
DA:72,2
DA:74,2
DA:75,1
DA:76,2
DA:78,2
DA:79,2
DA:80,2
DA:82,1
DA:83,1
DA:85,1
DA:86,1
DA:87,1
DA:89,1
DA:90,1
DA:92,1
DA:93,1
DA:94,1
DA:97,0
DA:99,0
DA:100,0
DA:101,0
DA:106,2
DA:112,2
DA:113,2
DA:116,4
DA:117,2
DA:118,2
DA:119,0
DA:120,0
DA:124,6
DA:125,6
DA:126,4
DA:127,2
DA:128,1
DA:134,4
DA:135,6
DA:136,2
DA:137,6
DA:138,2
DA:139,4
DA:141,4
DA:144,2
DA:145,2
DA:146,2
DA:149,4
DA:150,2
DA:151,1
DA:155,1
DA:159,2
DA:161,1
DA:162,2
DA:166,2
DA:167,4
DA:168,6
DA:169,1
DA:170,2
DA:172,2
DA:176,2
DA:179,2
DA:180,2
DA:182,10
DA:183,2
DA:184,1
DA:189,1
DA:191,5
DA:192,1
DA:197,2
DA:198,3
DA:201,2
DA:202,4
DA:203,6
DA:207,2
LF:77
LH:71
end_of_record
SF:lib\shared\models\page_word.dart
DA:11,4
LF:1
LH:1
end_of_record
SF:lib\shared\models\verse.dart
DA:10,1
LF:1
LH:1
end_of_record
SF:lib\infra\db\data_sources\primary_sources_data_source.dart
DA:31,9
DA:34,8
DA:38,2
DA:39,4
DA:41,2
DA:43,4
DA:45,1
DA:47,2
DA:49,1
DA:51,2
DA:53,1
DA:55,2
DA:57,1
DA:59,2
DA:61,1
DA:63,2
DA:65,2
DA:67,4
DA:69,1
DA:71,2
DA:73,1
DA:75,2
LF:22
LH:22
end_of_record
SF:lib\shared\models\page_rect.dart
DA:7,0
LF:1
LH:0
end_of_record
SF:lib\shared\models\primary_source_link_info.dart
DA:6,1
LF:1
LH:1
end_of_record
SF:lib\features\primary_sources\presentation\bloc\image_preview_controller.dart
DA:12,3
DA:14,3
DA:15,3
DA:17,1
DA:23,1
DA:26,3
DA:27,1
DA:28,3
DA:29,4
DA:30,3
DA:32,3
DA:33,4
DA:37,1
DA:38,1
DA:41,3
DA:42,3
DA:43,1
DA:44,1
DA:47,0
DA:48,0
DA:51,0
DA:52,0
DA:53,0
DA:55,0
DA:56,0
DA:57,0
DA:59,0
DA:60,0
DA:61,0
DA:64,0
DA:65,0
DA:68,0
DA:69,0
DA:70,0
DA:72,0
DA:73,0
DA:75,0
DA:76,0
DA:77,0
DA:78,0
DA:80,0
DA:82,0
DA:83,0
DA:84,0
DA:88,0
DA:89,0
DA:91,0
DA:92,0
DA:93,0
DA:94,0
DA:95,0
DA:96,0
DA:99,0
DA:100,0
DA:101,0
DA:103,0
DA:104,0
DA:105,0
DA:106,0
DA:113,0
DA:114,0
DA:115,0
DA:117,0
DA:118,0
DA:119,0
DA:120,0
DA:128,0
DA:130,0
DA:131,0
DA:132,0
DA:136,0
DA:137,0
DA:140,0
DA:141,0
DA:142,0
DA:146,1
DA:147,1
DA:150,1
DA:151,3
DA:154,3
DA:155,3
DA:156,6
LF:82
LH:25
end_of_record
SF:lib\features\primary_sources\presentation\bloc\primary_source_description_cubit.dart
DA:13,3
DA:14,5
DA:16,3
DA:18,3
DA:19,3
DA:20,3
DA:26,1
DA:31,1
DA:32,2
DA:42,1
DA:43,1
DA:44,1
DA:50,1
DA:56,3
DA:57,1
DA:58,2
DA:60,1
DA:62,1
DA:63,2
DA:68,3
DA:69,0
DA:70,1
DA:78,3
DA:79,2
DA:84,2
DA:88,1
DA:94,0
DA:95,0
DA:96,0
DA:98,0
DA:100,0
DA:101,0
DA:106,0
DA:107,0
DA:108,0
DA:119,0
DA:120,0
DA:121,0
DA:122,0
DA:125,0
DA:126,0
DA:127,0
DA:130,0
DA:133,1
DA:137,2
DA:145,1
DA:146,1
DA:147,1
DA:153,1
DA:163,2
DA:165,1
DA:166,1
DA:167,1
DA:177,1
DA:178,1
DA:179,1
DA:185,0
DA:192,0
DA:193,0
DA:194,0
DA:198,0
DA:199,0
DA:201,0
DA:202,0
DA:203,0
DA:204,0
DA:205,0
DA:215,0
DA:216,0
DA:217,0
DA:223,0
DA:230,0
DA:233,0
DA:234,0
LF:74
LH:38
end_of_record
SF:lib\features\primary_sources\presentation\bloc\primary_source_description_state.dart
DA:6,3
DA:13,3
DA:16,3
DA:20,3
DA:29,1
DA:37,1
DA:38,0
DA:39,0
DA:40,0
DA:41,1
DA:45,1
DA:48,1
DA:49,3
DA:50,3
DA:51,0
DA:52,0
DA:53,0
DA:56,0
DA:57,0
DA:58,0
DA:59,0
DA:60,0
DA:61,0
LF:23
LH:11
end_of_record
SF:lib\features\primary_sources\presentation\bloc\primary_source_detail_coordinator.dart
DA:37,1
DA:38,2
DA:39,1
DA:40,2
DA:47,0
DA:48,0
DA:49,0
DA:50,4
DA:51,4
DA:52,4
DA:53,4
DA:54,4
DA:55,4
DA:56,4
DA:57,4
DA:58,4
DA:59,0
DA:60,0
DA:61,0
DA:62,4
DA:63,0
DA:64,0
DA:65,4
DA:66,0
DA:67,0
DA:68,0
DA:69,0
DA:70,0
DA:71,0
DA:72,0
DA:73,0
DA:74,0
DA:75,4
DA:76,0
DA:77,0
DA:78,0
DA:79,0
DA:80,0
DA:81,0
DA:82,0
DA:84,1
DA:96,0
DA:98,2
DA:99,2
DA:101,1
DA:102,1
DA:104,0
DA:106,0
DA:107,0
DA:109,1
DA:110,1
DA:112,0
DA:114,0
DA:116,1
DA:117,1
DA:119,0
DA:120,1
DA:121,1
DA:122,1
DA:123,1
DA:125,1
DA:127,1
DA:128,1
DA:129,1
DA:130,1
DA:131,1
DA:135,0
DA:136,0
DA:139,0
DA:140,0
DA:143,0
DA:144,0
DA:147,0
DA:148,0
DA:151,0
DA:152,0
DA:155,0
DA:156,0
DA:159,0
DA:160,0
DA:161,0
DA:164,0
DA:165,0
DA:166,0
DA:168,0
DA:169,0
DA:172,0
DA:173,0
DA:174,0
DA:177,0
DA:178,0
DA:179,0
DA:181,0
DA:182,0
DA:185,0
DA:191,0
DA:199,0
DA:200,0
DA:203,0
DA:204,0
DA:207,0
DA:208,0
DA:211,0
DA:212,0
DA:215,0
DA:216,0
DA:219,0
DA:220,0
DA:223,0
DA:224,0
DA:227,0
DA:228,0
DA:231,0
DA:236,0
DA:243,0
DA:244,0
DA:247,0
DA:251,0
DA:258,0
DA:259,0
DA:262,0
DA:266,0
DA:275,0
DA:276,0
DA:285,0
DA:286,0
DA:295,1
DA:296,1
DA:297,1
DA:298,1
DA:299,3
DA:301,1
DA:302,0
DA:304,1
DA:305,0
DA:307,1
DA:308,0
DA:310,1
DA:311,0
DA:313,1
DA:314,0
LF:141
LH:45
end_of_record
SF:lib\features\primary_sources\presentation\bloc\primary_source_detail_orchestration_cubit.dart
DA:25,2
DA:38,2
DA:39,8
DA:40,6
DA:41,2
DA:43,9
DA:44,3
DA:47,2
DA:49,0
DA:71,4
DA:72,8
DA:73,1
DA:74,3
DA:75,4
DA:76,4
DA:77,4
DA:78,4
DA:79,4
DA:80,4
DA:82,1
DA:83,2
DA:85,2
DA:87,2
DA:88,1
DA:89,1
DA:91,1
DA:94,2
DA:96,2
DA:98,2
DA:101,1
DA:105,0
DA:106,0
DA:109,1
DA:112,1
DA:113,5
DA:115,0
DA:117,1
DA:120,1
DA:121,2
DA:122,2
DA:123,2
DA:126,0
DA:128,2
DA:129,2
DA:133,0
DA:134,0
DA:135,0
DA:138,0
DA:139,0
DA:140,0
DA:143,0
DA:144,0
DA:145,0
DA:148,0
DA:149,0
DA:150,0
DA:153,0
DA:154,0
DA:155,0
DA:158,0
DA:159,0
DA:160,0
DA:163,0
DA:164,0
DA:165,0
DA:168,0
DA:169,0
DA:170,0
DA:171,0
DA:173,0
DA:174,0
DA:177,0
DA:178,0
DA:181,0
DA:182,0
DA:185,0
DA:186,0
DA:189,0
DA:190,0
DA:193,0
DA:199,0
DA:207,0
DA:208,0
DA:211,0
DA:212,0
DA:215,0
DA:220,0
DA:227,0
DA:228,0
DA:231,0
DA:235,0
DA:238,0
DA:239,0
DA:243,0
DA:244,0
DA:247,0
DA:251,0
DA:257,0
DA:261,0
DA:264,0
DA:265,0
DA:269,0
DA:273,0
DA:276,0
DA:277,0
DA:281,1
DA:282,2
DA:283,1
DA:284,1
DA:285,1
DA:286,1
DA:287,1
DA:288,1
DA:292,1
DA:293,1
DA:297,1
DA:298,3
DA:299,5
DA:300,2
DA:304,1
DA:305,3
DA:308,1
DA:309,1
DA:313,1
DA:314,2
DA:320,3
DA:321,2
DA:322,2
DA:323,1
DA:324,2
DA:328,1
DA:329,3
DA:330,3
DA:331,3
DA:334,1
DA:335,2
DA:336,3
DA:340,2
DA:342,2
DA:343,4
DA:344,4
DA:345,3
DA:346,3
DA:347,6
DA:348,2
DA:350,4
DA:351,4
DA:352,2
LF:148
LH:82
end_of_record
SF:lib\features\primary_sources\presentation\bloc\primary_source_image_cubit.dart
DA:12,3
DA:23,1
DA:25,3
DA:26,3
DA:29,0
DA:41,2
DA:46,4
DA:47,6
DA:50,4
DA:53,2
DA:54,2
DA:55,2
DA:56,6
DA:58,2
DA:62,2
DA:63,4
DA:64,4
DA:66,2
DA:67,2
DA:68,2
DA:69,4
DA:71,2
DA:73,2
DA:78,1
DA:79,0
DA:80,0
DA:84,0
DA:89,1
DA:90,1
DA:91,2
DA:93,1
DA:100,0
DA:101,0
DA:102,0
DA:107,1
DA:108,2
DA:109,1
DA:110,4
DA:111,1
DA:114,3
DA:117,0
DA:118,0
DA:119,0
DA:121,0
DA:124,0
DA:126,0
DA:127,0
DA:131,0
DA:132,0
DA:134,0
DA:135,0
DA:136,0
DA:139,0
DA:140,0
DA:144,0
DA:147,0
DA:151,2
DA:152,6
DA:155,1
DA:156,3
DA:159,3
DA:161,6
DA:162,6
DA:163,3
LF:64
LH:41
end_of_record
SF:lib\features\primary_sources\presentation\bloc\primary_source_session_cubit.dart
DA:7,3
DA:8,6
DA:10,2
DA:11,6
DA:14,2
DA:15,6
DA:18,1
DA:19,3
LF:8
LH:8
end_of_record
SF:lib\features\primary_sources\presentation\bloc\primary_source_viewport_cubit.dart
DA:8,6
DA:11,1
DA:12,3
DA:15,2
DA:16,2
DA:17,4
DA:18,2
DA:19,2
DA:20,2
DA:21,2
DA:22,2
DA:23,2
DA:28,1
DA:29,1
DA:30,2
DA:42,0
DA:43,0
DA:44,0
DA:60,2
DA:61,6
DA:64,2
DA:70,6
DA:71,6
DA:72,6
DA:73,6
DA:76,2
DA:77,4
DA:81,2
DA:82,6
DA:85,1
DA:86,3
DA:89,1
DA:90,1
DA:91,2
DA:99,1
DA:100,1
DA:101,2
DA:105,1
DA:107,0
DA:111,1
DA:112,2
DA:114,4
DA:115,4
DA:120,2
DA:126,2
DA:127,4
DA:137,2
DA:138,2
DA:139,4
DA:149,2
DA:150,6
DA:153,2
DA:154,4
DA:157,2
LF:54
LH:50
end_of_record
SF:lib\shared\models\zoom_status.dart
DA:8,5
DA:14,2
DA:17,1
DA:18,3
DA:19,3
DA:20,3
DA:21,3
DA:24,0
DA:25,0
LF:9
LH:7
end_of_record
SF:lib\features\primary_sources\presentation\bloc\primary_source_detail_orchestration_state.dart
DA:5,4
DA:9,0
DA:12,0
DA:15,0
LF:4
LH:1
end_of_record
SF:lib\features\primary_sources\presentation\bloc\primary_source_viewport_state.dart
DA:5,6
DA:61,2
DA:79,2
DA:80,2
DA:81,2
DA:82,2
DA:83,2
DA:84,2
DA:85,2
DA:87,2
DA:88,2
DA:89,2
DA:90,2
DA:91,2
DA:92,2
DA:93,2
DA:94,2
DA:95,2
DA:99,2
DA:102,2
DA:103,6
DA:104,6
DA:105,6
DA:106,6
DA:107,6
DA:108,6
DA:109,6
DA:110,6
DA:111,6
DA:112,6
DA:113,6
DA:114,6
DA:115,6
DA:116,6
DA:117,6
DA:118,6
DA:121,0
DA:122,0
DA:123,0
DA:124,0
DA:125,0
DA:126,0
DA:127,0
DA:128,0
DA:129,0
DA:130,0
DA:131,0
DA:132,0
DA:133,0
DA:134,0
DA:135,0
DA:136,0
DA:137,0
LF:53
LH:36
end_of_record
SF:lib\features\primary_sources\presentation\bloc\primary_source_image_state.dart
DA:4,4
DA:10,4
DA:12,4
DA:13,4
DA:28,3
DA:36,3
DA:37,3
DA:38,2
DA:39,3
DA:40,2
DA:41,3
DA:45,2
DA:48,2
DA:49,6
DA:50,4
DA:51,6
DA:52,3
DA:53,3
DA:54,0
DA:57,0
DA:58,0
DA:59,0
DA:60,0
DA:61,0
DA:62,0
DA:63,0
LF:26
LH:18
end_of_record
SF:lib\features\primary_sources\presentation\bloc\primary_source_page_settings_state.dart
DA:2,6
DA:34,2
DA:44,2
DA:45,2
DA:46,2
DA:47,2
DA:48,2
DA:49,2
DA:50,2
DA:51,2
DA:52,2
DA:56,2
DA:59,2
DA:60,6
DA:61,6
DA:62,6
DA:63,6
DA:64,6
DA:65,6
DA:66,6
DA:67,6
DA:68,6
DA:71,0
DA:72,0
DA:73,0
DA:74,0
DA:75,0
DA:76,0
DA:77,0
DA:78,0
DA:79,0
DA:80,0
LF:32
LH:22
end_of_record
SF:lib\features\primary_sources\presentation\bloc\primary_source_session_state.dart
DA:5,3
DA:12,3
DA:14,5
DA:15,2
DA:17,3
DA:30,2
DA:37,2
DA:38,2
DA:39,2
DA:40,2
DA:41,2
DA:45,2
DA:48,2
DA:49,6
DA:50,4
DA:51,6
DA:52,6
DA:53,3
DA:56,0
DA:58,0
LF:20
LH:18
end_of_record
SF:lib\features\primary_sources\presentation\bloc\primary_sources_state.dart
DA:6,5
DA:12,5
DA:13,5
DA:14,5
DA:16,5
DA:17,5
DA:18,5
DA:19,5
DA:20,5
DA:31,6
DA:33,4
DA:41,4
DA:42,2
DA:43,3
DA:44,3
DA:45,1
DA:46,1
DA:50,3
DA:53,3
DA:54,9
DA:55,9
DA:56,9
DA:57,9
DA:58,9
DA:59,3
DA:62,0
DA:63,0
DA:64,0
DA:65,0
DA:66,0
DA:67,0
DA:68,0
LF:32
LH:25
end_of_record
SF:lib\features\primary_sources\presentation\bloc\primary_sources_expansion_cubit.dart
DA:5,3
DA:6,6
DA:8,2
DA:9,6
DA:12,2
DA:13,2
DA:14,2
DA:17,6
DA:20,2
DA:21,2
DA:22,2
DA:26,6
DA:28,2
DA:29,1
DA:33,6
DA:36,3
DA:38,7
DA:39,7
DA:40,3
DA:41,15
DA:42,15
DA:45,3
LF:22
LH:22
end_of_record
SF:lib\features\primary_sources\presentation\bloc\primary_sources_expansion_state.dart
DA:4,3
DA:5,3
DA:7,3
DA:8,3
DA:13,2
DA:14,4
DA:17,2
DA:18,2
DA:19,0
DA:23,2
DA:26,2
DA:27,6
DA:28,6
DA:31,0
DA:32,0
LF:15
LH:12
end_of_record
SF:lib\features\primary_sources\presentation\widgets\primary_source_attributes_footer.dart
DA:14,0
DA:23,0
DA:25,0
DA:26,0
DA:30,0
DA:31,0
DA:32,0
DA:33,0
DA:34,0
DA:36,0
DA:39,0
DA:41,0
DA:43,0
DA:44,0
DA:45,0
DA:46,0
DA:47,0
DA:48,0
DA:50,0
DA:51,0
DA:52,0
DA:53,0
DA:54,0
DA:55,0
DA:57,0
DA:58,0
DA:59,0
DA:61,0
DA:65,0
DA:76,0
DA:80,0
DA:81,0
DA:82,0
DA:84,0
DA:86,0
DA:87,0
DA:88,0
DA:89,0
DA:90,0
DA:91,0
DA:92,0
DA:93,0
DA:94,0
DA:95,0
DA:96,0
DA:97,0
DA:102,0
DA:104,0
DA:105,0
LF:49
LH:0
end_of_record
SF:lib\features\primary_sources\presentation\widgets\primary_source_description_panel.dart
DA:19,1
DA:34,1
DA:36,1
DA:37,1
DA:38,1
DA:39,2
DA:40,1
DA:42,1
DA:43,1
DA:44,1
DA:45,1
DA:46,1
DA:47,1
DA:48,1
DA:50,1
DA:51,1
DA:52,1
DA:55,1
DA:58,1
DA:60,1
DA:62,1
DA:65,1
DA:68,1
DA:70,1
DA:72,1
DA:75,1
DA:76,1
DA:79,1
DA:80,1
DA:81,1
DA:82,1
DA:85,1
DA:87,0
DA:88,0
DA:90,1
DA:93,1
DA:94,1
DA:97,1
DA:108,1
DA:112,1
DA:115,1
DA:127,1
DA:134,1
DA:136,1
DA:137,1
DA:138,2
DA:139,1
DA:141,2
DA:142,1
DA:145,1
DA:146,1
DA:147,1
DA:149,1
DA:152,1
DA:153,1
DA:154,1
DA:157,1
DA:159,1
DA:160,1
LF:59
LH:57
end_of_record
SF:lib\features\primary_sources\presentation\widgets\image_preview.dart
DA:56,1
DA:87,1
DA:88,1
DA:101,1
DA:103,1
DA:104,1
DA:105,1
DA:106,4
DA:107,4
DA:108,1
DA:109,1
DA:112,1
DA:114,1
DA:115,4
DA:116,4
DA:118,4
DA:119,3
DA:121,1
DA:122,1
DA:123,1
DA:124,1
DA:125,3
DA:126,1
DA:127,1
DA:131,1
DA:133,1
DA:134,1
DA:136,1
DA:137,1
DA:138,3
DA:140,1
DA:141,4
DA:142,6
DA:143,1
DA:147,3
DA:148,1
DA:149,1
DA:154,3
DA:155,3
DA:156,1
DA:157,1
DA:164,2
DA:165,0
DA:166,0
DA:167,0
DA:168,0
DA:169,0
DA:170,0
DA:173,0
DA:174,0
DA:175,0
DA:176,0
DA:179,0
DA:180,0
DA:181,0
DA:182,0
DA:183,0
DA:184,0
DA:185,0
DA:189,0
DA:190,0
DA:191,0
DA:192,0
DA:193,0
DA:194,0
DA:195,0
DA:196,0
DA:197,0
DA:198,0
DA:199,0
DA:200,0
DA:201,0
DA:204,0
DA:212,2
DA:213,0
DA:217,1
DA:218,1
DA:219,3
DA:220,3
DA:221,0
DA:222,0
DA:223,0
DA:224,0
DA:225,0
DA:226,0
DA:227,0
DA:229,0
DA:230,0
DA:231,0
DA:234,0
DA:235,0
DA:236,0
DA:237,0
DA:245,3
DA:246,3
DA:247,3
DA:248,1
DA:254,1
DA:255,1
DA:260,2
DA:261,0
DA:268,2
DA:269,0
DA:275,3
DA:276,1
DA:277,1
DA:278,1
DA:279,1
DA:280,1
DA:281,1
DA:283,1
DA:285,3
DA:286,0
DA:287,0
DA:288,0
DA:289,0
DA:290,0
DA:296,2
DA:297,0
DA:298,0
DA:299,0
DA:304,2
DA:305,0
DA:306,0
DA:307,0
DA:308,0
DA:310,0
DA:312,0
DA:313,0
DA:320,1
DA:330,1
DA:332,0
DA:333,0
DA:336,0
DA:339,0
DA:342,0
DA:345,0
DA:349,1
DA:350,2
DA:355,7
DA:356,3
DA:357,0
DA:359,1
DA:360,2
DA:362,2
DA:365,1
DA:367,3
DA:368,3
DA:378,0
DA:379,0
DA:380,0
DA:381,0
DA:382,0
DA:383,0
DA:384,0
DA:385,0
DA:387,0
DA:388,0
DA:389,0
DA:390,0
DA:391,0
DA:392,0
DA:393,0
DA:396,1
DA:397,2
DA:398,2
DA:399,2
DA:400,1
DA:402,2
DA:403,2
DA:408,1
DA:413,1
DA:417,0
DA:419,0
DA:420,0
DA:429,0
DA:430,0
DA:431,0
DA:432,0
DA:433,0
DA:438,1
DA:439,3
DA:440,1
DA:443,3
DA:447,0
DA:454,0
DA:455,0
DA:456,0
DA:457,0
DA:458,0
DA:459,0
DA:462,0
DA:463,0
DA:464,0
DA:466,0
DA:468,0
DA:470,0
DA:473,0
DA:475,0
DA:476,0
DA:483,0
DA:484,0
DA:485,0
DA:486,0
DA:487,0
DA:488,0
DA:489,0
DA:491,0
DA:492,0
DA:493,0
DA:494,0
DA:495,0
DA:496,0
DA:497,0
DA:503,0
DA:509,0
DA:513,1
DA:514,3
DA:515,0
DA:516,0
DA:520,0
DA:521,0
DA:525,0
DA:526,0
DA:528,0
DA:529,0
DA:530,0
DA:531,0
DA:532,0
DA:533,0
DA:534,0
DA:535,0
DA:536,0
DA:537,0
DA:539,0
DA:547,0
DA:548,0
DA:549,0
DA:550,0
DA:551,0
DA:552,0
DA:553,0
DA:560,0
DA:563,0
DA:566,0
DA:567,0
DA:568,0
DA:569,0
DA:570,0
DA:576,0
DA:577,0
DA:580,0
DA:581,0
DA:582,0
DA:583,0
DA:584,0
DA:585,0
DA:591,0
DA:592,0
DA:598,0
DA:599,0
DA:600,0
DA:601,0
DA:605,0
DA:606,0
DA:607,0
DA:609,0
DA:610,0
DA:611,0
DA:612,0
DA:613,0
DA:621,0
DA:622,0
DA:625,0
DA:629,0
DA:630,0
DA:631,0
DA:632,0
DA:635,0
DA:636,0
DA:637,0
DA:639,0
DA:640,0
DA:641,0
DA:642,0
DA:644,0
DA:645,0
DA:646,0
DA:647,0
DA:649,0
DA:650,0
DA:651,0
DA:652,0
DA:653,0
DA:661,0
DA:662,0
DA:665,0
DA:668,0
DA:672,0
DA:673,0
DA:674,0
DA:675,0
DA:677,0
DA:678,0
DA:679,0
DA:680,0
DA:681,0
DA:682,0
DA:683,0
DA:684,0
DA:688,0
DA:691,0
DA:692,0
DA:694,0
DA:695,0
DA:696,0
DA:697,0
DA:699,0
DA:700,0
DA:701,0
DA:702,0
DA:703,0
DA:705,0
DA:713,1
DA:714,1
DA:715,1
DA:716,0
DA:717,0
DA:718,0
DA:719,0
DA:720,0
DA:721,0
DA:723,0
DA:724,0
DA:725,0
DA:726,0
DA:727,0
DA:729,0
DA:730,0
DA:736,1
DA:737,1
DA:738,1
DA:739,0
DA:740,0
DA:741,0
DA:742,0
DA:743,0
DA:745,0
LF:348
LH:99
end_of_record
SF:lib\features\primary_sources\presentation\widgets\primary_source_split_view.dart
DA:8,0
DA:15,1
DA:17,1
DA:18,1
DA:19,1
DA:20,1
DA:22,3
DA:25,2
DA:26,3
DA:27,1
DA:29,1
DA:30,2
DA:31,2
DA:32,2
DA:37,2
DA:38,3
DA:39,1
DA:41,1
DA:42,2
DA:43,2
DA:44,2
LF:21
LH:20
end_of_record
SF:lib\features\primary_sources\presentation\widgets\primary_source_toolbar.dart
DA:45,1
DA:78,1
DA:80,1
DA:81,1
DA:82,1
DA:83,1
DA:84,3
DA:87,1
DA:88,1
DA:91,0
DA:92,1
DA:98,0
DA:101,1
DA:104,3
DA:105,1
DA:108,1
DA:109,1
DA:111,1
DA:112,1
DA:113,0
DA:114,0
DA:116,1
DA:117,2
DA:119,1
DA:120,1
DA:121,1
DA:122,1
DA:123,3
DA:124,2
DA:126,2
DA:128,0
DA:129,0
DA:130,0
DA:131,0
DA:132,0
DA:135,2
DA:136,0
DA:137,0
DA:139,0
DA:141,0
DA:142,1
DA:143,0
DA:144,0
DA:147,1
DA:148,2
DA:149,2
DA:150,2
DA:151,1
DA:152,0
DA:153,0
DA:154,0
DA:158,1
DA:159,1
DA:160,0
DA:161,0
DA:163,0
DA:164,0
DA:165,0
DA:166,0
DA:167,0
DA:168,0
DA:169,0
DA:170,0
DA:172,0
DA:178,1
DA:179,1
DA:180,0
DA:181,0
DA:183,0
DA:184,0
DA:185,0
DA:186,0
DA:187,0
DA:188,0
DA:189,0
DA:190,0
DA:192,0
DA:193,0
DA:194,0
DA:196,0
DA:202,1
DA:203,1
DA:204,0
DA:205,0
DA:207,0
DA:208,0
DA:209,0
DA:210,0
DA:211,0
DA:212,0
DA:218,1
DA:220,1
DA:221,1
DA:222,1
DA:223,0
DA:227,2
DA:228,1
DA:229,0
DA:230,0
DA:231,0
DA:235,1
DA:237,1
DA:238,1
DA:239,1
DA:240,0
DA:244,2
DA:245,1
DA:246,0
DA:247,0
DA:248,0
DA:252,1
DA:254,1
DA:255,1
DA:256,4
DA:257,0
DA:261,2
DA:262,1
DA:263,0
DA:264,0
DA:265,0
DA:269,1
DA:271,1
DA:272,1
DA:273,1
DA:274,0
DA:278,2
DA:279,1
DA:280,0
DA:281,0
DA:282,0
DA:286,1
DA:288,1
DA:289,1
DA:290,1
DA:291,0
DA:295,2
DA:296,1
DA:297,0
DA:298,0
DA:299,0
DA:303,1
DA:305,1
DA:306,1
DA:307,1
DA:308,0
DA:312,2
DA:313,1
DA:314,0
DA:315,0
DA:316,0
DA:320,1
DA:322,1
DA:323,1
DA:324,1
DA:325,1
DA:329,2
DA:330,1
DA:331,0
DA:332,0
DA:333,0
DA:337,1
DA:339,1
DA:340,2
DA:341,1
DA:342,0
DA:343,0
DA:344,0
DA:351,1
DA:352,1
DA:353,1
DA:355,2
DA:357,1
DA:359,1
DA:362,1
DA:363,1
DA:364,1
DA:365,1
DA:366,1
DA:367,1
DA:368,1
DA:369,1
DA:370,1
DA:371,1
DA:372,1
DA:373,1
DA:374,1
DA:375,1
DA:376,1
DA:377,1
DA:378,1
DA:379,1
DA:380,1
DA:381,1
DA:382,1
DA:383,1
DA:384,1
DA:385,1
DA:386,1
DA:387,1
DA:388,1
DA:394,0
DA:395,0
DA:396,0
DA:397,0
DA:399,0
DA:400,0
DA:402,0
DA:406,0
DA:407,0
DA:408,0
DA:409,0
DA:410,0
DA:411,0
DA:412,0
DA:413,0
LF:215
LH:119
end_of_record
SF:lib\features\primary_sources\presentation\widgets\brightness_contrast_dialog.dart
DA:11,0
DA:19,0
DA:21,0
DA:29,0
DA:31,0
DA:32,0
DA:33,0
DA:36,0
DA:38,0
DA:39,0
DA:41,0
DA:42,0
DA:43,0
DA:44,0
DA:45,0
DA:47,0
DA:50,0
DA:51,0
DA:52,0
DA:53,0
DA:54,0
DA:58,0
DA:59,0
DA:62,0
DA:63,0
DA:64,0
DA:65,0
DA:66,0
DA:69,0
DA:70,0
DA:71,0
DA:72,0
DA:74,0
DA:78,0
DA:79,0
DA:80,0
DA:81,0
DA:85,0
DA:86,0
DA:89,0
DA:90,0
DA:91,0
DA:92,0
DA:93,0
DA:94,0
DA:97,0
DA:98,0
DA:99,0
DA:101,0
DA:106,0
DA:107,0
DA:108,0
DA:109,0
DA:110,0
DA:111,0
DA:112,0
DA:114,0
DA:115,0
DA:116,0
DA:119,0
DA:120,0
DA:121,0
DA:122,0
DA:123,0
DA:125,0
DA:126,0
DA:127,0
LF:67
LH:0
end_of_record
SF:lib\features\primary_sources\presentation\widgets\replace_color_dialog.dart
DA:23,0
DA:40,0
DA:41,0
DA:51,0
DA:53,0
DA:54,0
DA:55,0
DA:56,0
DA:57,0
DA:60,0
DA:62,0
DA:63,0
DA:64,0
DA:66,0
DA:67,0
DA:69,0
DA:70,0
DA:71,0
DA:72,0
DA:73,0
DA:75,0
DA:78,0
DA:79,0
DA:80,0
DA:81,0
DA:82,0
DA:83,0
DA:84,0
DA:85,0
DA:90,0
DA:91,0
DA:93,0
DA:96,0
DA:97,0
DA:98,0
DA:99,0
DA:100,0
DA:101,0
DA:102,0
DA:103,0
DA:104,0
DA:111,0
DA:112,0
DA:113,0
DA:114,0
DA:115,0
DA:116,0
DA:117,0
DA:122,0
DA:125,0
DA:126,0
DA:127,0
DA:130,0
DA:131,0
DA:132,0
DA:133,0
DA:134,0
DA:135,0
DA:136,0
DA:137,0
DA:139,0
DA:140,0
DA:141,0
DA:142,0
DA:143,0
DA:144,0
DA:145,0
DA:147,0
DA:148,0
DA:150,0
DA:156,0
DA:157,0
DA:158,0
DA:159,0
DA:161,0
DA:162,0
DA:163,0
DA:165,0
DA:166,0
DA:167,0
DA:170,0
DA:171,0
DA:172,0
DA:174,0
DA:175,0
DA:176,0
DA:178,0
DA:179,0
DA:180,0
DA:181,0
DA:182,0
DA:184,0
DA:185,0
DA:186,0
DA:187,0
DA:188,0
DA:198,0
DA:199,0
DA:200,0
DA:201,0
DA:202,0
DA:203,0
DA:204,0
DA:205,0
DA:206,0
DA:213,0
DA:214,0
DA:215,0
DA:216,0
DA:217,0
DA:218,0
DA:219,0
DA:224,0
DA:227,0
DA:228,0
DA:229,0
DA:232,0
DA:233,0
DA:234,0
DA:235,0
DA:236,0
DA:237,0
DA:238,0
DA:239,0
DA:241,0
DA:242,0
DA:243,0
DA:244,0
DA:245,0
DA:246,0
DA:247,0
DA:249,0
DA:250,0
DA:252,0
DA:258,0
DA:259,0
DA:260,0
DA:261,0
DA:263,0
DA:264,0
DA:265,0
DA:267,0
DA:268,0
DA:269,0
DA:272,0
DA:273,0
DA:274,0
DA:276,0
DA:277,0
DA:278,0
DA:280,0
DA:281,0
DA:282,0
DA:283,0
DA:284,0
DA:286,0
DA:287,0
DA:288,0
DA:289,0
DA:290,0
DA:300,0
DA:301,0
DA:302,0
DA:303,0
DA:304,0
DA:305,0
DA:306,0
DA:307,0
DA:308,0
DA:315,0
DA:316,0
DA:317,0
DA:318,0
DA:319,0
DA:320,0
DA:321,0
DA:326,0
DA:328,0
DA:329,0
DA:333,0
DA:334,0
DA:335,0
DA:336,0
DA:337,0
DA:338,0
DA:341,0
DA:342,0
DA:343,0
DA:344,0
DA:345,0
DA:346,0
DA:353,0
DA:354,0
DA:358,0
DA:359,0
DA:361,0
DA:363,0
DA:365,0
DA:366,0
DA:368,0
DA:380,0
DA:381,0
DA:382,0
DA:383,0
DA:384,0
DA:385,0
DA:386,0
DA:388,0
DA:389,0
DA:390,0
DA:393,0
DA:394,0
DA:395,0
DA:396,0
DA:397,0
DA:398,0
DA:400,0
DA:401,0
DA:402,0
DA:409,0
DA:410,0
DA:411,0
DA:412,0
DA:415,0
DA:416,0
DA:417,0
DA:418,0
DA:421,0
DA:423,0
DA:424,0
DA:425,0
DA:426,0
DA:427,0
DA:428,0
DA:429,0
DA:430,0
DA:431,0
DA:432,0
DA:433,0
DA:434,0
DA:435,0
DA:436,0
LF:242
LH:0
end_of_record
SF:lib\features\primary_sources\presentation\widgets\strong_number_picker_dialog.dart
DA:12,0
DA:18,0
DA:20,0
DA:37,0
DA:39,0
DA:41,0
DA:42,0
DA:45,0
DA:46,0
DA:48,0
DA:49,0
DA:51,0
DA:52,0
DA:53,0
DA:55,0
DA:56,0
DA:59,0
DA:60,0
DA:64,0
DA:66,0
DA:67,0
DA:68,0
DA:69,0
DA:70,0
DA:73,0
DA:74,0
DA:78,0
DA:81,0
DA:83,0
DA:84,0
DA:85,0
DA:86,0
DA:87,0
DA:88,0
DA:89,0
DA:90,0
DA:91,0
DA:92,0
DA:93,0
DA:95,0
DA:96,0
DA:97,0
DA:98,0
DA:99,0
DA:101,0
DA:103,0
DA:104,0
DA:105,0
DA:107,0
DA:108,0
DA:109,0
DA:110,0
DA:122,0
DA:123,0
DA:124,0
DA:125,0
DA:127,0
DA:128,0
DA:130,0
DA:135,0
DA:136,0
DA:137,0
DA:138,0
DA:140,0
DA:142,0
DA:143,0
DA:144,0
DA:145,0
DA:146,0
DA:152,0
DA:154,0
DA:161,0
DA:162,0
DA:163,0
DA:164,0
DA:166,0
DA:167,0
DA:168,0
DA:170,0
DA:172,0
DA:173,0
DA:174,0
DA:175,0
DA:176,0
DA:177,0
DA:178,0
DA:180,0
DA:186,0
DA:187,0
DA:188,0
DA:190,0
DA:191,0
DA:192,0
DA:201,0
DA:203,0
DA:204,0
DA:205,0
DA:206,0
DA:207,0
DA:211,0
DA:223,0
DA:224,0
DA:225,0
DA:226,0
DA:227,0
DA:229,0
DA:230,0
DA:233,0
DA:234,0
DA:240,0
DA:241,0
DA:242,0
DA:246,0
DA:247,0
DA:248,0
DA:250,0
DA:254,0
DA:255,0
DA:259,0
DA:260,0
DA:261,0
DA:262,0
DA:267,0
DA:272,0
DA:273,0
DA:274,0
DA:277,0
DA:278,0
DA:279,0
DA:284,0
DA:285,0
DA:287,0
DA:288,0
DA:289,0
DA:290,0
DA:291,0
DA:294,0
DA:295,0
DA:298,0
DA:299,0
DA:303,0
DA:304,0
DA:305,0
DA:308,0
DA:309,0
DA:314,0
DA:317,0
DA:318,0
DA:319,0
DA:321,0
DA:323,0
DA:326,0
DA:327,0
DA:331,0
LF:154
LH:0
end_of_record
SF:lib\shared\ui\styled_text\styled_text_utils.dart
DA:5,2
DA:7,2
DA:10,2
DA:11,2
DA:12,0
DA:14,0
DA:16,0
DA:20,2
DA:21,0
DA:23,0
LF:10
LH:5
end_of_record
SF:lib\features\primary_sources\presentation\widgets\source_item.dart
DA:16,3
DA:18,2
DA:25,2
DA:27,2
DA:28,2
DA:29,2
DA:30,2
DA:31,2
DA:33,2
DA:35,2
DA:36,2
DA:38,2
DA:40,2
DA:41,2
DA:42,2
DA:44,2
DA:45,2
DA:46,2
DA:47,2
DA:50,2
DA:51,4
DA:52,4
DA:54,2
DA:62,2
DA:65,2
DA:66,1
DA:67,1
DA:69,2
DA:72,2
DA:73,2
DA:75,2
DA:76,2
DA:80,2
DA:81,2
DA:82,2
DA:83,4
DA:85,2
DA:86,2
DA:87,2
DA:92,2
DA:93,8
DA:95,2
DA:96,2
DA:98,14
DA:102,2
DA:103,2
DA:104,2
DA:105,4
DA:106,5
DA:107,4
DA:108,2
DA:110,2
DA:111,3
DA:112,2
DA:113,2
DA:117,2
DA:118,1
DA:119,1
DA:120,3
DA:124,2
DA:125,1
DA:126,1
DA:127,3
DA:131,2
DA:132,1
DA:133,1
DA:134,3
DA:138,2
DA:139,1
DA:140,1
DA:141,3
DA:145,2
DA:146,1
DA:147,1
DA:148,3
DA:152,3
DA:153,0
DA:154,0
DA:167,2
DA:168,4
DA:169,3
DA:172,3
DA:173,0
DA:176,1
DA:179,3
DA:181,1
DA:183,3
DA:188,2
DA:189,8
DA:190,6
DA:193,2
DA:194,4
DA:195,0
DA:196,0
DA:199,0
DA:200,0
DA:201,0
DA:203,0
DA:204,0
DA:212,0
DA:217,0
DA:221,0
DA:223,0
DA:224,0
DA:225,0
LF:105
LH:89
end_of_record
SF:lib\features\primary_sources\presentation\widgets\image_preview_painters.dart
DA:9,0
DA:20,0
DA:39,0
DA:53,0
DA:55,0
DA:57,0
DA:58,0
DA:59,0
DA:60,0
DA:62,0
DA:64,0
DA:65,0
DA:66,0
DA:67,0
DA:68,0
DA:70,0
DA:74,0
DA:76,0
DA:89,0
DA:91,0
DA:92,0
DA:95,0
DA:99,0
DA:100,0
DA:101,0
DA:102,0
DA:111,0
DA:115,0
DA:116,0
DA:117,0
DA:118,0
DA:119,0
DA:121,0
DA:123,0
DA:125,0
DA:127,0
DA:128,0
DA:129,0
DA:130,0
DA:131,0
DA:135,0
DA:137,0
DA:138,0
DA:139,0
DA:140,0
DA:141,0
DA:142,0
DA:143,0
DA:144,0
DA:145,0
DA:146,0
DA:147,0
DA:148,0
DA:149,0
DA:150,0
DA:151,0
DA:153,0
DA:154,0
DA:156,0
DA:159,0
DA:160,0
DA:163,0
DA:164,0
DA:165,0
DA:166,0
DA:168,0
DA:169,0
DA:170,0
DA:171,0
DA:174,0
DA:175,0
DA:176,0
DA:177,0
DA:181,0
DA:185,0
DA:191,0
DA:195,0
DA:196,0
DA:198,0
DA:199,0
DA:200,0
DA:201,0
DA:202,0
DA:203,0
DA:204,0
DA:205,0
DA:207,0
DA:208,0
DA:209,0
DA:211,0
DA:215,0
DA:217,0
DA:218,0
DA:226,0
DA:228,0
DA:230,0
DA:231,0
DA:232,0
DA:233,0
DA:235,0
DA:237,0
DA:239,0
DA:241,0
DA:242,0
DA:243,0
DA:244,0
DA:245,0
DA:247,0
DA:248,0
DA:249,0
DA:250,0
DA:256,0
DA:257,0
DA:258,0
DA:261,0
DA:262,0
DA:263,0
DA:264,0
DA:266,0
DA:279,0
DA:280,0
DA:281,0
DA:285,0
DA:287,0
DA:299,0
DA:308,0
DA:310,0
DA:311,0
DA:312,0
DA:313,0
DA:315,0
DA:316,0
DA:317,0
DA:318,0
DA:319,0
DA:321,0
DA:322,0
DA:323,0
DA:324,0
DA:325,0
DA:328,0
DA:329,0
DA:330,0
DA:331,0
DA:332,0
DA:335,0
DA:339,0
DA:346,0
DA:348,0
DA:349,0
DA:354,0
DA:356,0
DA:357,0
DA:362,0
DA:364,0
DA:365,0
DA:370,0
DA:372,0
DA:373,0
DA:380,0
DA:388,0
DA:389,0
DA:390,0
DA:392,0
DA:393,0
DA:394,0
DA:395,0
DA:396,0
DA:397,0
DA:398,0
DA:402,0
DA:404,0
DA:405,0
DA:406,0
DA:407,0
DA:408,0
DA:418,0
DA:425,0
DA:427,0
DA:428,0
DA:429,0
DA:430,0
DA:431,0
DA:433,0
DA:434,0
DA:435,0
DA:436,0
DA:437,0
DA:440,0
DA:441,0
DA:442,0
DA:443,0
DA:444,0
DA:447,0
DA:448,0
DA:449,0
DA:450,0
DA:451,0
DA:452,0
DA:457,0
DA:459,0
LF:201
LH:0
end_of_record
SF:lib\shared\ui\dialogs\dialogs_utils.dart
DA:12,0
DA:17,0
DA:18,0
DA:20,0
DA:30,0
DA:31,0
DA:36,0
DA:37,0
DA:40,0
DA:43,0
DA:44,0
DA:49,0
DA:50,0
DA:57,0
DA:59,0
DA:60,0
DA:61,0
DA:62,0
DA:64,0
DA:65,0
DA:66,0
DA:72,0
DA:75,0
DA:76,0
DA:77,0
DA:78,0
DA:82,0
DA:83,0
DA:88,0
DA:89,0
DA:94,0
DA:95,0
DA:96,0
DA:98,0
DA:99,0
DA:100,0
DA:104,0
DA:105,0
DA:110,0
DA:111,0
DA:112,0
DA:113,0
DA:118,0
DA:122,0
DA:123,0
DA:124,0
DA:125,0
DA:126,0
DA:128,0
LF:49
LH:0
end_of_record
SF:lib\shared\ui\widgets\description_markdown_view.dart
DA:14,2
DA:24,3
DA:26,3
DA:27,3
DA:28,0
DA:29,0
DA:32,0
DA:33,0
DA:34,0
DA:38,3
DA:39,3
DA:40,3
DA:41,3
DA:42,3
DA:47,1
DA:48,1
DA:49,1
DA:50,1
DA:51,1
LF:19
LH:14
end_of_record
SF:lib\features\primary_sources\presentation\widgets\primary_source_toolbar_overflow_menu.dart
DA:40,1
DA:71,0
DA:72,0
DA:74,0
DA:75,0
DA:76,0
DA:77,0
DA:79,1
DA:81,1
DA:82,1
DA:83,1
DA:84,1
DA:85,2
DA:86,1
DA:89,1
DA:90,2
DA:91,0
DA:92,0
DA:94,0
DA:96,0
DA:97,0
DA:98,0
DA:99,0
DA:100,0
DA:101,0
DA:105,0
DA:108,0
DA:109,0
DA:110,0
DA:111,0
DA:114,0
DA:116,0
DA:119,0
DA:122,0
DA:125,0
DA:126,0
DA:139,0
DA:144,0
DA:145,0
DA:146,0
DA:148,0
DA:149,0
DA:150,0
DA:151,0
DA:153,0
DA:154,0
DA:155,0
DA:156,0
DA:157,0
DA:158,0
DA:161,0
DA:162,0
DA:164,0
DA:166,0
DA:172,0
DA:173,0
DA:175,0
DA:176,0
DA:177,0
DA:178,0
DA:179,0
DA:180,0
DA:181,0
DA:182,0
DA:183,0
DA:185,0
DA:191,0
DA:192,0
DA:194,0
DA:195,0
DA:196,0
DA:197,0
DA:198,0
DA:199,0
DA:200,0
DA:201,0
DA:202,0
DA:204,0
DA:210,0
DA:211,0
DA:213,0
DA:214,0
DA:215,0
DA:216,0
DA:217,0
DA:218,0
DA:219,0
DA:220,0
DA:221,0
DA:223,0
DA:229,0
DA:230,0
DA:231,0
DA:232,0
DA:236,0
DA:237,0
DA:241,0
DA:242,0
DA:243,0
DA:246,0
DA:247,0
DA:248,0
DA:252,0
DA:253,0
DA:257,0
DA:258,0
DA:260,0
DA:263,0
DA:264,0
DA:265,0
DA:269,0
DA:270,0
DA:274,0
DA:275,0
DA:276,0
DA:279,0
DA:280,0
DA:281,0
DA:285,0
DA:286,0
DA:290,0
DA:291,0
DA:292,0
DA:295,0
DA:296,0
DA:297,0
DA:301,0
DA:302,0
DA:306,0
DA:307,0
DA:308,0
DA:311,0
DA:312,0
DA:313,0
DA:317,0
DA:318,0
DA:322,0
DA:323,0
DA:324,0
DA:327,0
DA:328,0
DA:329,0
DA:333,0
DA:334,0
DA:338,0
DA:339,0
DA:340,0
DA:343,0
DA:344,0
DA:346,0
DA:347,0
DA:348,0
DA:349,0
DA:350,0
DA:351,0
DA:352,0
DA:353,0
DA:354,0
DA:356,0
DA:365,0
DA:374,0
DA:375,0
DA:376,0
DA:377,0
DA:379,0
DA:381,0
DA:383,0
DA:385,0
DA:388,0
DA:389,0
DA:390,0
DA:395,0
DA:402,0
DA:403,0
DA:404,0
DA:407,0
DA:408,0
DA:409,0
DA:412,0
DA:413,0
DA:414,0
DA:417,0
DA:418,0
DA:419,0
DA:422,0
DA:423,0
DA:424,0
DA:427,0
DA:428,0
DA:429,0
DA:432,0
DA:433,0
DA:434,0
DA:437,0
DA:438,0
DA:439,0
DA:442,0
DA:443,0
DA:444,0
DA:447,0
DA:448,0
DA:449,0
DA:452,0
DA:453,0
DA:454,0
DA:457,0
DA:458,0
DA:459,0
LF:208
LH:10
end_of_record
SF:lib\features\settings\presentation\bloc\settings_state.dart
DA:6,11
DA:12,11
DA:13,11
DA:14,11
DA:15,11
DA:28,11
DA:34,11
DA:35,11
DA:36,4
DA:37,0
DA:41,11
DA:44,11
DA:45,33
DA:46,33
DA:47,33
DA:48,33
DA:51,0
DA:52,0
LF:18
LH:15
end_of_record
SF:lib\features\settings\presentation\screens\settings_screen.dart
DA:14,1
DA:16,2
DA:17,2
DA:23,2
DA:25,2
DA:26,2
DA:28,2
DA:29,2
DA:30,2
DA:31,2
DA:32,2
DA:33,2
DA:35,2
DA:36,2
DA:37,4
DA:38,6
DA:43,2
DA:44,4
DA:45,6
DA:51,2
DA:53,2
DA:54,2
DA:56,2
DA:58,2
DA:59,2
DA:60,4
DA:61,2
DA:62,4
DA:63,6
DA:64,2
DA:67,2
DA:68,4
DA:69,6
DA:70,2
DA:73,2
DA:75,2
DA:77,1
DA:78,2
DA:79,1
DA:81,1
DA:83,1
DA:87,1
DA:88,2
DA:95,2
DA:97,2
DA:98,2
DA:99,4
DA:100,2
DA:101,4
DA:102,6
DA:103,2
DA:106,2
DA:107,4
DA:108,6
DA:109,2
DA:112,2
DA:114,2
DA:116,0
DA:117,0
DA:118,0
DA:120,0
DA:122,0
DA:126,0
DA:127,0
DA:134,2
DA:136,2
DA:137,2
DA:138,4
DA:139,2
DA:140,4
DA:141,6
DA:142,2
DA:145,2
DA:146,4
DA:147,6
DA:148,2
DA:151,2
DA:153,2
DA:155,0
DA:156,0
DA:157,0
DA:159,0
DA:161,0
DA:165,0
DA:166,0
DA:173,2
DA:175,2
DA:176,2
DA:177,2
DA:178,2
DA:179,2
DA:181,2
DA:182,4
DA:183,6
DA:184,2
DA:187,2
DA:188,2
DA:189,2
DA:190,4
DA:191,6
DA:192,2
DA:195,2
DA:196,2
DA:197,0
DA:199,0
DA:201,0
DA:202,0
DA:205,0
DA:218,1
DA:222,1
DA:223,1
DA:225,1
DA:227,1
DA:228,1
DA:229,1
DA:230,1
DA:231,1
DA:233,1
DA:235,2
DA:236,1
DA:237,2
DA:238,1
DA:239,1
DA:240,1
DA:241,1
DA:242,2
DA:243,1
DA:245,1
DA:247,1
DA:248,1
DA:249,1
DA:250,1
DA:251,1
DA:252,1
DA:254,1
DA:256,3
DA:258,1
DA:259,1
DA:273,0
DA:274,0
DA:275,0
DA:277,0
DA:279,0
DA:280,0
DA:281,0
DA:282,0
DA:284,0
DA:286,0
DA:287,0
DA:288,0
DA:289,0
DA:290,0
DA:291,0
DA:292,0
DA:293,0
DA:294,0
DA:295,0
DA:297,0
DA:299,0
DA:300,0
DA:301,0
DA:302,0
DA:304,0
DA:306,0
DA:308,0
DA:310,0
DA:312,0
DA:313,0
DA:326,0
DA:330,0
DA:331,0
DA:333,0
DA:335,0
DA:336,0
DA:337,0
DA:338,0
DA:340,0
DA:342,0
DA:343,0
DA:344,0
DA:345,0
DA:346,0
DA:347,0
DA:348,0
DA:349,0
DA:350,0
DA:351,0
DA:353,0
DA:355,0
DA:356,0
DA:357,0
DA:358,0
DA:359,0
DA:360,0
DA:362,0
DA:364,0
DA:366,0
DA:367,0
LF:198
LH:119
end_of_record
SF:lib\shared\ui\theme\material_theme.dart
DA:4,1
DA:6,1
DA:7,1
DA:8,0
DA:9,0
DA:10,0
DA:11,0
DA:12,0
DA:13,0
DA:15,0
DA:19,1
DA:21,1
DA:22,0
DA:23,1
DA:24,1
DA:25,0
DA:26,0
DA:28,0
DA:32,1
DA:83,0
DA:134,0
DA:185,0
DA:236,1
DA:237,2
DA:238,1
DA:239,2
DA:240,2
DA:241,3
DA:243,2
DA:244,3
DA:247,2
DA:248,2
DA:249,3
DA:251,2
DA:252,3
DA:255,2
DA:256,2
DA:257,3
DA:259,2
DA:260,3
DA:263,2
DA:264,2
DA:265,3
DA:267,2
DA:268,3
DA:271,2
DA:272,2
DA:273,3
DA:275,2
DA:276,3
DA:279,2
DA:280,2
DA:281,3
DA:283,2
DA:284,3
DA:287,2
DA:288,2
DA:289,3
DA:291,2
DA:292,3
DA:295,2
DA:296,2
DA:297,3
DA:299,2
DA:300,3
DA:303,2
DA:304,2
DA:305,3
DA:307,2
DA:308,3
DA:311,2
DA:312,2
DA:313,3
DA:315,2
DA:316,3
DA:319,2
DA:320,2
DA:321,3
DA:323,2
DA:324,3
DA:327,2
DA:328,2
DA:329,3
DA:331,2
DA:332,3
DA:335,2
DA:336,2
DA:337,3
DA:339,2
DA:340,3
DA:343,2
DA:344,2
DA:345,3
DA:347,2
DA:348,3
DA:351,2
DA:352,2
DA:353,3
DA:355,2
DA:356,3
LF:100
LH:86
end_of_record
SF:lib\features\topics\data\models\topic_info.dart
DA:7,6
DA:14,2
DA:17,2
DA:18,6
DA:19,6
DA:20,3
DA:21,3
DA:22,3
DA:25,0
DA:26,0
LF:10
LH:8
end_of_record
SF:lib\features\topics\data\models\topic_resource.dart
DA:4,6
DA:14,1
DA:17,1
DA:18,3
DA:19,3
DA:20,3
DA:21,3
DA:24,0
DA:25,0
LF:9
LH:7
end_of_record
SF:lib\features\topics\data\repositories\topics_repository.dart
DA:10,7
DA:11,3
DA:15,3
DA:18,6
DA:25,6
DA:26,6
DA:28,1
DA:29,2
DA:30,1
DA:31,1
DA:32,1
DA:33,1
DA:36,1
DA:37,1
DA:39,3
DA:40,1
DA:41,1
DA:50,2
DA:54,2
DA:59,4
DA:66,4
DA:67,4
DA:68,1
DA:70,3
DA:71,1
DA:72,1
DA:81,1
DA:85,1
DA:90,2
DA:97,2
DA:98,2
DA:104,1
DA:105,1
DA:106,1
DA:107,1
DA:108,1
DA:109,1
DA:113,3
DA:114,1
DA:115,1
DA:124,1
DA:125,1
DA:132,2
DA:133,1
DA:134,1
DA:137,3
DA:138,1
DA:139,1
DA:148,1
DA:149,1
DA:150,1
DA:151,1
DA:152,1
LF:53
LH:53
end_of_record
SF:lib\infra\db\common\db_common.g.dart
DA:11,0
DA:74,0
DA:75,0
DA:76,0
DA:77,0
DA:78,0
DA:79,0
DA:80,0
DA:81,0
DA:83,0
DA:84,0
DA:85,0
DA:88,0
DA:93,0
DA:94,0
DA:95,0
DA:96,0
DA:98,0
DA:99,0
DA:101,0
DA:104,0
DA:106,0
DA:107,0
DA:109,0
DA:112,0
DA:114,0
DA:115,0
DA:117,0
DA:120,0
DA:122,0
DA:123,0
DA:125,0
DA:128,0
DA:130,0
DA:131,0
DA:133,0
DA:136,0
DA:141,0
DA:142,0
DA:143,0
DA:145,0
DA:146,0
DA:147,0
DA:149,0
DA:151,0
DA:153,0
DA:155,0
DA:157,0
DA:159,0
DA:161,0
DA:163,0
DA:165,0
DA:167,0
DA:169,0
DA:174,0
DA:176,0
DA:187,0
DA:195,0
DA:197,0
DA:198,0
DA:199,0
DA:200,0
DA:201,0
DA:202,0
DA:203,0
DA:207,0
DA:208,0
DA:209,0
DA:210,0
DA:211,0
DA:212,0
DA:213,0
DA:214,0
DA:218,0
DA:222,0
DA:223,0
DA:224,0
DA:225,0
DA:226,0
DA:227,0
DA:228,0
DA:229,0
DA:232,0
DA:234,0
DA:235,0
DA:236,0
DA:237,0
DA:238,0
DA:239,0
DA:240,0
DA:241,0
DA:245,0
DA:252,0
DA:253,0
DA:254,0
DA:255,0
DA:256,0
DA:257,0
DA:258,0
DA:260,0
DA:261,0
DA:262,0
DA:263,0
DA:264,0
DA:265,0
DA:266,0
DA:267,0
DA:271,0
DA:273,0
DA:274,0
DA:275,0
DA:276,0
DA:277,0
DA:278,0
DA:279,0
DA:280,0
DA:281,0
DA:284,0
DA:285,0
DA:286,0
DA:289,0
DA:290,0
DA:291,0
DA:292,0
DA:293,0
DA:294,0
DA:295,0
DA:305,0
DA:313,0
DA:320,0
DA:321,0
DA:322,0
DA:323,0
DA:324,0
DA:325,0
DA:333,0
DA:334,0
DA:335,0
DA:336,0
DA:337,0
DA:338,0
DA:339,0
DA:343,0
DA:351,0
DA:352,0
DA:353,0
DA:354,0
DA:355,0
DA:356,0
DA:357,0
DA:361,0
DA:363,0
DA:364,0
DA:365,0
DA:367,0
DA:368,0
DA:370,0
DA:371,0
DA:373,0
DA:374,0
DA:376,0
DA:377,0
DA:379,0
DA:380,0
DA:385,0
DA:387,0
DA:388,0
DA:389,0
DA:390,0
DA:391,0
DA:392,0
DA:393,0
DA:394,0
DA:395,0
DA:404,0
DA:445,0
DA:446,0
DA:447,0
DA:448,0
DA:449,0
DA:452,0
DA:457,0
DA:458,0
DA:459,0
DA:460,0
DA:462,0
DA:465,0
DA:467,0
DA:468,0
DA:470,0
DA:473,0
DA:475,0
DA:476,0
DA:478,0
DA:481,0
DA:483,0
DA:484,0
DA:486,0
DA:489,0
DA:494,0
DA:495,0
DA:496,0
DA:498,0
DA:499,0
DA:500,0
DA:502,0
DA:504,0
DA:506,0
DA:508,0
DA:510,0
DA:512,0
DA:514,0
DA:519,0
DA:521,0
DA:530,2
DA:536,0
DA:538,0
DA:539,0
DA:540,0
DA:541,0
DA:542,0
DA:546,0
DA:547,0
DA:548,0
DA:549,0
DA:550,0
DA:551,0
DA:555,0
DA:559,0
DA:560,0
DA:561,0
DA:562,0
DA:563,0
DA:564,0
DA:567,0
DA:569,0
DA:570,0
DA:571,0
DA:572,0
DA:573,0
DA:574,0
DA:578,0
DA:583,0
DA:584,0
DA:585,0
DA:586,0
DA:587,0
DA:589,0
DA:590,0
DA:591,0
DA:592,0
DA:593,0
DA:594,0
DA:598,0
DA:600,0
DA:601,0
DA:602,0
DA:603,0
DA:604,0
DA:605,0
DA:606,0
DA:609,0
DA:611,0
DA:612,0
DA:615,0
DA:616,0
DA:617,0
DA:618,0
DA:619,0
DA:628,0
DA:635,0
DA:641,0
DA:642,0
DA:643,0
DA:644,0
DA:645,0
DA:652,0
DA:653,0
DA:654,0
DA:655,0
DA:656,0
DA:657,0
DA:661,0
DA:668,0
DA:669,0
DA:670,0
DA:671,0
DA:672,0
DA:673,0
DA:677,0
DA:679,0
DA:680,0
DA:681,0
DA:683,0
DA:684,0
DA:686,0
DA:687,0
DA:689,0
DA:690,0
DA:692,0
DA:693,0
DA:698,0
DA:700,0
DA:701,0
DA:702,0
DA:703,0
DA:704,0
DA:705,0
DA:706,0
DA:707,0
DA:716,0
DA:841,0
DA:842,0
DA:843,0
DA:844,0
DA:845,0
DA:846,0
DA:847,0
DA:848,0
DA:849,0
DA:850,0
DA:851,0
DA:852,0
DA:853,0
DA:855,0
DA:856,0
DA:857,0
DA:860,0
DA:865,0
DA:866,0
DA:867,0
DA:868,0
DA:870,0
DA:872,0
DA:873,0
DA:875,0
DA:878,0
DA:880,0
DA:881,0
DA:883,0
DA:886,0
DA:888,0
DA:889,0
DA:891,0
DA:894,0
DA:896,0
DA:897,0
DA:899,0
DA:902,0
DA:903,0
DA:905,0
DA:906,0
DA:911,0
DA:912,0
DA:914,0
DA:915,0
DA:920,0
DA:922,0
DA:923,0
DA:925,0
DA:926,0
DA:931,0
DA:932,0
DA:934,0
DA:935,0
DA:940,0
DA:941,0
DA:943,0
DA:944,0
DA:949,0
DA:950,0
DA:952,0
DA:958,0
DA:959,0
DA:960,0
DA:962,0
DA:963,0
DA:964,0
DA:966,0
DA:968,0
DA:970,0
DA:972,0
DA:974,0
DA:976,0
DA:978,0
DA:980,0
DA:982,0
DA:984,0
DA:986,0
DA:988,0
DA:990,0
DA:992,0
DA:994,0
DA:996,0
DA:998,0
DA:1000,0
DA:1002,0
DA:1004,0
DA:1006,0
DA:1011,0
DA:1013,0
DA:1029,0
DA:1042,0
DA:1044,0
DA:1045,0
DA:1046,0
DA:1047,0
DA:1048,0
DA:1049,0
DA:1050,0
DA:1051,0
DA:1052,0
DA:1053,0
DA:1054,0
DA:1055,0
DA:1059,0
DA:1060,0
DA:1061,0
DA:1062,0
DA:1063,0
DA:1064,0
DA:1065,0
DA:1066,0
DA:1067,0
DA:1068,0
DA:1069,0
DA:1070,0
DA:1071,0
DA:1075,0
DA:1079,0
DA:1080,0
DA:1081,0
DA:1082,0
DA:1083,0
DA:1084,0
DA:1085,0
DA:1086,0
DA:1087,0
DA:1088,0
DA:1090,0
DA:1091,0
DA:1092,0
DA:1093,0
DA:1095,0
DA:1098,0
DA:1100,0
DA:1101,0
DA:1102,0
DA:1103,0
DA:1104,0
DA:1105,0
DA:1106,0
DA:1107,0
DA:1108,0
DA:1109,0
DA:1110,0
DA:1111,0
DA:1112,0
DA:1116,0
DA:1128,0
DA:1129,0
DA:1130,0
DA:1131,0
DA:1132,0
DA:1133,0
DA:1134,0
DA:1135,0
DA:1136,0
DA:1137,0
DA:1138,0
DA:1139,0
DA:1141,0
DA:1142,0
DA:1143,0
DA:1144,0
DA:1145,0
DA:1146,0
DA:1147,0
DA:1148,0
DA:1149,0
DA:1150,0
DA:1151,0
DA:1152,0
DA:1153,0
DA:1154,0
DA:1155,0
DA:1156,0
DA:1157,0
DA:1158,0
DA:1159,0
DA:1160,0
DA:1161,0
DA:1162,0
DA:1163,0
DA:1167,0
DA:1169,0
DA:1170,0
DA:1171,0
DA:1172,0
DA:1173,0
DA:1174,0
DA:1175,0
DA:1176,0
DA:1177,0
DA:1178,0
DA:1179,0
DA:1180,0
DA:1181,0
DA:1182,0
DA:1185,0
DA:1186,0
DA:1187,0
DA:1188,0
DA:1189,0
DA:1190,0
DA:1191,0
DA:1192,0
DA:1193,0
DA:1194,0
DA:1195,0
DA:1196,0
DA:1197,0
DA:1199,0
DA:1202,0
DA:1203,0
DA:1204,0
DA:1205,0
DA:1206,0
DA:1207,0
DA:1208,0
DA:1209,0
DA:1210,0
DA:1211,0
DA:1212,0
DA:1213,0
DA:1229,0
DA:1243,0
DA:1256,0
DA:1257,0
DA:1258,0
DA:1259,0
DA:1260,0
DA:1261,0
DA:1275,0
DA:1276,0
DA:1277,0
DA:1278,0
DA:1279,0
DA:1280,0
DA:1281,0
DA:1283,0
DA:1284,0
DA:1285,0
DA:1287,0
DA:1288,0
DA:1289,0
DA:1293,0
DA:1307,0
DA:1308,0
DA:1309,0
DA:1310,0
DA:1311,0
DA:1312,0
DA:1313,0
DA:1314,0
DA:1315,0
DA:1316,0
DA:1317,0
DA:1318,0
DA:1319,0
DA:1323,0
DA:1325,0
DA:1326,0
DA:1327,0
DA:1329,0
DA:1330,0
DA:1332,0
DA:1333,0
DA:1335,0
DA:1336,0
DA:1338,0
DA:1339,0
DA:1341,0
DA:1342,0
DA:1344,0
DA:1345,0
DA:1347,0
DA:1348,0
DA:1350,0
DA:1351,0
DA:1353,0
DA:1354,0
DA:1356,0
DA:1357,0
DA:1359,0
DA:1360,0
DA:1365,0
DA:1367,0
DA:1368,0
DA:1369,0
DA:1370,0
DA:1371,0
DA:1372,0
DA:1373,0
DA:1374,0
DA:1375,0
DA:1376,0
DA:1377,0
DA:1378,0
DA:1379,0
DA:1380,0
DA:1381,0
DA:1390,0
DA:1443,0
DA:1444,0
DA:1445,0
DA:1446,0
DA:1447,0
DA:1448,0
DA:1449,0
DA:1451,0
DA:1452,0
DA:1453,0
DA:1456,0
DA:1461,0
DA:1462,0
DA:1463,0
DA:1464,0
DA:1466,0
DA:1469,0
DA:1471,0
DA:1472,0
DA:1474,0
DA:1477,0
DA:1479,0
DA:1480,0
DA:1482,0
DA:1485,0
DA:1486,0
DA:1488,0
DA:1491,0
DA:1493,0
DA:1494,0
DA:1496,0
DA:1499,0
DA:1504,0
DA:1505,0
DA:1506,0
DA:1508,0
DA:1509,0
DA:1510,0
DA:1512,0
DA:1514,0
DA:1516,0
DA:1518,0
DA:1520,0
DA:1522,0
DA:1524,0
DA:1526,0
DA:1528,0
DA:1533,0
DA:1535,0
DA:1546,0
DA:1553,0
DA:1555,0
DA:1556,0
DA:1557,0
DA:1558,0
DA:1559,0
DA:1560,0
DA:1564,0
DA:1565,0
DA:1566,0
DA:1567,0
DA:1568,0
DA:1569,0
DA:1570,0
DA:1574,0
DA:1578,0
DA:1579,0
DA:1580,0
DA:1581,0
DA:1582,0
DA:1583,0
DA:1584,0
DA:1587,0
DA:1589,0
DA:1590,0
DA:1591,0
DA:1592,0
DA:1593,0
DA:1594,0
DA:1595,0
DA:1599,0
DA:1605,0
DA:1606,0
DA:1607,0
DA:1608,0
DA:1609,0
DA:1610,0
DA:1612,0
DA:1613,0
DA:1614,0
DA:1615,0
DA:1616,0
DA:1617,0
DA:1618,0
DA:1622,0
DA:1624,0
DA:1625,0
DA:1626,0
DA:1627,0
DA:1628,0
DA:1629,0
DA:1630,0
DA:1631,0
DA:1634,0
DA:1635,0
DA:1636,0
DA:1639,0
DA:1640,0
DA:1641,0
DA:1642,0
DA:1643,0
DA:1644,0
DA:1654,0
DA:1662,0
DA:1669,0
DA:1670,0
DA:1671,0
DA:1672,0
DA:1673,0
DA:1681,0
DA:1682,0
DA:1683,0
DA:1684,0
DA:1685,0
DA:1686,0
DA:1687,0
DA:1691,0
DA:1699,0
DA:1700,0
DA:1701,0
DA:1702,0
DA:1703,0
DA:1704,0
DA:1705,0
DA:1709,0
DA:1711,0
DA:1712,0
DA:1713,0
DA:1715,0
DA:1716,0
DA:1718,0
DA:1719,0
DA:1721,0
DA:1722,0
DA:1724,0
DA:1725,0
DA:1727,0
DA:1728,0
DA:1733,0
DA:1735,0
DA:1736,0
DA:1737,0
DA:1738,0
DA:1739,0
DA:1740,0
DA:1741,0
DA:1742,0
DA:1743,0
DA:1752,0
DA:1807,0
DA:1808,0
DA:1809,0
DA:1810,0
DA:1811,0
DA:1812,0
DA:1813,0
DA:1815,0
DA:1816,0
DA:1817,0
DA:1820,0
DA:1825,0
DA:1826,0
DA:1827,0
DA:1828,0
DA:1830,0
DA:1833,0
DA:1835,0
DA:1836,0
DA:1838,0
DA:1839,0
DA:1844,0
DA:1846,0
DA:1847,0
DA:1849,0
DA:1852,0
DA:1853,0
DA:1855,0
DA:1858,0
DA:1860,0
DA:1861,0
DA:1863,0
DA:1866,0
DA:1871,0
DA:1872,0
DA:1873,0
DA:1878,0
DA:1879,0
DA:1880,0
DA:1882,0
DA:1884,0
DA:1886,0
DA:1888,0
DA:1890,0
DA:1892,0
DA:1894,0
DA:1896,0
DA:1898,0
DA:1903,0
DA:1905,0
DA:1916,0
DA:1923,0
DA:1925,0
DA:1926,0
DA:1927,0
DA:1928,0
DA:1929,0
DA:1930,0
DA:1934,0
DA:1935,0
DA:1936,0
DA:1937,0
DA:1938,0
DA:1939,0
DA:1940,0
DA:1944,0
DA:1948,0
DA:1949,0
DA:1950,0
DA:1951,0
DA:1952,0
DA:1953,0
DA:1954,0
DA:1957,0
DA:1959,0
DA:1960,0
DA:1961,0
DA:1962,0
DA:1963,0
DA:1964,0
DA:1965,0
DA:1969,0
DA:1975,0
DA:1976,0
DA:1977,0
DA:1978,0
DA:1979,0
DA:1980,0
DA:1982,0
DA:1985,0
DA:1986,0
DA:1987,0
DA:1988,0
DA:1989,0
DA:1990,0
DA:1991,0
DA:1992,0
DA:1993,0
DA:1994,0
DA:1998,0
DA:2000,0
DA:2001,0
DA:2002,0
DA:2003,0
DA:2004,0
DA:2005,0
DA:2006,0
DA:2007,0
DA:2010,0
DA:2012,0
DA:2013,0
DA:2016,0
DA:2017,0
DA:2018,0
DA:2019,0
DA:2020,0
DA:2021,0
DA:2032,0
DA:2040,0
DA:2047,0
DA:2048,0
DA:2049,0
DA:2050,0
DA:2051,0
DA:2059,0
DA:2060,0
DA:2061,0
DA:2062,0
DA:2063,0
DA:2064,0
DA:2065,0
DA:2069,0
DA:2077,0
DA:2078,0
DA:2079,0
DA:2080,0
DA:2081,0
DA:2082,0
DA:2083,0
DA:2087,0
DA:2089,0
DA:2090,0
DA:2091,0
DA:2093,0
DA:2094,0
DA:2096,0
DA:2097,0
DA:2099,0
DA:2100,0
DA:2102,0
DA:2103,0
DA:2105,0
DA:2106,0
DA:2111,0
DA:2113,0
DA:2114,0
DA:2115,0
DA:2116,0
DA:2117,0
DA:2118,0
DA:2119,0
DA:2120,0
DA:2121,0
DA:2130,0
DA:2187,0
DA:2188,0
DA:2189,0
DA:2190,0
DA:2191,0
DA:2192,0
DA:2193,0
DA:2195,0
DA:2196,0
DA:2197,0
DA:2200,0
DA:2205,0
DA:2206,0
DA:2207,0
DA:2208,0
DA:2210,0
DA:2213,0
DA:2215,0
DA:2216,0
DA:2218,0
DA:2221,0
DA:2223,0
DA:2224,0
DA:2226,0
DA:2229,0
DA:2230,0
DA:2232,0
DA:2235,0
DA:2237,0
DA:2238,0
DA:2240,0
DA:2243,0
DA:2248,0
DA:2249,0
DA:2250,0
DA:2252,0
DA:2253,0
DA:2254,0
DA:2256,0
DA:2258,0
DA:2260,0
DA:2262,0
DA:2264,0
DA:2266,0
DA:2268,0
DA:2270,0
DA:2272,0
DA:2277,0
DA:2279,0
DA:2290,0
DA:2297,0
DA:2299,0
DA:2300,0
DA:2301,0
DA:2302,0
DA:2303,0
DA:2304,0
DA:2308,0
DA:2309,0
DA:2310,0
DA:2311,0
DA:2312,0
DA:2313,0
DA:2314,0
DA:2318,0
DA:2322,0
DA:2323,0
DA:2324,0
DA:2325,0
DA:2326,0
DA:2327,0
DA:2328,0
DA:2331,0
DA:2333,0
DA:2334,0
DA:2335,0
DA:2336,0
DA:2337,0
DA:2338,0
DA:2339,0
DA:2343,0
DA:2349,0
DA:2350,0
DA:2351,0
DA:2352,0
DA:2353,0
DA:2354,0
DA:2356,0
DA:2357,0
DA:2358,0
DA:2359,0
DA:2360,0
DA:2361,0
DA:2362,0
DA:2363,0
DA:2364,0
DA:2368,0
DA:2370,0
DA:2371,0
DA:2372,0
DA:2373,0
DA:2374,0
DA:2375,0
DA:2376,0
DA:2377,0
DA:2380,0
DA:2382,0
DA:2383,0
DA:2386,0
DA:2387,0
DA:2388,0
DA:2389,0
DA:2390,0
DA:2391,0
DA:2401,0
DA:2409,0
DA:2416,0
DA:2417,0
DA:2418,0
DA:2419,0
DA:2420,0
DA:2428,0
DA:2429,0
DA:2430,0
DA:2431,0
DA:2432,0
DA:2433,0
DA:2434,0
DA:2438,0
DA:2446,0
DA:2447,0
DA:2448,0
DA:2449,0
DA:2450,0
DA:2451,0
DA:2452,0
DA:2456,0
DA:2458,0
DA:2459,0
DA:2460,0
DA:2462,0
DA:2463,0
DA:2465,0
DA:2466,0
DA:2468,0
DA:2469,0
DA:2471,0
DA:2472,0
DA:2474,0
DA:2475,0
DA:2480,0
DA:2482,0
DA:2483,0
DA:2484,0
DA:2485,0
DA:2486,0
DA:2487,0
DA:2488,0
DA:2489,0
DA:2490,0
DA:2499,0
DA:2606,0
DA:2607,0
DA:2608,0
DA:2609,0
DA:2610,0
DA:2611,0
DA:2612,0
DA:2613,0
DA:2614,0
DA:2615,0
DA:2616,0
DA:2618,0
DA:2619,0
DA:2620,0
DA:2623,0
DA:2628,0
DA:2629,0
DA:2630,0
DA:2631,0
DA:2633,0
DA:2636,0
DA:2638,0
DA:2639,0
DA:2641,0
DA:2644,0
DA:2646,0
DA:2647,0
DA:2649,0
DA:2652,0
DA:2654,0
DA:2655,0
DA:2657,0
DA:2660,0
DA:2662,0
DA:2663,0
DA:2665,0
DA:2666,0
DA:2671,0
DA:2672,0
DA:2674,0
DA:2675,0
DA:2680,0
DA:2681,0
DA:2683,0
DA:2684,0
DA:2689,0
DA:2690,0
DA:2692,0
DA:2693,0
DA:2698,0
DA:2699,0
DA:2701,0
DA:2702,0
DA:2710,0
DA:2711,0
DA:2712,0
DA:2714,0
DA:2715,0
DA:2716,0
DA:2718,0
DA:2720,0
DA:2722,0
DA:2724,0
DA:2726,0
DA:2728,0
DA:2730,0
DA:2732,0
DA:2734,0
DA:2736,0
DA:2738,0
DA:2740,0
DA:2742,0
DA:2744,0
DA:2746,0
DA:2748,0
DA:2750,0
DA:2755,0
DA:2757,0
DA:2772,1
DA:2783,0
DA:2785,0
DA:2786,0
DA:2787,0
DA:2788,0
DA:2789,0
DA:2790,0
DA:2791,0
DA:2793,0
DA:2794,0
DA:2795,0
DA:2796,0
DA:2800,0
DA:2801,0
DA:2802,0
DA:2803,0
DA:2804,0
DA:2805,0
DA:2806,0
DA:2808,0
DA:2809,0
DA:2810,0
DA:2811,0
DA:2812,0
DA:2816,0
DA:2820,0
DA:2821,0
DA:2822,0
DA:2823,0
DA:2824,0
DA:2825,0
DA:2826,0
DA:2827,0
DA:2828,0
DA:2829,0
DA:2830,0
DA:2832,0
DA:2835,0
DA:2837,0
DA:2838,0
DA:2839,0
DA:2840,0
DA:2841,0
DA:2842,0
DA:2843,0
DA:2844,0
DA:2845,0
DA:2846,0
DA:2847,0
DA:2849,0
DA:2853,0
DA:2863,0
DA:2864,0
DA:2865,0
DA:2866,0
DA:2867,0
DA:2868,0
DA:2869,0
DA:2870,0
DA:2872,0
DA:2873,0
DA:2875,0
DA:2876,0
DA:2877,0
DA:2878,0
DA:2879,0
DA:2880,0
DA:2881,0
DA:2882,0
DA:2883,0
DA:2884,0
DA:2885,0
DA:2886,0
DA:2887,0
DA:2888,0
DA:2889,0
DA:2890,0
DA:2891,0
DA:2892,0
DA:2893,0
DA:2894,0
DA:2895,0
DA:2899,0
DA:2901,0
DA:2902,0
DA:2903,0
DA:2904,0
DA:2905,0
DA:2906,0
DA:2907,0
DA:2908,0
DA:2909,0
DA:2910,0
DA:2911,0
DA:2912,0
DA:2915,0
DA:2916,0
DA:2917,0
DA:2918,0
DA:2919,0
DA:2920,0
DA:2921,0
DA:2922,0
DA:2923,0
DA:2924,0
DA:2925,0
DA:2927,0
DA:2930,0
DA:2931,0
DA:2932,0
DA:2933,0
DA:2934,0
DA:2935,0
DA:2936,0
DA:2937,0
DA:2938,0
DA:2939,0
DA:2953,0
DA:2965,0
DA:2976,0
DA:2977,0
DA:2978,0
DA:2979,0
DA:2980,0
DA:2992,0
DA:2993,0
DA:2994,0
DA:2995,0
DA:2996,0
DA:2997,0
DA:2998,0
DA:2999,0
DA:3001,0
DA:3002,0
DA:3003,0
DA:3007,0
DA:3019,0
DA:3020,0
DA:3021,0
DA:3022,0
DA:3023,0
DA:3024,0
DA:3025,0
DA:3026,0
DA:3028,0
DA:3029,0
DA:3030,0
DA:3034,0
DA:3036,0
DA:3037,0
DA:3038,0
DA:3040,0
DA:3041,0
DA:3043,0
DA:3044,0
DA:3046,0
DA:3047,0
DA:3049,0
DA:3050,0
DA:3052,0
DA:3053,0
DA:3055,0
DA:3056,0
DA:3058,0
DA:3059,0
DA:3060,0
DA:3063,0
DA:3064,0
DA:3066,0
DA:3067,0
DA:3072,0
DA:3074,0
DA:3075,0
DA:3076,0
DA:3077,0
DA:3078,0
DA:3079,0
DA:3080,0
DA:3081,0
DA:3082,0
DA:3083,0
DA:3084,0
DA:3085,0
DA:3086,0
DA:3095,0
DA:3193,0
DA:3194,0
DA:3195,0
DA:3196,0
DA:3197,0
DA:3198,0
DA:3199,0
DA:3200,0
DA:3201,0
DA:3202,0
DA:3203,0
DA:3205,0
DA:3206,0
DA:3207,0
DA:3210,0
DA:3215,0
DA:3216,0
DA:3217,0
DA:3218,0
DA:3220,0
DA:3223,0
DA:3225,0
DA:3226,0
DA:3228,0
DA:3231,0
DA:3233,0
DA:3234,0
DA:3236,0
DA:3239,0
DA:3241,0
DA:3242,0
DA:3244,0
DA:3245,0
DA:3250,0
DA:3252,0
DA:3253,0
DA:3255,0
DA:3256,0
DA:3261,0
DA:3263,0
DA:3264,0
DA:3266,0
DA:3269,0
DA:3271,0
DA:3272,0
DA:3274,0
DA:3277,0
DA:3279,0
DA:3280,0
DA:3282,0
DA:3283,0
DA:3288,0
DA:3289,0
DA:3291,0
DA:3292,0
DA:3300,0
DA:3301,0
DA:3302,0
DA:3304,0
DA:3305,0
DA:3306,0
DA:3308,0
DA:3310,0
DA:3312,0
DA:3314,0
DA:3316,0
DA:3318,0
DA:3320,0
DA:3322,0
DA:3324,0
DA:3326,0
DA:3328,0
DA:3330,0
DA:3332,0
DA:3334,0
DA:3336,0
DA:3338,0
DA:3340,0
DA:3345,0
DA:3347,0
DA:3362,0
DA:3373,0
DA:3375,0
DA:3376,0
DA:3377,0
DA:3378,0
DA:3379,0
DA:3380,0
DA:3381,0
DA:3382,0
DA:3383,0
DA:3384,0
DA:3388,0
DA:3389,0
DA:3390,0
DA:3391,0
DA:3392,0
DA:3393,0
DA:3394,0
DA:3395,0
DA:3396,0
DA:3397,0
DA:3398,0
DA:3402,0
DA:3406,0
DA:3407,0
DA:3408,0
DA:3409,0
DA:3410,0
DA:3411,0
DA:3412,0
DA:3413,0
DA:3414,0
DA:3415,0
DA:3416,0
DA:3419,0
DA:3421,0
DA:3422,0
DA:3423,0
DA:3424,0
DA:3425,0
DA:3426,0
DA:3427,0
DA:3428,0
DA:3429,0
DA:3430,0
DA:3431,0
DA:3435,0
DA:3445,0
DA:3446,0
DA:3447,0
DA:3448,0
DA:3449,0
DA:3450,0
DA:3451,0
DA:3452,0
DA:3453,0
DA:3454,0
DA:3456,0
DA:3457,0
DA:3458,0
DA:3459,0
DA:3460,0
DA:3461,0
DA:3462,0
DA:3463,0
DA:3464,0
DA:3465,0
DA:3466,0
DA:3467,0
DA:3468,0
DA:3469,0
DA:3470,0
DA:3471,0
DA:3472,0
DA:3473,0
DA:3474,0
DA:3475,0
DA:3476,0
DA:3480,0
DA:3482,0
DA:3483,0
DA:3484,0
DA:3485,0
DA:3486,0
DA:3487,0
DA:3488,0
DA:3489,0
DA:3490,0
DA:3491,0
DA:3492,0
DA:3493,0
DA:3496,0
DA:3497,0
DA:3498,0
DA:3499,0
DA:3500,0
DA:3501,0
DA:3502,0
DA:3503,0
DA:3504,0
DA:3505,0
DA:3506,0
DA:3508,0
DA:3511,0
DA:3512,0
DA:3513,0
DA:3514,0
DA:3515,0
DA:3516,0
DA:3517,0
DA:3518,0
DA:3519,0
DA:3520,0
DA:3534,0
DA:3546,0
DA:3557,0
DA:3558,0
DA:3559,0
DA:3560,0
DA:3561,0
DA:3562,0
DA:3563,0
DA:3564,0
DA:3576,0
DA:3577,0
DA:3578,0
DA:3579,0
DA:3580,0
DA:3581,0
DA:3582,0
DA:3583,0
DA:3584,0
DA:3585,0
DA:3586,0
DA:3590,0
DA:3602,0
DA:3603,0
DA:3604,0
DA:3605,0
DA:3606,0
DA:3607,0
DA:3608,0
DA:3609,0
DA:3610,0
DA:3611,0
DA:3612,0
DA:3616,0
DA:3618,0
DA:3619,0
DA:3620,0
DA:3622,0
DA:3623,0
DA:3625,0
DA:3626,0
DA:3628,0
DA:3629,0
DA:3631,0
DA:3632,0
DA:3634,0
DA:3635,0
DA:3637,0
DA:3638,0
DA:3640,0
DA:3641,0
DA:3643,0
DA:3644,0
DA:3646,0
DA:3647,0
DA:3652,0
DA:3654,0
DA:3655,0
DA:3656,0
DA:3657,0
DA:3658,0
DA:3659,0
DA:3660,0
DA:3661,0
DA:3662,0
DA:3663,0
DA:3664,0
DA:3665,0
DA:3666,0
DA:3671,4
DA:3672,0
DA:3688,0
DA:3690,0
DA:3691,0
DA:3692,0
DA:3693,0
DA:3694,0
DA:3695,0
DA:3696,0
DA:3697,0
DA:3698,0
DA:3699,0
DA:3700,0
DA:3725,0
DA:3732,0
DA:3733,0
DA:3734,0
DA:3737,0
DA:3738,0
DA:3739,0
DA:3742,0
DA:3743,0
DA:3744,0
DA:3747,0
DA:3748,0
DA:3749,0
DA:3752,0
DA:3753,0
DA:3754,0
DA:3757,0
DA:3758,0
DA:3759,0
DA:3765,0
DA:3772,0
DA:3773,0
DA:3774,0
DA:3777,0
DA:3778,0
DA:3779,0
DA:3782,0
DA:3783,0
DA:3784,0
DA:3787,0
DA:3788,0
DA:3789,0
DA:3792,0
DA:3793,0
DA:3794,0
DA:3797,0
DA:3798,0
DA:3799,0
DA:3805,0
DA:3812,0
DA:3813,0
DA:3815,0
DA:3816,0
DA:3818,0
DA:3819,0
DA:3821,0
DA:3822,0
DA:3824,0
DA:3825,0
DA:3827,0
DA:3828,0
DA:3846,0
DA:3847,0
DA:3848,0
DA:3851,0
DA:3852,0
DA:3853,0
DA:3854,0
DA:3855,0
DA:3856,0
DA:3858,0
DA:3865,0
DA:3874,0
DA:3881,0
DA:3889,0
DA:3890,0
DA:3891,0
DA:3930,0
DA:3937,0
DA:3938,0
DA:3939,0
DA:3942,0
DA:3943,0
DA:3944,0
DA:3947,0
DA:3948,0
DA:3949,0
DA:3952,0
DA:3953,0
DA:3954,0
DA:3960,0
DA:3967,0
DA:3968,0
DA:3969,0
DA:3972,0
DA:3973,0
DA:3974,0
DA:3977,0
DA:3978,0
DA:3979,0
DA:3982,0
DA:3983,0
DA:3984,0
DA:3990,0
DA:3997,0
DA:3998,0
DA:4000,0
DA:4001,0
DA:4003,0
DA:4004,0
DA:4006,0
DA:4007,0
DA:4028,0
DA:4029,0
DA:4030,0
DA:4033,0
DA:4034,0
DA:4035,0
DA:4036,0
DA:4037,0
DA:4038,0
DA:4040,0
DA:4046,0
DA:4054,0
DA:4060,0
DA:4067,0
DA:4068,0
DA:4069,0
DA:4125,0
DA:4132,0
DA:4133,0
DA:4134,0
DA:4137,0
DA:4138,0
DA:4139,0
DA:4142,0
DA:4143,0
DA:4144,0
DA:4147,0
DA:4148,0
DA:4149,0
DA:4152,0
DA:4153,0
DA:4154,0
DA:4157,0
DA:4158,0
DA:4159,0
DA:4162,0
DA:4163,0
DA:4164,0
DA:4167,0
DA:4168,0
DA:4169,0
DA:4172,0
DA:4173,0
DA:4174,0
DA:4177,0
DA:4178,0
DA:4179,0
DA:4182,0
DA:4183,0
DA:4184,0
DA:4190,0
DA:4197,0
DA:4198,0
DA:4199,0
DA:4202,0
DA:4203,0
DA:4204,0
DA:4207,0
DA:4208,0
DA:4209,0
DA:4212,0
DA:4213,0
DA:4214,0
DA:4217,0
DA:4218,0
DA:4219,0
DA:4222,0
DA:4223,0
DA:4224,0
DA:4227,0
DA:4228,0
DA:4229,0
DA:4232,0
DA:4233,0
DA:4234,0
DA:4237,0
DA:4238,0
DA:4239,0
DA:4242,0
DA:4243,0
DA:4244,0
DA:4247,0
DA:4248,0
DA:4249,0
DA:4255,0
DA:4262,0
DA:4263,0
DA:4265,0
DA:4266,0
DA:4268,0
DA:4269,0
DA:4271,0
DA:4272,0
DA:4274,0
DA:4275,0
DA:4277,0
DA:4278,0
DA:4279,0
DA:4282,0
DA:4283,0
DA:4284,0
DA:4287,0
DA:4288,0
DA:4289,0
DA:4292,0
DA:4293,0
DA:4294,0
DA:4297,0
DA:4298,0
DA:4299,0
DA:4302,0
DA:4303,0
DA:4324,0
DA:4325,0
DA:4326,0
DA:4329,0
DA:4330,0
DA:4331,0
DA:4332,0
DA:4333,0
DA:4334,0
DA:4336,0
DA:4349,0
DA:4364,0
DA:4377,0
DA:4391,0
DA:4392,0
DA:4393,0
DA:4437,0
DA:4444,0
DA:4445,0
DA:4446,0
DA:4449,0
DA:4450,0
DA:4451,0
DA:4454,0
DA:4455,0
DA:4456,0
DA:4459,0
DA:4460,0
DA:4461,0
DA:4464,0
DA:4465,0
DA:4466,0
DA:4472,0
DA:4479,0
DA:4480,0
DA:4481,0
DA:4484,0
DA:4485,0
DA:4486,0
DA:4489,0
DA:4490,0
DA:4491,0
DA:4494,0
DA:4495,0
DA:4496,0
DA:4499,0
DA:4500,0
DA:4501,0
DA:4507,0
DA:4514,0
DA:4515,0
DA:4517,0
DA:4518,0
DA:4520,0
DA:4521,0
DA:4523,0
DA:4524,0
DA:4526,0
DA:4527,0
DA:4552,0
DA:4555,0
DA:4556,0
DA:4559,0
DA:4560,0
DA:4561,0
DA:4562,0
DA:4563,0
DA:4564,0
DA:4569,0
DA:4576,0
DA:4585,0
DA:4592,0
DA:4600,0
DA:4601,0
DA:4602,0
DA:4646,0
DA:4653,0
DA:4654,0
DA:4655,0
DA:4658,0
DA:4659,0
DA:4660,0
DA:4663,0
DA:4664,0
DA:4665,0
DA:4668,0
DA:4669,0
DA:4670,0
DA:4673,0
DA:4674,0
DA:4675,0
DA:4681,0
DA:4688,0
DA:4689,0
DA:4690,0
DA:4693,0
DA:4694,0
DA:4695,0
DA:4698,0
DA:4699,0
DA:4700,0
DA:4703,0
DA:4704,0
DA:4705,0
DA:4708,0
DA:4709,0
DA:4710,0
DA:4716,0
DA:4723,0
DA:4724,0
DA:4726,0
DA:4727,0
DA:4728,0
DA:4731,0
DA:4732,0
DA:4734,0
DA:4735,0
DA:4736,0
DA:4739,0
DA:4740,0
DA:4765,0
DA:4768,0
DA:4769,0
DA:4772,0
DA:4773,0
DA:4777,0
DA:4778,0
DA:4782,0
DA:4783,0
[...]
DA:267,0
DA:268,0
DA:270,0
DA:275,0
DA:277,0
DA:279,0
DA:284,0
DA:285,0
DA:286,0
DA:287,0
DA:288,0
DA:292,0
DA:296,0
DA:297,0
DA:298,0
DA:303,0
DA:304,0
DA:305,0
DA:306,0
DA:310,0
DA:313,0
DA:315,0
DA:316,0
DA:322,0
DA:329,0
DA:334,0
DA:335,0
DA:337,0
DA:340,0
DA:341,0
DA:345,0
DA:347,0
DA:348,0
DA:354,0
DA:355,0
DA:357,0
DA:359,0
DA:360,0
DA:362,0
DA:364,0
DA:366,0
DA:368,0
DA:370,0
DA:372,0
LF:160
LH:48
end_of_record
SF:lib\features\topics\presentation\widgets\drawer_item.dart
DA:9,0
DA:16,0
DA:18,0
DA:19,0
DA:20,0
DA:21,0
DA:23,0
DA:25,0
DA:26,0
DA:27,0
DA:28,0
DA:29,0
DA:32,0
DA:34,0
DA:36,0
DA:37,0
DA:38,0
DA:39,0
DA:42,0
DA:45,0
DA:46,0
DA:47,0
DA:49,0
LF:23
LH:0
end_of_record
SF:lib\features\topics\presentation\widgets\topic_card.dart
DA:9,2
DA:14,0
DA:15,0
DA:19,0
DA:23,2
DA:27,2
DA:28,2
DA:29,2
DA:30,2
DA:32,2
DA:35,2
DA:38,2
DA:40,1
DA:41,2
DA:42,2
DA:43,2
DA:46,2
DA:49,4
DA:51,2
DA:52,4
DA:53,8
DA:58,2
DA:59,4
DA:60,2
DA:62,6
DA:64,2
DA:69,2
DA:76,0
DA:79,4
DA:81,2
DA:82,0
DA:84,2
DA:85,2
DA:88,2
DA:92,0
DA:93,0
DA:97,0
DA:98,0
LF:38
LH:29
end_of_record
SF:lib\infra\db\connectors\native.dart
DA:12,2
DA:13,4
DA:16,2
DA:17,2
DA:18,4
DA:21,2
DA:23,4
DA:24,4
DA:27,2
DA:29,0
DA:30,0
DA:31,0
DA:33,0
DA:34,0
DA:35,0
DA:36,0
DA:39,0
LF:17
LH:9
end_of_record
SF:lib\infra\db\localized\db_localized.g.dart
DA:11,0
DA:34,0
DA:35,0
DA:36,0
DA:37,0
DA:38,0
DA:41,0
DA:46,0
DA:47,0
DA:48,0
DA:49,0
DA:51,0
DA:52,0
DA:54,0
DA:57,0
DA:62,0
DA:63,0
DA:64,0
DA:66,0
DA:67,0
DA:68,0
DA:70,0
DA:72,0
DA:74,0
DA:79,0
DA:81,0
DA:88,0
DA:89,0
DA:91,0
DA:92,0
DA:93,0
DA:97,0
DA:98,0
DA:101,0
DA:105,0
DA:106,0
DA:107,0
DA:108,0
DA:111,0
DA:113,0
DA:114,0
DA:115,0
DA:116,0
DA:120,0
DA:121,0
DA:122,0
DA:123,0
DA:124,0
DA:125,0
DA:129,0
DA:131,0
DA:132,0
DA:133,0
DA:134,0
DA:135,0
DA:138,0
DA:139,0
DA:140,0
DA:143,0
DA:149,0
DA:153,0
DA:156,0
DA:157,0
DA:161,0
DA:162,0
DA:163,0
DA:167,0
DA:168,0
DA:171,0
DA:173,0
DA:174,0
DA:175,0
DA:177,0
DA:178,0
DA:183,0
DA:185,0
DA:186,0
DA:187,0
DA:188,0
DA:189,0
DA:197,2
DA:200,4
DA:202,2
DA:240,4
DA:242,2
DA:252,4
DA:254,2
DA:258,2
DA:274,0
DA:275,0
DA:276,0
DA:277,0
DA:278,0
DA:279,0
DA:280,0
DA:281,0
DA:282,0
DA:284,2
DA:285,4
DA:286,2
DA:289,0
DA:294,0
DA:295,0
DA:296,0
DA:297,0
DA:299,0
DA:302,0
DA:304,0
DA:305,0
DA:307,0
DA:310,0
DA:312,0
DA:313,0
DA:315,0
DA:316,0
DA:321,0
DA:323,0
DA:324,0
DA:326,0
DA:329,0
DA:331,0
DA:332,0
DA:334,0
DA:337,0
DA:338,0
DA:340,0
DA:343,0
DA:344,0
DA:346,0
DA:349,0
DA:354,0
DA:355,0
DA:356,0
DA:358,0
DA:359,0
DA:360,0
DA:362,0
DA:364,0
DA:366,0
DA:368,0
DA:370,0
DA:372,0
DA:374,0
DA:376,0
DA:378,0
DA:380,0
DA:382,0
DA:384,0
DA:386,0
DA:391,0
DA:393,0
DA:405,2
DA:414,0
DA:416,0
DA:417,0
DA:418,0
DA:419,0
DA:420,0
DA:421,0
DA:422,0
DA:423,0
DA:427,0
DA:428,0
DA:429,0
DA:430,0
DA:431,0
DA:432,0
DA:433,0
DA:434,0
DA:435,0
DA:439,0
DA:443,0
DA:444,0
DA:445,0
DA:446,0
DA:447,0
DA:448,0
DA:449,0
DA:450,0
DA:451,0
DA:454,0
DA:456,0
DA:457,0
DA:458,0
DA:459,0
DA:460,0
DA:461,0
DA:462,0
DA:463,0
DA:464,0
DA:468,0
DA:476,0
DA:477,0
DA:478,0
DA:479,0
DA:480,0
DA:481,0
DA:482,0
DA:483,0
DA:485,0
DA:486,0
DA:487,0
DA:488,0
DA:489,0
DA:490,0
DA:491,0
DA:492,0
DA:493,0
DA:494,0
DA:495,0
DA:499,0
DA:501,0
DA:502,0
DA:503,0
DA:504,0
DA:505,0
DA:506,0
DA:507,0
DA:508,0
DA:509,0
DA:510,0
DA:513,0
DA:514,0
DA:515,0
DA:516,0
DA:517,0
DA:518,0
DA:519,0
DA:520,0
DA:521,0
DA:523,0
DA:526,0
DA:527,0
DA:528,0
DA:529,0
DA:530,0
DA:531,0
DA:532,0
DA:533,0
DA:545,0
DA:555,0
DA:564,0
DA:565,0
DA:566,0
DA:567,0
DA:568,0
DA:569,0
DA:579,0
DA:580,0
DA:581,0
DA:582,0
DA:583,0
DA:584,0
DA:585,0
DA:586,0
DA:587,0
DA:591,0
DA:601,0
DA:602,0
DA:603,0
DA:604,0
DA:605,0
DA:606,0
DA:607,0
DA:608,0
DA:609,0
DA:613,0
DA:615,0
DA:616,0
DA:617,0
DA:619,0
DA:620,0
DA:622,0
DA:623,0
DA:625,0
DA:626,0
DA:628,0
DA:629,0
DA:631,0
DA:632,0
DA:634,0
DA:635,0
DA:637,0
DA:638,0
DA:643,0
DA:645,0
DA:646,0
DA:647,0
DA:648,0
DA:649,0
DA:650,0
DA:651,0
DA:652,0
DA:653,0
DA:654,0
DA:655,0
DA:664,0
DA:764,0
DA:765,0
DA:766,0
DA:767,0
DA:768,0
DA:769,0
DA:770,0
DA:771,0
DA:772,0
DA:773,0
DA:774,0
DA:776,0
DA:777,0
DA:778,0
DA:781,0
DA:786,0
DA:787,0
DA:788,0
DA:789,0
DA:791,0
DA:794,0
DA:796,0
DA:797,0
DA:799,0
DA:800,0
DA:805,0
DA:807,0
DA:808,0
DA:810,0
DA:813,0
DA:815,0
DA:816,0
DA:818,0
DA:819,0
DA:824,0
DA:826,0
DA:827,0
DA:829,0
DA:830,0
DA:835,0
DA:837,0
DA:838,0
DA:840,0
DA:841,0
DA:846,0
DA:848,0
DA:849,0
DA:851,0
DA:854,0
DA:856,0
DA:857,0
DA:859,0
DA:860,0
DA:865,0
DA:867,0
DA:868,0
DA:870,0
DA:871,0
DA:876,0
DA:881,0
DA:882,0
DA:883,0
DA:885,0
DA:886,0
DA:887,0
DA:889,0
DA:891,0
DA:893,0
DA:895,0
DA:897,0
DA:899,0
DA:901,0
DA:903,0
DA:905,0
DA:907,0
DA:909,0
DA:911,0
DA:913,0
DA:915,0
DA:917,0
DA:919,0
DA:921,0
DA:926,0
DA:928,0
DA:943,0
DA:954,0
DA:956,0
DA:957,0
DA:958,0
DA:959,0
DA:960,0
DA:961,0
DA:962,0
DA:963,0
DA:964,0
DA:965,0
DA:969,0
DA:970,0
DA:971,0
DA:972,0
DA:973,0
DA:974,0
DA:975,0
DA:976,0
DA:977,0
DA:978,0
DA:979,0
DA:983,0
DA:987,0
DA:988,0
DA:989,0
DA:990,0
DA:991,0
DA:992,0
DA:993,0
DA:994,0
DA:995,0
DA:996,0
DA:997,0
DA:999,0
DA:1000,0
DA:1004,0
DA:1006,0
DA:1007,0
DA:1008,0
DA:1009,0
DA:1010,0
DA:1011,0
DA:1012,0
DA:1013,0
DA:1014,0
DA:1015,0
DA:1016,0
DA:1020,0
DA:1030,0
DA:1031,0
DA:1032,0
DA:1033,0
DA:1034,0
DA:1035,0
DA:1036,0
DA:1037,0
DA:1038,0
DA:1039,0
DA:1041,0
DA:1042,0
DA:1043,0
DA:1044,0
DA:1045,0
DA:1046,0
DA:1047,0
DA:1048,0
DA:1049,0
DA:1050,0
DA:1051,0
DA:1052,0
DA:1053,0
DA:1054,0
DA:1055,0
DA:1056,0
DA:1057,0
DA:1058,0
DA:1059,0
DA:1060,0
DA:1061,0
DA:1062,0
DA:1063,0
DA:1067,0
DA:1069,0
DA:1070,0
DA:1071,0
DA:1072,0
DA:1073,0
DA:1074,0
DA:1075,0
DA:1076,0
DA:1077,0
DA:1078,0
DA:1079,0
DA:1080,0
DA:1083,0
DA:1084,0
DA:1085,0
DA:1086,0
DA:1087,0
DA:1088,0
DA:1089,0
DA:1090,0
DA:1091,0
DA:1092,0
DA:1093,0
DA:1095,0
DA:1098,0
DA:1099,0
DA:1100,0
DA:1101,0
DA:1102,0
DA:1103,0
DA:1104,0
DA:1105,0
DA:1106,0
DA:1107,0
DA:1121,0
DA:1133,0
DA:1144,0
DA:1145,0
DA:1146,0
DA:1147,0
DA:1148,0
DA:1149,0
DA:1150,0
DA:1151,0
DA:1152,0
DA:1153,0
DA:1165,0
DA:1166,0
DA:1167,0
DA:1168,0
DA:1169,0
DA:1170,0
DA:1171,0
DA:1172,0
DA:1173,0
DA:1175,0
DA:1176,0
DA:1180,0
DA:1192,0
DA:1193,0
DA:1194,0
DA:1195,0
DA:1196,0
DA:1197,0
DA:1198,0
DA:1199,0
DA:1200,0
DA:1201,0
DA:1202,0
DA:1206,0
DA:1208,0
DA:1209,0
DA:1210,0
DA:1212,0
DA:1213,0
DA:1215,0
DA:1216,0
DA:1218,0
DA:1219,0
DA:1221,0
DA:1222,0
DA:1224,0
DA:1225,0
DA:1227,0
DA:1228,0
DA:1230,0
DA:1231,0
DA:1233,0
DA:1234,0
DA:1235,0
DA:1238,0
DA:1239,0
DA:1244,0
DA:1246,0
DA:1247,0
DA:1248,0
DA:1249,0
DA:1250,0
DA:1251,0
DA:1252,0
DA:1253,0
DA:1254,0
DA:1255,0
DA:1256,0
DA:1257,0
DA:1258,0
DA:1267,0
DA:1297,0
DA:1298,0
DA:1299,0
DA:1300,0
DA:1301,0
DA:1304,0
DA:1309,0
DA:1310,0
DA:1311,0
DA:1312,0
DA:1314,0
DA:1317,0
DA:1319,0
DA:1320,0
DA:1322,0
DA:1325,0
DA:1327,0
DA:1328,0
DA:1330,0
DA:1333,0
DA:1338,0
DA:1339,0
DA:1340,0
DA:1342,0
DA:1343,0
DA:1344,0
DA:1346,0
DA:1348,0
DA:1350,0
DA:1352,0
DA:1354,0
DA:1359,0
DA:1361,0
DA:1370,0
DA:1375,0
DA:1377,0
DA:1378,0
DA:1379,0
DA:1380,0
DA:1384,0
DA:1385,0
DA:1386,0
DA:1387,0
DA:1388,0
DA:1392,0
DA:1396,0
DA:1397,0
DA:1398,0
DA:1399,0
DA:1400,0
DA:1403,0
DA:1405,0
DA:1406,0
DA:1407,0
DA:1408,0
DA:1409,0
DA:1413,0
DA:1417,0
DA:1418,0
DA:1419,0
DA:1420,0
DA:1422,0
DA:1425,0
DA:1426,0
DA:1427,0
DA:1428,0
DA:1432,0
DA:1434,0
DA:1435,0
DA:1436,0
DA:1437,0
DA:1438,0
DA:1439,0
DA:1442,0
DA:1443,0
DA:1444,0
DA:1447,0
DA:1448,0
DA:1449,0
DA:1450,0
DA:1459,0
DA:1465,0
DA:1470,0
DA:1471,0
DA:1472,0
DA:1473,0
DA:1479,0
DA:1480,0
DA:1481,0
DA:1482,0
DA:1483,0
DA:1487,0
DA:1493,0
DA:1494,0
DA:1495,0
DA:1496,0
DA:1497,0
DA:1501,0
DA:1503,0
DA:1504,0
DA:1505,0
DA:1507,0
DA:1508,0
DA:1510,0
DA:1511,0
DA:1513,0
DA:1514,0
DA:1519,0
DA:1521,0
DA:1522,0
DA:1523,0
DA:1524,0
DA:1525,0
DA:1526,0
DA:1527,0
DA:1532,4
DA:1533,0
DA:1535,4
DA:1540,0
DA:1542,0
DA:1543,0
DA:1544,0
DA:1545,0
DA:1546,0
DA:1547,0
DA:1548,0
DA:1559,0
DA:1566,0
DA:1567,0
DA:1568,0
DA:1571,0
DA:1572,0
DA:1573,0
DA:1579,0
DA:1586,0
DA:1587,0
DA:1588,0
DA:1591,0
DA:1592,0
DA:1593,0
DA:1599,0
DA:1606,0
DA:1607,0
DA:1609,0
DA:1610,0
DA:1631,0
DA:1632,0
DA:1633,0
DA:1636,0
DA:1637,0
DA:1638,0
DA:1639,0
DA:1640,0
DA:1641,0
DA:1643,0
DA:1646,0
DA:1648,0
DA:1649,0
DA:1650,0
DA:1651,0
DA:1652,0
DA:1697,0
DA:1704,0
DA:1705,0
DA:1706,0
DA:1709,0
DA:1710,0
DA:1711,0
DA:1714,0
DA:1715,0
DA:1716,0
DA:1719,0
DA:1720,0
DA:1721,0
DA:1724,0
DA:1725,0
DA:1726,0
DA:1729,0
DA:1730,0
DA:1731,0
DA:1734,0
DA:1735,0
DA:1736,0
DA:1742,0
DA:1749,0
DA:1750,0
DA:1751,0
DA:1754,0
DA:1755,0
DA:1756,0
DA:1759,0
DA:1760,0
DA:1761,0
DA:1764,0
DA:1765,0
DA:1766,0
DA:1769,0
DA:1770,0
DA:1771,0
DA:1774,0
DA:1775,0
DA:1776,0
DA:1779,0
DA:1780,0
DA:1781,0
DA:1787,0
DA:1794,0
DA:1795,0
DA:1797,0
DA:1798,0
DA:1800,0
DA:1801,0
DA:1802,0
DA:1805,0
DA:1806,0
DA:1808,0
DA:1809,0
DA:1811,0
DA:1812,0
DA:1814,0
DA:1815,0
DA:1833,0
DA:1834,0
DA:1835,0
DA:1838,0
DA:1839,0
DA:1840,0
DA:1841,0
DA:1842,0
DA:1843,0
DA:1845,0
DA:1854,0
DA:1865,0
DA:1874,0
DA:1884,0
DA:1885,0
DA:1886,0
DA:1935,0
DA:1942,0
DA:1943,0
DA:1944,0
DA:1947,0
DA:1948,0
DA:1949,0
DA:1952,0
DA:1953,0
DA:1954,0
DA:1957,0
DA:1958,0
DA:1959,0
DA:1962,0
DA:1963,0
DA:1964,0
DA:1967,0
DA:1968,0
DA:1969,0
DA:1972,0
DA:1973,0
DA:1974,0
DA:1977,0
DA:1978,0
DA:1979,0
DA:1982,0
DA:1983,0
DA:1984,0
DA:1990,0
DA:1997,0
DA:1998,0
DA:1999,0
DA:2002,0
DA:2003,0
DA:2004,0
DA:2007,0
DA:2008,0
DA:2009,0
DA:2012,0
DA:2013,0
DA:2014,0
DA:2017,0
DA:2018,0
DA:2019,0
DA:2022,0
DA:2023,0
DA:2024,0
DA:2027,0
DA:2028,0
DA:2029,0
DA:2032,0
DA:2033,0
DA:2034,0
DA:2037,0
DA:2038,0
DA:2039,0
DA:2045,0
DA:2052,0
DA:2053,0
DA:2055,0
DA:2056,0
DA:2057,0
DA:2060,0
DA:2061,0
DA:2063,0
DA:2064,0
DA:2065,0
DA:2068,0
DA:2069,0
DA:2070,0
DA:2073,0
DA:2074,0
DA:2075,0
DA:2078,0
DA:2079,0
DA:2081,0
DA:2082,0
DA:2083,0
DA:2086,0
DA:2087,0
DA:2088,0
DA:2114,0
DA:2117,0
DA:2118,0
DA:2121,0
DA:2122,0
DA:2123,0
DA:2124,0
DA:2125,0
DA:2126,0
DA:2131,0
DA:2142,0
DA:2155,0
DA:2166,0
DA:2178,0
DA:2179,0
DA:2180,0
DA:2224,0
DA:2231,0
DA:2232,0
DA:2233,0
DA:2236,0
DA:2237,0
DA:2238,0
DA:2241,0
DA:2242,0
DA:2243,0
DA:2249,0
DA:2256,0
DA:2257,0
DA:2258,0
DA:2261,0
DA:2262,0
DA:2263,0
DA:2266,0
DA:2267,0
DA:2268,0
DA:2274,0
DA:2281,0
DA:2282,0
DA:2284,0
DA:2285,0
DA:2287,0
DA:2288,0
DA:2313,0
DA:2316,0
DA:2317,0
DA:2320,0
DA:2321,0
DA:2325,0
DA:2326,0
DA:2330,0
DA:2331,0
DA:2336,0
DA:2341,0
DA:2348,0
DA:2353,0
DA:2359,0
DA:2360,0
DA:2361,0
DA:2391,0
DA:2392,0
DA:2393,0
DA:2394,0
DA:2395,0
DA:2396,0
DA:2397,0
DA:2398,0
DA:2399,0
DA:2400,0
DA:2401,0
LF:960
LH:14
end_of_record
SF:lib\infra\db\localized\db_localized.dart
DA:6,0
DA:7,0
DA:11,0
DA:12,0
DA:13,0
DA:14,0
DA:15,0
DA:16,0
DA:17,0
DA:18,0
DA:19,0
DA:21,0
DA:22,0
DA:26,0
DA:27,0
DA:28,0
DA:29,0
DA:30,0
DA:31,0
DA:32,0
DA:33,0
DA:34,0
DA:36,0
DA:37,0
DA:41,0
DA:42,0
DA:43,0
DA:45,0
DA:46,0
DA:53,4
DA:55,0
DA:58,0
DA:59,0
DA:60,0
DA:61,0
DA:63,0
DA:64,0
DA:66,0
DA:72,0
DA:83,0
DA:96,0
DA:116,0
DA:134,0
DA:135,0
DA:137,0
DA:138,0
DA:151,0
LF:47
LH:1
end_of_record
SF:lib\infra\db\runtime\gateways\lexicon_database_gateway.dart
DA:21,8
DA:22,4
DA:24,4
DA:25,4
DA:28,4
DA:34,3
DA:35,6
DA:37,0
DA:38,0
DA:40,0
DA:41,0
DA:43,0
DA:44,0
DA:46,0
DA:48,0
DA:49,0
DA:52,0
DA:54,0
DA:55,0
DA:58,0
DA:59,0
DA:60,0
DA:61,0
DA:64,0
DA:65,0
DA:67,0
DA:68,0
DA:69,0
DA:70,0
LF:29
LH:7
end_of_record
SF:lib\infra\db\runtime\gateways\primary_sources_database_gateway.dart
DA:36,16
DA:37,8
DA:39,8
DA:40,8
DA:43,8
DA:57,1
DA:58,2
DA:60,1
DA:61,1
DA:63,1
DA:65,1
DA:67,1
DA:69,1
DA:71,1
DA:73,1
DA:75,1
DA:77,1
DA:79,1
DA:81,1
DA:83,1
DA:85,1
DA:87,1
DA:89,1
DA:91,0
DA:93,0
DA:94,0
DA:97,0
DA:99,0
DA:100,0
DA:103,0
DA:105,0
DA:108,0
DA:109,0
DA:110,0
DA:111,0
DA:112,0
DA:115,0
DA:116,0
DA:117,0
DA:118,0
DA:119,0
DA:120,0
DA:121,0
DA:122,0
DA:123,0
DA:124,0
DA:127,0
DA:128,0
DA:129,0
DA:130,0
DA:132,0
DA:133,0
DA:134,0
DA:135,0
DA:137,0
DA:138,0
DA:139,0
DA:140,0
DA:141,0
DA:143,0
DA:144,0
DA:145,0
DA:146,0
DA:148,0
DA:149,0
DA:150,0
DA:151,0
DA:153,0
DA:154,0
DA:155,0
DA:156,0
DA:158,0
DA:159,0
DA:160,0
DA:161,0
DA:163,0
DA:164,0
DA:165,0
DA:166,0
DA:167,0
LF:80
LH:23
end_of_record
SF:lib\infra\db\runtime\gateways\articles_database_gateway.dart
DA:26,8
DA:27,4
DA:29,4
DA:30,4
DA:33,4
DA:37,0
DA:38,0
DA:40,0
DA:41,0
DA:43,0
DA:45,0
DA:48,2
DA:50,4
DA:53,2
DA:57,4
DA:60,12
DA:61,4
DA:62,6
DA:63,6
DA:66,8
DA:68,2
DA:71,1
DA:73,3
DA:76,6
DA:77,4
DA:78,1
DA:79,0
DA:82,0
DA:84,0
DA:85,0
DA:87,0
DA:88,0
DA:89,0
DA:92,0
DA:94,0
DA:95,0
DA:97,0
DA:98,0
DA:99,0
DA:100,0
LF:40
LH:20
end_of_record
SF:lib\infra\db\runtime\db_manager.dart
DA:8,27
DA:9,9
DA:11,9
DA:12,9
DA:19,0
DA:20,4
DA:21,0
DA:22,10
DA:24,2
DA:25,4
DA:26,2
DA:27,0
DA:30,0
DA:33,2
DA:34,4
DA:35,6
DA:36,2
DA:37,8
DA:40,2
DA:41,4
DA:42,0
DA:44,2
DA:45,2
DA:48,2
DA:49,0
DA:50,0
DA:51,0
DA:52,0
LF:28
LH:19
end_of_record
SF:lib\l10n\app_localizations_en.dart
DA:9,40
DA:11,3
DA:14,1
DA:17,1
DA:20,1
DA:23,1
DA:26,1
DA:29,1
DA:32,1
DA:35,1
DA:38,1
DA:41,1
DA:45,1
DA:49,1
DA:52,1
DA:56,1
DA:59,0
DA:63,0
DA:67,1
DA:70,0
DA:73,2
DA:76,0
DA:79,0
DA:82,2
DA:85,2
DA:88,2
DA:91,2
DA:94,1
DA:97,1
DA:100,2
DA:103,2
DA:106,2
DA:109,2
DA:112,2
DA:115,2
DA:118,2
DA:121,2
DA:124,0
DA:126,0
DA:129,0
DA:132,0
DA:135,1
DA:138,2
DA:141,1
DA:144,1
DA:147,1
DA:150,0
DA:153,0
DA:156,0
DA:159,0
DA:162,0
DA:165,2
DA:168,2
DA:171,2
DA:174,2
DA:177,2
DA:180,2
DA:183,2
DA:186,2
DA:189,2
DA:192,2
DA:195,3
DA:198,1
DA:201,2
DA:204,1
DA:207,1
DA:210,1
DA:213,1
DA:216,2
DA:219,1
DA:222,1
DA:225,0
DA:228,0
DA:231,0
DA:234,2
DA:237,2
DA:240,1
DA:243,2
DA:246,2
DA:250,2
DA:254,2
DA:257,0
DA:260,1
DA:263,0
DA:266,1
DA:270,0
DA:273,0
DA:277,1
DA:280,0
DA:283,0
DA:286,0
DA:289,1
DA:292,1
DA:295,1
DA:298,0
DA:301,0
DA:304,0
DA:307,0
DA:310,0
DA:313,0
DA:316,0
DA:319,0
DA:322,0
DA:325,1
DA:328,0
DA:331,0
DA:334,0
DA:337,0
DA:340,0
DA:343,0
DA:346,0
DA:350,0
DA:353,0
DA:357,0
DA:360,0
DA:364,1
DA:367,1
DA:370,1
DA:373,1
DA:376,1
DA:379,0
DA:383,1
DA:386,0
DA:389,0
DA:392,0
DA:395,1
DA:399,0
DA:402,0
DA:405,0
DA:408,0
DA:411,0
DA:414,0
DA:417,0
DA:420,0
DA:423,0
DA:426,0
DA:429,0
DA:432,0
DA:435,0
DA:438,0
DA:441,0
DA:444,0
DA:447,0
DA:450,0
DA:453,0
DA:456,0
DA:459,0
DA:462,0
DA:465,0
DA:468,0
DA:471,0
DA:474,0
DA:477,0
DA:480,0
DA:483,0
DA:486,0
DA:489,0
DA:492,0
DA:495,0
DA:498,0
DA:501,0
DA:504,0
DA:507,0
DA:510,0
DA:513,0
DA:516,0
DA:519,0
DA:522,0
DA:525,0
DA:528,0
DA:531,0
DA:534,0
DA:537,0
DA:540,0
DA:543,0
DA:546,0
DA:549,0
LF:177
LH:78
end_of_record
SF:lib\l10n\app_localizations_es.dart
DA:9,0
DA:11,0
DA:14,0
DA:17,0
DA:20,0
DA:23,0
DA:26,0
DA:29,0
DA:32,0
DA:35,0
DA:38,0
DA:41,0
DA:45,0
DA:49,0
DA:52,0
DA:56,0
DA:59,0
DA:63,0
DA:67,0
DA:70,0
DA:73,0
DA:76,0
DA:79,0
DA:82,0
DA:85,0
DA:88,0
DA:91,0
DA:94,0
DA:97,0
DA:100,0
DA:103,0
DA:106,0
DA:109,0
DA:112,0
DA:115,0
DA:118,0
DA:121,0
DA:124,0
DA:126,0
DA:129,0
DA:132,0
DA:135,0
DA:138,0
DA:141,0
DA:145,0
DA:148,0
DA:151,0
DA:154,0
DA:157,0
DA:160,0
DA:163,0
DA:166,0
DA:169,0
DA:172,0
DA:175,0
DA:178,0
DA:181,0
DA:184,0
DA:187,0
DA:190,0
DA:193,0
DA:196,0
DA:199,0
DA:202,0
DA:205,0
DA:208,0
DA:211,0
DA:214,0
DA:217,0
DA:220,0
DA:223,0
DA:226,0
DA:229,0
DA:232,0
DA:235,0
DA:238,0
DA:241,0
DA:244,0
DA:247,0
DA:251,0
DA:255,0
DA:258,0
DA:261,0
DA:264,0
DA:267,0
DA:271,0
DA:274,0
DA:278,0
DA:281,0
DA:284,0
DA:287,0
DA:290,0
DA:293,0
DA:296,0
DA:299,0
DA:302,0
DA:305,0
DA:308,0
DA:311,0
DA:314,0
DA:317,0
DA:320,0
DA:323,0
DA:326,0
DA:329,0
DA:332,0
DA:335,0
DA:338,0
DA:341,0
DA:344,0
DA:347,0
DA:351,0
DA:354,0
DA:358,0
DA:361,0
DA:365,0
DA:368,0
DA:371,0
DA:374,0
DA:377,0
DA:380,0
DA:384,0
DA:387,0
DA:390,0
DA:393,0
DA:396,0
DA:400,0
DA:403,0
DA:406,0
DA:409,0
DA:412,0
DA:415,0
DA:418,0
DA:421,0
DA:424,0
DA:427,0
DA:430,0
DA:433,0
DA:436,0
DA:439,0
DA:442,0
DA:445,0
DA:448,0
DA:451,0
DA:454,0
DA:457,0
DA:460,0
DA:463,0
DA:466,0
DA:469,0
DA:472,0
DA:475,0
DA:478,0
DA:481,0
DA:484,0
DA:487,0
DA:490,0
DA:493,0
DA:496,0
DA:499,0
DA:502,0
DA:505,0
DA:508,0
DA:511,0
DA:514,0
DA:517,0
DA:520,0
DA:523,0
DA:526,0
DA:529,0
DA:532,0
DA:535,0
DA:538,0
DA:541,0
DA:544,0
DA:547,0
DA:550,0
LF:177
LH:0
end_of_record
SF:lib\l10n\app_localizations_ru.dart
DA:9,0
DA:11,0
DA:14,0
DA:17,0
DA:20,0
DA:23,0
DA:26,0
DA:29,0
DA:32,0
DA:35,0
DA:38,0
DA:41,0
DA:45,0
DA:49,0
DA:52,0
DA:56,0
DA:59,0
DA:63,0
DA:67,0
DA:70,0
DA:73,0
DA:76,0
DA:79,0
DA:82,0
DA:85,0
DA:88,0
DA:91,0
DA:94,0
DA:97,0
DA:100,0
DA:103,0
DA:106,0
DA:109,0
DA:112,0
DA:115,0
DA:118,0
DA:121,0
DA:124,0
DA:126,0
DA:129,0
DA:132,0
DA:135,0
DA:138,0
DA:141,0
DA:144,0
DA:147,0
DA:150,0
DA:153,0
DA:156,0
DA:159,0
DA:162,0
DA:165,0
DA:168,0
DA:171,0
DA:174,0
DA:177,0
DA:180,0
DA:183,0
DA:186,0
DA:189,0
DA:192,0
DA:195,0
DA:198,0
DA:201,0
DA:204,0
DA:207,0
DA:210,0
DA:213,0
DA:216,0
DA:219,0
DA:222,0
DA:225,0
DA:228,0
DA:231,0
DA:234,0
DA:237,0
DA:240,0
DA:243,0
DA:246,0
DA:250,0
DA:254,0
DA:257,0
DA:260,0
DA:263,0
DA:266,0
DA:270,0
DA:273,0
DA:277,0
DA:280,0
DA:283,0
DA:286,0
DA:289,0
DA:292,0
DA:295,0
DA:298,0
DA:301,0
DA:304,0
DA:307,0
DA:310,0
DA:313,0
DA:316,0
DA:319,0
DA:322,0
DA:325,0
DA:328,0
DA:331,0
DA:334,0
DA:337,0
DA:340,0
DA:343,0
DA:346,0
DA:350,0
DA:353,0
DA:357,0
DA:360,0
DA:364,0
DA:367,0
DA:370,0
DA:373,0
DA:376,0
DA:379,0
DA:382,0
DA:385,0
DA:388,0
DA:391,0
DA:394,0
DA:398,0
DA:401,0
DA:405,0
DA:408,0
DA:411,0
DA:414,0
DA:417,0
DA:420,0
DA:423,0
DA:426,0
DA:429,0
DA:432,0
DA:435,0
DA:438,0
DA:441,0
DA:444,0
DA:447,0
DA:450,0
DA:453,0
DA:456,0
DA:459,0
DA:462,0
DA:465,0
DA:468,0
DA:471,0
DA:474,0
DA:477,0
DA:480,0
DA:483,0
DA:486,0
DA:489,0
DA:492,0
DA:495,0
DA:498,0
DA:501,0
DA:504,0
DA:507,0
DA:510,0
DA:513,0
DA:516,0
DA:519,0
DA:522,0
DA:525,0
DA:528,0
DA:531,0
DA:534,0
DA:537,0
DA:540,0
DA:543,0
DA:546,0
DA:549,0
LF:177
LH:0
end_of_record
SF:lib\l10n\app_localizations_uk.dart
DA:9,0
DA:11,0
DA:14,0
DA:17,0
DA:20,0
DA:23,0
DA:26,0
DA:29,0
DA:32,0
DA:35,0
DA:38,0
DA:41,0
DA:45,0
DA:49,0
DA:52,0
DA:56,0
DA:59,0
DA:63,0
DA:67,0
DA:70,0
DA:73,0
DA:76,0
DA:79,0
DA:82,0
DA:85,0
DA:88,0
DA:91,0
DA:94,0
DA:97,0
DA:100,0
DA:103,0
DA:106,0
DA:109,0
DA:112,0
DA:115,0
DA:118,0
DA:121,0
DA:124,0
DA:126,0
DA:129,0
DA:132,0
DA:135,0
DA:139,0
DA:142,0
DA:146,0
DA:149,0
DA:152,0
DA:155,0
DA:158,0
DA:161,0
DA:164,0
DA:167,0
DA:170,0
DA:173,0
DA:176,0
DA:179,0
DA:182,0
DA:185,0
DA:188,0
DA:191,0
DA:194,0
DA:197,0
DA:200,0
DA:203,0
DA:206,0
DA:209,0
DA:212,0
DA:215,0
DA:218,0
DA:221,0
DA:224,0
DA:227,0
DA:230,0
DA:233,0
DA:236,0
DA:239,0
DA:242,0
DA:245,0
DA:248,0
DA:252,0
DA:256,0
DA:259,0
DA:262,0
DA:265,0
DA:268,0
DA:272,0
DA:275,0
DA:279,0
DA:282,0
DA:285,0
DA:288,0
DA:291,0
DA:294,0
DA:297,0
DA:300,0
DA:303,0
DA:306,0
DA:309,0
DA:312,0
DA:315,0
DA:318,0
DA:321,0
DA:324,0
DA:327,0
DA:330,0
DA:333,0
DA:336,0
DA:339,0
DA:342,0
DA:345,0
DA:348,0
DA:352,0
DA:355,0
DA:359,0
DA:362,0
DA:366,0
DA:369,0
DA:372,0
DA:375,0
DA:378,0
DA:381,0
DA:384,0
DA:387,0
DA:390,0
DA:393,0
DA:396,0
DA:400,0
DA:403,0
DA:407,0
DA:410,0
DA:413,0
DA:416,0
DA:419,0
DA:422,0
DA:425,0
DA:428,0
DA:431,0
DA:434,0
DA:437,0
DA:440,0
DA:443,0
DA:446,0
DA:449,0
DA:452,0
DA:455,0
DA:458,0
DA:461,0
DA:464,0
DA:467,0
DA:470,0
DA:473,0
DA:476,0
DA:479,0
DA:482,0
DA:485,0
DA:488,0
DA:491,0
DA:494,0
DA:497,0
DA:500,0
DA:503,0
DA:506,0
DA:509,0
DA:512,0
DA:515,0
DA:518,0
DA:521,0
DA:524,0
DA:527,0
DA:530,0
DA:533,0
DA:536,0
DA:539,0
DA:542,0
DA:545,0
DA:548,0
DA:551,0
LF:177
LH:0
end_of_record
SF:lib\main.dart
DA:17,0
DA:18,0
DA:19,0
DA:21,0
DA:22,0
DA:24,0
DA:25,0
DA:26,0
DA:27,0
DA:29,0
DA:30,0
DA:31,0
DA:36,0
DA:37,0
DA:43,1
DA:45,1
DA:47,1
DA:48,3
DA:50,2
DA:51,2
DA:52,1
DA:54,1
DA:56,1
DA:57,1
DA:59,2
DA:60,2
DA:61,2
DA:76,1
DA:77,1
DA:87,1
DA:88,2
DA:89,1
DA:90,0
LF:33
LH:18
end_of_record
SF:lib\core\logging\app_bloc_observer.dart
DA:9,1
DA:16,1
DA:18,1
DA:19,1
DA:20,4
DA:24,1
DA:26,1
DA:27,4
DA:29,1
DA:32,1
DA:35,2
DA:36,2
DA:37,4
DA:40,1
DA:43,1
DA:45,1
DA:46,2
DA:47,5
DA:50,1
DA:53,1
DA:55,4
DA:56,1
DA:59,1
DA:61,1
DA:62,4
DA:64,1
LF:26
LH:26
end_of_record
SF:lib\core\logging\app_logger_formatter.dart
DA:4,1
DA:6,1
DA:8,2
DA:9,4
DA:10,1
DA:11,2
DA:13,1
DA:14,5
DA:15,1
LF:9
LH:9
end_of_record
